12:00:32.996 [main                     ] DEBUG GameApplication      - Logger initialized
12:00:33.025 [main                     ] DEBUG GameApplication      - Logging settings
Title: Untitled
Version: 0.0
Width: 1280
Height: 720
Fullscreen: false
Intro: false
Menus: false
Profiling: false
Single step:false
App Mode: DEVELOPER
Menu Key: ESCAPE
Stage Style: DECORATED
Scene Factory: class com.almasb.fxgl.app.SceneFactory
Dialog Factory: class com.almasb.fxgl.ui.FXGLDialogFactory
UI Factory: class com.almasb.fxgl.ui.FXGLUIFactory

12:00:33.369 [JavaFX Application Thread] DEBUG Engine               - Initializing FXGL
12:00:33.370 [JavaFX Application Thread] INFO  Engine               - FXGL-11.7 (05.01.2020 09.37) on WINDOWS (J:11.0.4 FX:11.0.1)
12:00:33.370 [JavaFX Application Thread] INFO  Engine               - Source code and latest versions at: https://github.com/AlmasB/FXGL
12:00:33.370 [JavaFX Application Thread] INFO  Engine               -              Join the FXGL chat at: https://gitter.im/AlmasB/FXGL
12:00:33.371 [JavaFX Application Thread] DEBUG Engine               - Initializing environment variables
12:00:33.373 [JavaFX Application Thread] DEBUG Engine               - Logging environment variables
12:00:33.374 [JavaFX Application Thread] DEBUG Engine               - achievements: []
12:00:33.374 [JavaFX Application Thread] DEBUG Engine               - sceneStack: com.almasb.fxgl.app.Engine@438b36e5
12:00:33.374 [JavaFX Application Thread] DEBUG Engine               - language: ObjectProperty [value: ENGLISH]
12:00:33.374 [JavaFX Application Thread] DEBUG Engine               - isCloseConfirmation: false
12:00:33.374 [JavaFX Application Thread] DEBUG Engine               - isProfilingEnabled: false
12:00:33.374 [JavaFX Application Thread] DEBUG Engine               - soundNotification: core/notification.wav
12:00:33.375 [JavaFX Application Thread] DEBUG Engine               - devShowBBoxProperty: BooleanProperty [value: false]
12:00:33.376 [JavaFX Application Thread] DEBUG Engine               - pixelsPerMeter: 50.0
12:00:33.376 [JavaFX Application Thread] DEBUG Engine               - overlayRoot: Group@5e4a4f78
12:00:33.376 [JavaFX Application Thread] DEBUG Engine               - appIcon: fxgl_icon.png
12:00:33.376 [JavaFX Application Thread] DEBUG Engine               - soundMenuBack: menu/back.wav
12:00:33.376 [JavaFX Application Thread] DEBUG Engine               - isFullScreenAllowed: false
12:00:33.377 [JavaFX Application Thread] DEBUG Engine               - isIntroEnabled: false
12:00:33.377 [JavaFX Application Thread] DEBUG Engine               - eventBus: com.almasb.fxgl.event.EventBus@75eb49be
12:00:33.377 [JavaFX Application Thread] DEBUG Engine               - fontMono: lucida_console.ttf
12:00:33.377 [JavaFX Application Thread] DEBUG Engine               - soundMenuSelect: menu/select.wav
12:00:33.377 [JavaFX Application Thread] DEBUG Engine               - isWindows: true
12:00:33.377 [JavaFX Application Thread] DEBUG Engine               - isMobile: false
12:00:33.377 [JavaFX Application Thread] DEBUG Engine               - height: 720
12:00:33.378 [JavaFX Application Thread] DEBUG Engine               - isExperimentalNative: false
12:00:33.378 [JavaFX Application Thread] DEBUG Engine               - isSingleStep: false
12:00:33.378 [JavaFX Application Thread] DEBUG Engine               - cSSList: [fxgl_dark.css]
12:00:33.378 [JavaFX Application Thread] DEBUG Engine               - fontGame: Abel-Regular.ttf
12:00:33.378 [JavaFX Application Thread] DEBUG Engine               - menuKey: ESCAPE
12:00:33.378 [JavaFX Application Thread] DEBUG Engine               - devShowPositionProperty: BooleanProperty [value: false]
12:00:33.378 [JavaFX Application Thread] DEBUG Engine               - versionCheckDays: 7
12:00:33.378 [JavaFX Application Thread] DEBUG Engine               - masterTimer: com.almasb.fxgl.time.Timer@6f4d75f8
12:00:33.378 [JavaFX Application Thread] DEBUG Engine               - configClass: Optional.empty
12:00:33.379 [JavaFX Application Thread] DEBUG Engine               - isFullScreenFromStart: false
12:00:33.379 [JavaFX Application Thread] DEBUG Engine               - version: 0.0
12:00:33.379 [JavaFX Application Thread] DEBUG Engine               - fullScreen: BooleanProperty [value: false]
12:00:33.379 [JavaFX Application Thread] DEBUG Engine               - randomSeed: -1
12:00:33.379 [JavaFX Application Thread] DEBUG Engine               - dialogFactory: com.almasb.fxgl.ui.FXGLDialogFactory@79062ff0
12:00:33.379 [JavaFX Application Thread] DEBUG Engine               - applicationMode: DEVELOPER
12:00:33.379 [JavaFX Application Thread] DEBUG Engine               - isMac: false
12:00:33.379 [JavaFX Application Thread] DEBUG Engine               - urlGoogleForms: https://goo.gl/forms/6wrMnOBxTE1fEpOy2
12:00:33.380 [JavaFX Application Thread] DEBUG Engine               - isMenuEnabled: false
12:00:33.380 [JavaFX Application Thread] DEBUG Engine               - urlPOM: https://raw.githubusercontent.com/AlmasB/FXGL/master/pom.xml
12:00:33.380 [JavaFX Application Thread] DEBUG Engine               - profileName: user.profile
12:00:33.380 [JavaFX Application Thread] DEBUG Engine               - notificationViewClass: class com.almasb.fxgl.notification.view.XboxNotificationView
12:00:33.380 [JavaFX Application Thread] DEBUG Engine               - devSensorColorProperty: ObjectProperty [value: 0xffff00ff]
12:00:33.380 [JavaFX Application Thread] DEBUG Engine               - sceneFactory: com.almasb.fxgl.app.SceneFactory@75bb9e27
12:00:33.380 [JavaFX Application Thread] DEBUG Engine               - dataFileExt: .dat
12:00:33.380 [JavaFX Application Thread] DEBUG Engine               - stageStyle: DECORATED
12:00:33.380 [JavaFX Application Thread] DEBUG Engine               - isManualResizeEnabled: false
12:00:33.381 [JavaFX Application Thread] DEBUG Engine               - title: Untitled
12:00:33.381 [JavaFX Application Thread] DEBUG Engine               - platform: WINDOWS
12:00:33.381 [JavaFX Application Thread] DEBUG Engine               - devBBoxColorProperty: ObjectProperty [value: 0xff0000ff]
12:00:33.381 [JavaFX Application Thread] DEBUG Engine               - isDesktop: true
12:00:33.381 [JavaFX Application Thread] DEBUG Engine               - credits: []
12:00:33.381 [JavaFX Application Thread] DEBUG Engine               - globalMusicVolumeProperty: DoubleProperty [value: 0.5]
12:00:33.381 [JavaFX Application Thread] DEBUG Engine               - uIFactory: com.almasb.fxgl.ui.FXGLUIFactory@5ab29f97
12:00:33.381 [JavaFX Application Thread] DEBUG Engine               - isPreserveResizeRatio: false
12:00:33.381 [JavaFX Application Thread] DEBUG Engine               - fontText: Courier-Prime.ttf
12:00:33.382 [JavaFX Application Thread] DEBUG Engine               - isExperimentalTiledLargeMap: false
12:00:33.382 [JavaFX Application Thread] DEBUG Engine               - secondsIn24h: 60
12:00:33.382 [JavaFX Application Thread] DEBUG Engine               - runtimeInfo: RuntimeInfo(platform=WINDOWS, version=11.7, build=05.01.2020 09.37)
12:00:33.382 [JavaFX Application Thread] DEBUG Engine               - isLinux: false
12:00:33.382 [JavaFX Application Thread] DEBUG Engine               - soundMenuPress: menu/press.wav
12:00:33.382 [JavaFX Application Thread] DEBUG Engine               - urlGithub: https://github.com/AlmasB/FXGL
12:00:33.382 [JavaFX Application Thread] DEBUG Engine               - profileDir: profiles/
12:00:33.382 [JavaFX Application Thread] DEBUG Engine               - isDeveloperMenuEnabled: false
12:00:33.382 [JavaFX Application Thread] DEBUG Engine               - globalSoundVolumeProperty: DoubleProperty [value: 0.5]
12:00:33.382 [JavaFX Application Thread] DEBUG Engine               - isBrowser: false
12:00:33.382 [JavaFX Application Thread] DEBUG Engine               - globalSoundVolume: 0.5
12:00:33.383 [JavaFX Application Thread] DEBUG Engine               - urlLeaderboard: http://fxgl-top.herokuapp.com/
12:00:33.383 [JavaFX Application Thread] DEBUG Engine               - saveDir: saves/
12:00:33.383 [JavaFX Application Thread] DEBUG Engine               - engineServices: [class com.almasb.fxgl.audio.AudioPlayer, class com.almasb.fxgl.notification.impl.NotificationServiceProvider, class com.almasb.fxgl.achievement.AchievementManager, class com.almasb.fxgl.cutscene.CutsceneService, class com.almasb.fxgl.minigames.MiniGameService]
12:00:33.383 [JavaFX Application Thread] DEBUG Engine               - globalMusicVolume: 0.5
12:00:33.383 [JavaFX Application Thread] DEBUG Engine               - width: 1280
12:00:33.383 [JavaFX Application Thread] DEBUG Engine               - saveFileExt: .sav
12:00:33.383 [JavaFX Application Thread] DEBUG Engine               - isAndroid: false
12:00:33.383 [JavaFX Application Thread] DEBUG Engine               - fontUI: VarelaRound-Regular.ttf
12:00:33.383 [JavaFX Application Thread] DEBUG Engine               - enabledMenuItems: []
12:00:33.384 [JavaFX Application Thread] DEBUG Engine               - isIOS: false
12:00:33.386 [JavaFX Application Thread] DEBUG Engine               - Adding new engine service: class com.almasb.fxgl.audio.AudioPlayer
12:00:33.388 [JavaFX Application Thread] DEBUG Engine               - Adding new engine service: class com.almasb.fxgl.notification.impl.NotificationServiceProvider
12:00:33.388 [JavaFX Application Thread] DEBUG Engine               - Adding new engine service: class com.almasb.fxgl.achievement.AchievementManager
12:00:33.389 [JavaFX Application Thread] DEBUG Engine               - Adding new engine service: class com.almasb.fxgl.cutscene.CutsceneService
12:00:33.389 [JavaFX Application Thread] DEBUG Engine               - Adding new engine service: class com.almasb.fxgl.minigames.MiniGameService
12:00:33.392 [JavaFX Application Thread] DEBUG Engine               - Loading localizations
12:00:33.401 [JavaFX Application Thread] DEBUG AssetLoader          - Loading from file system: /assets/properties/languages/english.properties
12:00:33.404 [JavaFX Application Thread] DEBUG AssetLoader          - Loading from file system: /assets/properties/languages/french.properties
12:00:33.405 [JavaFX Application Thread] DEBUG AssetLoader          - Loading from file system: /assets/properties/languages/german.properties
12:00:33.407 [JavaFX Application Thread] DEBUG AssetLoader          - Loading from file system: /assets/properties/languages/russian.properties
12:00:33.408 [JavaFX Application Thread] DEBUG AssetLoader          - Loading from file system: /assets/properties/languages/hungarian.properties
12:00:33.410 [JavaFX Application Thread] DEBUG Engine               - Registering font factories
12:00:33.411 [JavaFX Application Thread] DEBUG AssetLoader          - Loading from file system: /assets/ui/fonts/VarelaRound-Regular.ttf
12:00:33.551 [JavaFX Application Thread] DEBUG AssetLoader          - Loading from file system: /assets/ui/fonts/Abel-Regular.ttf
12:00:33.560 [JavaFX Application Thread] DEBUG AssetLoader          - Loading from file system: /assets/ui/fonts/lucida_console.ttf
12:00:33.570 [JavaFX Application Thread] DEBUG AssetLoader          - Loading from file system: /assets/ui/fonts/Courier-Prime.ttf
12:00:33.580 [JavaFX Application Thread] DEBUG Engine               - Setting UI factory
12:00:33.668 [JavaFX Application Thread] DEBUG AssetLoader          - Loading from file system: /assets/textures/fxgl_logo.png
12:00:33.723 [JavaFX Application Thread] DEBUG MainWindow           - Creating a JavaFX scene
12:00:33.765 [JavaFX Application Thread] DEBUG MainWindow           - Target settings size: 1280.0 x 720.0
12:00:33.765 [JavaFX Application Thread] DEBUG MainWindow           - Scaled scene size:    1280.0 x 720.0
12:00:33.765 [JavaFX Application Thread] DEBUG MainWindow           - Scaled ratio: (1.0, 1.0)
12:00:33.766 [JavaFX Application Thread] DEBUG MainWindow           - Set initial scene to FXGLStartupScene
12:00:33.773 [JavaFX Application Thread] DEBUG AssetLoader          - Loading from file system: /assets/textures/fxgl_icon.png
12:00:33.787 [JavaFX Application Thread] DEBUG Engine               - Applying CSS: fxgl_dark.css
12:00:33.787 [JavaFX Application Thread] DEBUG AssetLoader          - Loading from file system: /assets/ui/css/fxgl_dark.css
12:00:33.790 [JavaFX Application Thread] DEBUG AssetLoader          - Loading from file system: /assets/ui/cursors/fxgl_default.png
12:00:33.791 [JavaFX Application Thread] DEBUG MainWindow           - Opening main window
12:00:33.919 [JavaFX Application Thread] DEBUG MainWindow           - Window border size: (16.0, 39.0)
12:00:33.919 [JavaFX Application Thread] DEBUG MainWindow           - Scaled size: 1280.0 x 720.0
12:00:33.919 [JavaFX Application Thread] DEBUG MainWindow           - Scaled ratio: (1.0, 1.0)
12:00:33.919 [JavaFX Application Thread] DEBUG MainWindow           - Scene size: 1280.0 x 720.0
12:00:33.919 [JavaFX Application Thread] DEBUG MainWindow           - Stage size: 1296.0 x 759.0
12:00:33.929 [FXGL Background Thread 1 ] DEBUG FS                   - Loaded FSServiceImpl
12:00:33.929 [FXGL Background Thread 1 ] DEBUG Engine               - Loading FXGL system data
12:00:33.939 [FXGL Background Thread 1 ] DEBUG FSServiceImpl        - Reading from: D:\Users\fvarrui\GitHub\SwordRunner\system\fxgl.bundle
12:00:33.949 [FXGL Background Thread 1 ] DEBUG Engine               - Bundle FXGL: {}
12:00:33.949 [FXGL Background Thread 1 ] DEBUG Engine               - Initializing application scenes
12:00:33.986 [FXGL Background Thread 1 ] DEBUG GameWorld            - Game world initialized
12:00:34.033 [FXGL Background Thread 1 ] DEBUG PhysicsWorld         - Physics world initialized: appHeight=720, physics.ppm=50,0
12:00:34.035 [FXGL Background Thread 1 ] DEBUG GameScene            - Game scene initialized: 1280x720
12:00:34.070 [FXGL Background Thread 1 ] DEBUG Input                - Registered new binding: Resume - Esc
12:00:34.071 [FXGL Background Thread 1 ] DEBUG AssetLoader          - Loading from file system: /assets/textures/pause_menu_bg.png
12:00:34.098 [FXGL Background Thread 1 ] DEBUG Input                - Registered new binding: Pause - Esc
12:00:34.098 [FXGL Background Thread 1 ] DEBUG Engine               - Application scenes initialized
12:00:34.103 [JavaFX Application Thread] DEBUG Engine               - Running preInit()
12:00:34.103 [JavaFX Application Thread] DEBUG Input                - Registered new binding: Left - A
12:00:34.103 [JavaFX Application Thread] DEBUG Input                - Registered new binding: Right - D
12:00:34.103 [JavaFX Application Thread] DEBUG Input                - Registered new binding: Jump - W
12:00:34.104 [JavaFX Application Thread] DEBUG Input                - Registered new binding: Screenshot - P
12:00:34.105 [JavaFX Application Thread] DEBUG Input                - Registered new binding: System info dump - CTRL+9
12:00:34.105 [JavaFX Application Thread] DEBUG Input                - Registered new binding: Restart - CTRL+R
12:00:34.105 [JavaFX Application Thread] DEBUG Engine               - generateDefaultProfile()
12:00:34.105 [JavaFX Application Thread] DEBUG Engine               - Creating default profile
12:00:34.105 [JavaFX Application Thread] DEBUG EventBus             - Firing event: SaveEvent
12:00:34.121 [JavaFX Application Thread] INFO  Engine               - FXGL initialization took: 0,729 sec
12:00:34.121 [JavaFX Application Thread] DEBUG LoopRunner           - Starting loop
12:00:34.137 [JavaFX Application Thread] DEBUG FXGLStartupScene     - STARTUP
12:00:34.138 [JavaFX Application Thread] DEBUG Engine               - Starting new game
12:00:34.145 [JavaFX Application Thread] DEBUG Input                - Clearing active input actions
12:00:34.145 [FXGL Background Thread 1 ] DEBUG InitAppTask          - Clearing previous game
12:00:34.145 [FXGL Background Thread 1 ] DEBUG GameWorld            - Clearing game world
12:00:34.145 [FXGL Background Thread 1 ] DEBUG PhysicsWorld         - Clearing physics world
12:00:34.145 [FXGL Background Thread 1 ] DEBUG GameScene            - Clearing game scene
12:00:34.146 [FXGL Background Thread 1 ] DEBUG InitAppTask          - Initializing Game
12:00:34.155 [FXGL Background Thread 1 ] DEBUG AssetLoader          - Loading from file system: /assets/levels/mapa.tmx
12:00:34.163 [JavaFX Application Thread] DEBUG Engine               - Removing overlay from FXGLStartupScene and adding to LoadingScene
12:00:34.163 [JavaFX Application Thread] DEBUG MainWindow           - FXGLStartupScene -> LoadingScene
12:00:34.181 [FXGL Background Thread 1 ] WARN  TMXLevelLoader       - TiledMap generated from 1.3.1. Supported version: 1.2.3. Some features may not be parsed fully.
12:00:34.195 [FXGL Background Thread 1 ] DEBUG TMXLevelLoader       - Parsed raw map: TiledMap(width=15, height=10, tilewidth=70, tileheight=70, orientation=orthogonal, layers=[Layer(width=15, height=10, name=Capa de patrones 1, type=tilelayer, visible=false, x=0, y=0, data=[0, 0, 0, 0, 0, 0, 0, 0, 0, 0, 0, 0, 0, 0, 0, 0, 0, 0, 0, 0, 0, 0, 0, 0, 0, 0, 0, 0, 0, 0, 0, 0, 0, 0, 0, 0, 0, 0, 0, 0, 0, 0, 0, 0, 0, 0, 0, 0, 0, 0, 0, 0, 0, 0, 0, 0, 0, 0, 0, 0, 0, 0, 0, 0, 0, 0, 0, 0, 0, 0, 0, 0, 0, 0, 0, 0, 0, 0, 0, 0, 0, 0, 0, 0, 0, 0, 0, 0, 0, 0, 0, 0, 0, 0, 0, 0, 0, 0, 0, 0, 0, 0, 0, 0, 0, 0, 0, 0, 0, 0, 0, 0, 0, 0, 0, 0, 0, 0, 0, 0, 0, 0, 0, 0, 0, 0, 41, 0, 0, 0, 0, 0, 0, 0, 0, 129, 92, 92, 92, 92, 92, 92, 92, 92, 92, 92, 92, 92, 92, 105], objects=[], opacity=0.0, draworder=), Layer(width=0, height=0, name=Capa de Objetos 1, type=objectgroup, visible=false, x=0, y=0, data=[], objects=[com.almasb.fxgl.entity.level.tiled.TiledObject@1283b59a], opacity=0.0, draworder=)], tilesets=[Tileset(firstgid=1, image=tiles_spritesheet.png, name=tiles_spritesheet, tilewidth=70, tileheight=70, imagewidth=914, imageheight=936, margin=0, spacing=2, columns=12, tilecount=156, transparentcolor=)], backgroundcolor=, renderorder=right-down, nextobjectid=6, version=1, tiledversion=1.3.1, type=map, infinite=false, properties={}, propertytypes={})
12:00:34.195 [FXGL Background Thread 1 ] DEBUG TMXLevelLoader       - Creating tile layer entities
12:00:34.196 [FXGL Background Thread 1 ] DEBUG TilesetLoader        - Loading view for layer Capa de patrones 1
12:00:34.198 [FXGL Background Thread 1 ] DEBUG TilesetLoader        - Created buffer with size 1050.0x700.0
12:00:34.216 [FXGL Background Thread 1 ] DEBUG TilesetLoader        - Writing to buffer: dst=420,560, w=70,h=70, src=288,216
12:00:34.218 [FXGL Background Thread 1 ] DEBUG TilesetLoader        - Writing to buffer: dst=0,630, w=70,h=70, src=576,720
12:00:34.218 [FXGL Background Thread 1 ] DEBUG TilesetLoader        - Writing to buffer: dst=70,630, w=70,h=70, src=504,504
12:00:34.218 [FXGL Background Thread 1 ] DEBUG TilesetLoader        - Writing to buffer: dst=140,630, w=70,h=70, src=504,504
12:00:34.218 [FXGL Background Thread 1 ] DEBUG TilesetLoader        - Writing to buffer: dst=210,630, w=70,h=70, src=504,504
12:00:34.218 [FXGL Background Thread 1 ] DEBUG TilesetLoader        - Writing to buffer: dst=280,630, w=70,h=70, src=504,504
12:00:34.218 [FXGL Background Thread 1 ] DEBUG TilesetLoader        - Writing to buffer: dst=350,630, w=70,h=70, src=504,504
12:00:34.218 [FXGL Background Thread 1 ] DEBUG TilesetLoader        - Writing to buffer: dst=420,630, w=70,h=70, src=504,504
12:00:34.218 [FXGL Background Thread 1 ] DEBUG TilesetLoader        - Writing to buffer: dst=490,630, w=70,h=70, src=504,504
12:00:34.218 [FXGL Background Thread 1 ] DEBUG TilesetLoader        - Writing to buffer: dst=560,630, w=70,h=70, src=504,504
12:00:34.218 [FXGL Background Thread 1 ] DEBUG TilesetLoader        - Writing to buffer: dst=630,630, w=70,h=70, src=504,504
12:00:34.218 [FXGL Background Thread 1 ] DEBUG TilesetLoader        - Writing to buffer: dst=700,630, w=70,h=70, src=504,504
12:00:34.219 [FXGL Background Thread 1 ] DEBUG TilesetLoader        - Writing to buffer: dst=770,630, w=70,h=70, src=504,504
12:00:34.219 [FXGL Background Thread 1 ] DEBUG TilesetLoader        - Writing to buffer: dst=840,630, w=70,h=70, src=504,504
12:00:34.219 [FXGL Background Thread 1 ] DEBUG TilesetLoader        - Writing to buffer: dst=910,630, w=70,h=70, src=504,504
12:00:34.219 [FXGL Background Thread 1 ] DEBUG TilesetLoader        - Writing to buffer: dst=980,630, w=70,h=70, src=576,576
12:00:34.219 [FXGL Background Thread 1 ] DEBUG TMXLevelLoader       - Creating object layer entities
12:00:34.219 [FXGL Background Thread 1 ] WARN  TMXLevelLoader       - Parse error Error: java.lang.IllegalArgumentException: No EntityFactory has a method annotated @Spawns(PLATFORM)
12:00:34.264 [JavaFX Application Thread] FATAL Engine               - Uncaught Exception:

Fatal exception occurred: com.almasb.fxgl.entity.level.LevelLoadingException : No EntityFactory has a method annotated @Spawns(PLATFORM)
E: com.almasb.fxgl.entity.level.tiled.TMXLevelLoader.load(TMXLevelLoader.kt:70)
E: com.almasb.fxgl.app.AssetLoader.loadLevel(AssetLoader.kt:258)
E: com.almasb.fxgl.dsl.FXGL$Companion.setLevelFromMap(FXGL.kt:407)
E: com.almasb.fxgl.dsl.FXGL.setLevelFromMap(FXGL.kt)
E: dad.swordrunner.juego.RunnerApp.initGame(RunnerApp.java:81)
E: com.almasb.fxgl.app.LoadingScene$InitAppTask.initGame(LoadingScene.kt:137)
E: com.almasb.fxgl.app.LoadingScene$InitAppTask.call(LoadingScene.kt:106)
E: com.almasb.fxgl.app.LoadingScene$InitAppTask.call(LoadingScene.kt:94)
E: javafx.concurrent.Task$TaskCallable.call(Task.java:1425)
E: java.base/java.util.concurrent.FutureTask.run(FutureTask.java:264)
E: java.base/java.util.concurrent.Executors$RunnableAdapter.call(Executors.java:515)
E: java.base/java.util.concurrent.FutureTask.run(FutureTask.java:264)
E: java.base/java.util.concurrent.ThreadPoolExecutor.runWorker(ThreadPoolExecutor.java:1128)
E: java.base/java.util.concurrent.ThreadPoolExecutor$Worker.run(ThreadPoolExecutor.java:628)
E: java.base/java.lang.Thread.run(Thread.java:834)

12:00:34.265 [JavaFX Application Thread] FATAL Engine               - Application will now exit
12:00:34.265 [JavaFX Application Thread] DEBUG LoopRunner           - Stopping loop
12:00:42.944 [JavaFX Application Thread] DEBUG Engine               - Exiting FXGL
12:00:42.944 [JavaFX Application Thread] DEBUG Engine               - Shutting down background threads
12:00:42.944 [JavaFX Application Thread] DEBUG Engine               - Saving FXGL system data
12:00:42.946 [JavaFX Application Thread] DEBUG FSServiceImpl        - Writing to: D:\Users\fvarrui\GitHub\SwordRunner\system\fxgl.bundle
12:00:42.949 [JavaFX Application Thread] DEBUG Engine               - Closing logger and exiting JavaFX
