10:26:30.820 [main                     ] DEBUG GameApplication      - Logger initialized
10:26:30.865 [main                     ] DEBUG GameApplication      - Logging settings
Title: Untitled
Version: 0.0
Width: 1280
Height: 720
Fullscreen: false
Intro: false
Menus: false
Profiling: false
Single step:false
App Mode: DEVELOPER
Menu Key: ESCAPE
Stage Style: DECORATED
Scene Factory: class com.almasb.fxgl.app.SceneFactory
Dialog Factory: class com.almasb.fxgl.ui.FXGLDialogFactory
UI Factory: class com.almasb.fxgl.ui.FXGLUIFactory

10:26:31.520 [JavaFX Application Thread] DEBUG Engine               - Initializing FXGL
10:26:31.520 [JavaFX Application Thread] INFO  Engine               - FXGL-11.7 (05.01.2020 09.37) on WINDOWS (J:11.0.4 FX:11.0.1)
10:26:31.521 [JavaFX Application Thread] INFO  Engine               - Source code and latest versions at: https://github.com/AlmasB/FXGL
10:26:31.521 [JavaFX Application Thread] INFO  Engine               -              Join the FXGL chat at: https://gitter.im/AlmasB/FXGL
10:26:31.522 [JavaFX Application Thread] DEBUG Engine               - Initializing environment variables
10:26:31.527 [JavaFX Application Thread] DEBUG Engine               - Logging environment variables
10:26:31.527 [JavaFX Application Thread] DEBUG Engine               - achievements: []
10:26:31.527 [JavaFX Application Thread] DEBUG Engine               - sceneStack: com.almasb.fxgl.app.Engine@4f9a57ef
10:26:31.528 [JavaFX Application Thread] DEBUG Engine               - isCloseConfirmation: false
10:26:31.528 [JavaFX Application Thread] DEBUG Engine               - language: ObjectProperty [value: ENGLISH]
10:26:31.528 [JavaFX Application Thread] DEBUG Engine               - isProfilingEnabled: false
10:26:31.528 [JavaFX Application Thread] DEBUG Engine               - soundNotification: core/notification.wav
10:26:31.529 [JavaFX Application Thread] DEBUG Engine               - devShowBBoxProperty: BooleanProperty [value: false]
10:26:31.531 [JavaFX Application Thread] DEBUG Engine               - pixelsPerMeter: 50.0
10:26:31.532 [JavaFX Application Thread] DEBUG Engine               - overlayRoot: Group@55e90313
10:26:31.532 [JavaFX Application Thread] DEBUG Engine               - appIcon: fxgl_icon.png
10:26:31.532 [JavaFX Application Thread] DEBUG Engine               - soundMenuBack: menu/back.wav
10:26:31.532 [JavaFX Application Thread] DEBUG Engine               - isFullScreenAllowed: false
10:26:31.533 [JavaFX Application Thread] DEBUG Engine               - isIntroEnabled: false
10:26:31.533 [JavaFX Application Thread] DEBUG Engine               - eventBus: com.almasb.fxgl.event.EventBus@1d4cc14e
10:26:31.533 [JavaFX Application Thread] DEBUG Engine               - fontMono: lucida_console.ttf
10:26:31.533 [JavaFX Application Thread] DEBUG Engine               - soundMenuSelect: menu/select.wav
10:26:31.534 [JavaFX Application Thread] DEBUG Engine               - isWindows: true
10:26:31.534 [JavaFX Application Thread] DEBUG Engine               - isMobile: false
10:26:31.534 [JavaFX Application Thread] DEBUG Engine               - height: 720
10:26:31.534 [JavaFX Application Thread] DEBUG Engine               - isExperimentalNative: false
10:26:31.534 [JavaFX Application Thread] DEBUG Engine               - isSingleStep: false
10:26:31.535 [JavaFX Application Thread] DEBUG Engine               - cSSList: [fxgl_dark.css]
10:26:31.535 [JavaFX Application Thread] DEBUG Engine               - fontGame: Abel-Regular.ttf
10:26:31.535 [JavaFX Application Thread] DEBUG Engine               - menuKey: ESCAPE
10:26:31.535 [JavaFX Application Thread] DEBUG Engine               - devShowPositionProperty: BooleanProperty [value: false]
10:26:31.535 [JavaFX Application Thread] DEBUG Engine               - versionCheckDays: 7
10:26:31.536 [JavaFX Application Thread] DEBUG Engine               - masterTimer: com.almasb.fxgl.time.Timer@f4d827
10:26:31.536 [JavaFX Application Thread] DEBUG Engine               - configClass: Optional.empty
10:26:31.536 [JavaFX Application Thread] DEBUG Engine               - isFullScreenFromStart: false
10:26:31.536 [JavaFX Application Thread] DEBUG Engine               - version: 0.0
10:26:31.536 [JavaFX Application Thread] DEBUG Engine               - fullScreen: BooleanProperty [value: false]
10:26:31.536 [JavaFX Application Thread] DEBUG Engine               - randomSeed: -1
10:26:31.537 [JavaFX Application Thread] DEBUG Engine               - dialogFactory: com.almasb.fxgl.ui.FXGLDialogFactory@80f91d5
10:26:31.537 [JavaFX Application Thread] DEBUG Engine               - applicationMode: DEVELOPER
10:26:31.537 [JavaFX Application Thread] DEBUG Engine               - isMac: false
10:26:31.537 [JavaFX Application Thread] DEBUG Engine               - urlGoogleForms: https://goo.gl/forms/6wrMnOBxTE1fEpOy2
10:26:31.537 [JavaFX Application Thread] DEBUG Engine               - isMenuEnabled: false
10:26:31.537 [JavaFX Application Thread] DEBUG Engine               - profileName: user.profile
10:26:31.538 [JavaFX Application Thread] DEBUG Engine               - urlPOM: https://raw.githubusercontent.com/AlmasB/FXGL/master/pom.xml
10:26:31.538 [JavaFX Application Thread] DEBUG Engine               - notificationViewClass: class com.almasb.fxgl.notification.view.XboxNotificationView
10:26:31.538 [JavaFX Application Thread] DEBUG Engine               - devSensorColorProperty: ObjectProperty [value: 0xffff00ff]
10:26:31.538 [JavaFX Application Thread] DEBUG Engine               - sceneFactory: com.almasb.fxgl.app.SceneFactory@15e3ea5c
10:26:31.538 [JavaFX Application Thread] DEBUG Engine               - dataFileExt: .dat
10:26:31.539 [JavaFX Application Thread] DEBUG Engine               - stageStyle: DECORATED
10:26:31.539 [JavaFX Application Thread] DEBUG Engine               - isManualResizeEnabled: false
10:26:31.539 [JavaFX Application Thread] DEBUG Engine               - title: Untitled
10:26:31.539 [JavaFX Application Thread] DEBUG Engine               - platform: WINDOWS
10:26:31.539 [JavaFX Application Thread] DEBUG Engine               - devBBoxColorProperty: ObjectProperty [value: 0xff0000ff]
10:26:31.539 [JavaFX Application Thread] DEBUG Engine               - isDesktop: true
10:26:31.540 [JavaFX Application Thread] DEBUG Engine               - credits: []
10:26:31.540 [JavaFX Application Thread] DEBUG Engine               - globalMusicVolumeProperty: DoubleProperty [value: 0.5]
10:26:31.540 [JavaFX Application Thread] DEBUG Engine               - isPreserveResizeRatio: false
10:26:31.540 [JavaFX Application Thread] DEBUG Engine               - uIFactory: com.almasb.fxgl.ui.FXGLUIFactory@6e5e0f1f
10:26:31.540 [JavaFX Application Thread] DEBUG Engine               - fontText: Courier-Prime.ttf
10:26:31.540 [JavaFX Application Thread] DEBUG Engine               - isExperimentalTiledLargeMap: false
10:26:31.541 [JavaFX Application Thread] DEBUG Engine               - secondsIn24h: 60
10:26:31.541 [JavaFX Application Thread] DEBUG Engine               - runtimeInfo: RuntimeInfo(platform=WINDOWS, version=11.7, build=05.01.2020 09.37)
10:26:31.541 [JavaFX Application Thread] DEBUG Engine               - isLinux: false
10:26:31.541 [JavaFX Application Thread] DEBUG Engine               - soundMenuPress: menu/press.wav
10:26:31.541 [JavaFX Application Thread] DEBUG Engine               - urlGithub: https://github.com/AlmasB/FXGL
10:26:31.541 [JavaFX Application Thread] DEBUG Engine               - profileDir: profiles/
10:26:31.541 [JavaFX Application Thread] DEBUG Engine               - isDeveloperMenuEnabled: false
10:26:31.542 [JavaFX Application Thread] DEBUG Engine               - globalSoundVolumeProperty: DoubleProperty [value: 0.5]
10:26:31.542 [JavaFX Application Thread] DEBUG Engine               - isBrowser: false
10:26:31.542 [JavaFX Application Thread] DEBUG Engine               - urlLeaderboard: http://fxgl-top.herokuapp.com/
10:26:31.542 [JavaFX Application Thread] DEBUG Engine               - globalSoundVolume: 0.5
10:26:31.542 [JavaFX Application Thread] DEBUG Engine               - saveDir: saves/
10:26:31.542 [JavaFX Application Thread] DEBUG Engine               - engineServices: [class com.almasb.fxgl.audio.AudioPlayer, class com.almasb.fxgl.notification.impl.NotificationServiceProvider, class com.almasb.fxgl.achievement.AchievementManager, class com.almasb.fxgl.cutscene.CutsceneService, class com.almasb.fxgl.minigames.MiniGameService]
10:26:31.543 [JavaFX Application Thread] DEBUG Engine               - globalMusicVolume: 0.5
10:26:31.543 [JavaFX Application Thread] DEBUG Engine               - width: 1280
10:26:31.543 [JavaFX Application Thread] DEBUG Engine               - saveFileExt: .sav
10:26:31.543 [JavaFX Application Thread] DEBUG Engine               - isAndroid: false
10:26:31.543 [JavaFX Application Thread] DEBUG Engine               - fontUI: VarelaRound-Regular.ttf
10:26:31.544 [JavaFX Application Thread] DEBUG Engine               - enabledMenuItems: []
10:26:31.544 [JavaFX Application Thread] DEBUG Engine               - isIOS: false
10:26:31.550 [JavaFX Application Thread] DEBUG Engine               - Adding new engine service: class com.almasb.fxgl.audio.AudioPlayer
10:26:31.553 [JavaFX Application Thread] DEBUG Engine               - Adding new engine service: class com.almasb.fxgl.notification.impl.NotificationServiceProvider
10:26:31.554 [JavaFX Application Thread] DEBUG Engine               - Adding new engine service: class com.almasb.fxgl.achievement.AchievementManager
10:26:31.556 [JavaFX Application Thread] DEBUG Engine               - Adding new engine service: class com.almasb.fxgl.cutscene.CutsceneService
10:26:31.557 [JavaFX Application Thread] DEBUG Engine               - Adding new engine service: class com.almasb.fxgl.minigames.MiniGameService
10:26:31.564 [JavaFX Application Thread] DEBUG Engine               - Loading localizations
10:26:31.570 [JavaFX Application Thread] DEBUG AssetLoader          - Loading from file system: /assets/properties/languages/english.properties
10:26:31.575 [JavaFX Application Thread] DEBUG AssetLoader          - Loading from file system: /assets/properties/languages/french.properties
10:26:31.578 [JavaFX Application Thread] DEBUG AssetLoader          - Loading from file system: /assets/properties/languages/german.properties
10:26:31.580 [JavaFX Application Thread] DEBUG AssetLoader          - Loading from file system: /assets/properties/languages/russian.properties
10:26:31.582 [JavaFX Application Thread] DEBUG AssetLoader          - Loading from file system: /assets/properties/languages/hungarian.properties
10:26:31.586 [JavaFX Application Thread] DEBUG Engine               - Registering font factories
10:26:31.587 [JavaFX Application Thread] DEBUG AssetLoader          - Loading from file system: /assets/ui/fonts/VarelaRound-Regular.ttf
10:26:31.927 [JavaFX Application Thread] DEBUG AssetLoader          - Loading from file system: /assets/ui/fonts/Abel-Regular.ttf
10:26:31.938 [JavaFX Application Thread] DEBUG AssetLoader          - Loading from file system: /assets/ui/fonts/lucida_console.ttf
10:26:31.952 [JavaFX Application Thread] DEBUG AssetLoader          - Loading from file system: /assets/ui/fonts/Courier-Prime.ttf
10:26:31.966 [JavaFX Application Thread] DEBUG Engine               - Setting UI factory
10:26:32.158 [JavaFX Application Thread] DEBUG AssetLoader          - Loading from file system: /assets/textures/fxgl_logo.png
10:26:32.249 [JavaFX Application Thread] DEBUG MainWindow           - Creating a JavaFX scene
10:26:32.351 [JavaFX Application Thread] DEBUG MainWindow           - Target settings size: 1280.0 x 720.0
10:26:32.352 [JavaFX Application Thread] DEBUG MainWindow           - Scaled scene size:    1280.0 x 720.0
10:26:32.352 [JavaFX Application Thread] DEBUG MainWindow           - Scaled ratio: (1.0, 1.0)
10:26:32.354 [JavaFX Application Thread] DEBUG MainWindow           - Set initial scene to FXGLStartupScene
10:26:32.367 [JavaFX Application Thread] DEBUG AssetLoader          - Loading from file system: /assets/textures/fxgl_icon.png
10:26:32.383 [JavaFX Application Thread] DEBUG Engine               - Applying CSS: fxgl_dark.css
10:26:32.383 [JavaFX Application Thread] DEBUG AssetLoader          - Loading from file system: /assets/ui/css/fxgl_dark.css
10:26:32.389 [JavaFX Application Thread] DEBUG AssetLoader          - Loading from file system: /assets/ui/cursors/fxgl_default.png
10:26:32.392 [JavaFX Application Thread] DEBUG MainWindow           - Opening main window
10:26:32.630 [JavaFX Application Thread] DEBUG MainWindow           - Window border size: (16.0, 39.0)
10:26:32.630 [JavaFX Application Thread] DEBUG MainWindow           - Scaled size: 1280.0 x 720.0
10:26:32.630 [JavaFX Application Thread] DEBUG MainWindow           - Scaled ratio: (1.0, 1.0)
10:26:32.631 [JavaFX Application Thread] DEBUG MainWindow           - Scene size: 1280.0 x 720.0
10:26:32.631 [JavaFX Application Thread] DEBUG MainWindow           - Stage size: 1296.0 x 759.0
10:26:32.648 [FXGL Background Thread 1 ] DEBUG FS                   - Loaded FSServiceImpl
10:26:32.648 [FXGL Background Thread 1 ] DEBUG Engine               - Loading FXGL system data
10:26:32.656 [FXGL Background Thread 1 ] DEBUG FSServiceImpl        - Reading from: D:\Users\Profesor\Desktop\eclipse-proyecto\FXGLGames\SwordRunner\system\fxgl.bundle
10:26:32.671 [FXGL Background Thread 1 ] DEBUG Engine               - Bundle FXGL: {}
10:26:32.671 [FXGL Background Thread 1 ] DEBUG Engine               - Initializing application scenes
10:26:32.743 [FXGL Background Thread 1 ] DEBUG GameWorld            - Game world initialized
10:26:32.832 [FXGL Background Thread 1 ] DEBUG PhysicsWorld         - Physics world initialized: appHeight=720, physics.ppm=50,0
10:26:32.835 [FXGL Background Thread 1 ] DEBUG GameScene            - Game scene initialized: 1280x720
10:26:32.885 [FXGL Background Thread 1 ] DEBUG Input                - Registered new binding: Resume - Esc
10:26:32.885 [FXGL Background Thread 1 ] DEBUG AssetLoader          - Loading from file system: /assets/textures/pause_menu_bg.png
10:26:32.924 [FXGL Background Thread 1 ] DEBUG Input                - Registered new binding: Pause - Esc
10:26:32.925 [FXGL Background Thread 1 ] DEBUG Engine               - Application scenes initialized
10:26:32.929 [JavaFX Application Thread] DEBUG Engine               - Running preInit()
10:26:32.930 [JavaFX Application Thread] DEBUG Input                - Registered new binding: Left - A
10:26:32.930 [JavaFX Application Thread] DEBUG Input                - Registered new binding: Right - D
10:26:32.930 [JavaFX Application Thread] DEBUG Input                - Registered new binding: Jump - W
10:26:32.931 [JavaFX Application Thread] DEBUG Input                - Registered new binding: Screenshot - P
10:26:32.932 [JavaFX Application Thread] DEBUG Input                - Registered new binding: System info dump - CTRL+9
10:26:32.932 [JavaFX Application Thread] DEBUG Input                - Registered new binding: Restart - CTRL+R
10:26:32.932 [JavaFX Application Thread] DEBUG Engine               - generateDefaultProfile()
10:26:32.932 [JavaFX Application Thread] DEBUG Engine               - Creating default profile
10:26:32.932 [JavaFX Application Thread] DEBUG EventBus             - Firing event: SaveEvent
10:26:32.953 [JavaFX Application Thread] INFO  Engine               - FXGL initialization took: 1,389 sec
10:26:32.953 [JavaFX Application Thread] DEBUG LoopRunner           - Starting loop
10:26:32.976 [JavaFX Application Thread] DEBUG FXGLStartupScene     - STARTUP
10:26:32.977 [JavaFX Application Thread] DEBUG Engine               - Starting new game
10:26:32.990 [JavaFX Application Thread] DEBUG Input                - Clearing active input actions
10:26:32.990 [FXGL Background Thread 1 ] DEBUG InitAppTask          - Clearing previous game
10:26:32.990 [FXGL Background Thread 1 ] DEBUG GameWorld            - Clearing game world
10:26:32.990 [FXGL Background Thread 1 ] DEBUG PhysicsWorld         - Clearing physics world
10:26:32.991 [FXGL Background Thread 1 ] DEBUG GameScene            - Clearing game scene
10:26:32.991 [FXGL Background Thread 1 ] DEBUG InitAppTask          - Initializing Game
10:26:33.009 [JavaFX Application Thread] DEBUG Engine               - Removing overlay from FXGLStartupScene and adding to LoadingScene
10:26:33.010 [JavaFX Application Thread] DEBUG MainWindow           - FXGLStartupScene -> LoadingScene
10:26:33.032 [FXGL Background Thread 1 ] DEBUG AssetLoader          - Loading from file system: /assets/textures/quieto.png
10:26:33.033 [FXGL Background Thread 1 ] WARN  AssetLoader          - Failed to load texture quieto.png Error: java.lang.IllegalArgumentException: Asset "/assets/textures/quieto.png" was not found!
10:26:33.185 [FXGL Background Thread 1 ] DEBUG AssetLoader          - Loading from file system: /assets/textures/correr.png
10:26:33.185 [FXGL Background Thread 1 ] WARN  AssetLoader          - Failed to load texture correr.png Error: java.lang.IllegalArgumentException: Asset "/assets/textures/correr.png" was not found!
10:26:33.220 [FXGL Background Thread 1 ] DEBUG InitAppTask          - Initializing Physics
10:26:33.221 [FXGL Background Thread 1 ] DEBUG InitAppTask          - Initializing UI
10:26:33.221 [FXGL Background Thread 1 ] DEBUG InitAppTask          - Initialization Complete
10:26:33.221 [FXGL Background Thread 1 ] INFO  InitAppTask          - Game initialization took: 0,231 sec
10:26:33.226 [JavaFX Application Thread] DEBUG Input                - Clearing active input actions
10:26:33.237 [JavaFX Application Thread] DEBUG Engine               - Removing overlay from LoadingScene and adding to GameScene
10:26:33.237 [JavaFX Application Thread] DEBUG MainWindow           - LoadingScene -> GameScene
10:26:39.845 [JavaFX Application Thread] DEBUG Engine               - Exiting FXGL
10:26:39.845 [JavaFX Application Thread] DEBUG Engine               - Shutting down background threads
10:26:39.845 [JavaFX Application Thread] DEBUG Engine               - Saving FXGL system data
10:26:39.848 [JavaFX Application Thread] DEBUG FSServiceImpl        - Writing to: D:\Users\Profesor\Desktop\eclipse-proyecto\FXGLGames\SwordRunner\system\fxgl.bundle
10:26:39.851 [JavaFX Application Thread] DEBUG Engine               - Closing logger and exiting JavaFX
