11:54:07.815 [main                     ] DEBUG GameApplication      - Logger initialized
11:54:07.842 [main                     ] DEBUG GameApplication      - Logging settings
Title: Untitled
Version: 0.0
Width: 1280
Height: 720
Fullscreen: false
Intro: false
Menus: false
Profiling: false
Single step:false
App Mode: DEVELOPER
Menu Key: ESCAPE
Stage Style: DECORATED
Scene Factory: class com.almasb.fxgl.app.SceneFactory
Dialog Factory: class com.almasb.fxgl.ui.FXGLDialogFactory
UI Factory: class com.almasb.fxgl.ui.FXGLUIFactory

11:54:08.161 [JavaFX Application Thread] DEBUG Engine               - Initializing FXGL
11:54:08.162 [JavaFX Application Thread] INFO  Engine               - FXGL-11.7 (05.01.2020 09.37) on WINDOWS (J:11.0.4 FX:11.0.1)
11:54:08.162 [JavaFX Application Thread] INFO  Engine               - Source code and latest versions at: https://github.com/AlmasB/FXGL
11:54:08.162 [JavaFX Application Thread] INFO  Engine               -              Join the FXGL chat at: https://gitter.im/AlmasB/FXGL
11:54:08.163 [JavaFX Application Thread] DEBUG Engine               - Initializing environment variables
11:54:08.165 [JavaFX Application Thread] DEBUG Engine               - Logging environment variables
11:54:08.166 [JavaFX Application Thread] DEBUG Engine               - achievements: []
11:54:08.166 [JavaFX Application Thread] DEBUG Engine               - sceneStack: com.almasb.fxgl.app.Engine@59a0217d
11:54:08.166 [JavaFX Application Thread] DEBUG Engine               - language: ObjectProperty [value: ENGLISH]
11:54:08.166 [JavaFX Application Thread] DEBUG Engine               - isCloseConfirmation: false
11:54:08.166 [JavaFX Application Thread] DEBUG Engine               - isProfilingEnabled: false
11:54:08.166 [JavaFX Application Thread] DEBUG Engine               - soundNotification: core/notification.wav
11:54:08.166 [JavaFX Application Thread] DEBUG Engine               - devShowBBoxProperty: BooleanProperty [value: false]
11:54:08.168 [JavaFX Application Thread] DEBUG Engine               - pixelsPerMeter: 50.0
11:54:08.168 [JavaFX Application Thread] DEBUG Engine               - overlayRoot: Group@2d76fd29
11:54:08.168 [JavaFX Application Thread] DEBUG Engine               - appIcon: fxgl_icon.png
11:54:08.168 [JavaFX Application Thread] DEBUG Engine               - soundMenuBack: menu/back.wav
11:54:08.168 [JavaFX Application Thread] DEBUG Engine               - isFullScreenAllowed: false
11:54:08.169 [JavaFX Application Thread] DEBUG Engine               - isIntroEnabled: false
11:54:08.169 [JavaFX Application Thread] DEBUG Engine               - eventBus: com.almasb.fxgl.event.EventBus@69c2970a
11:54:08.169 [JavaFX Application Thread] DEBUG Engine               - fontMono: lucida_console.ttf
11:54:08.169 [JavaFX Application Thread] DEBUG Engine               - soundMenuSelect: menu/select.wav
11:54:08.169 [JavaFX Application Thread] DEBUG Engine               - isWindows: true
11:54:08.169 [JavaFX Application Thread] DEBUG Engine               - isMobile: false
11:54:08.169 [JavaFX Application Thread] DEBUG Engine               - height: 720
11:54:08.169 [JavaFX Application Thread] DEBUG Engine               - isExperimentalNative: false
11:54:08.170 [JavaFX Application Thread] DEBUG Engine               - isSingleStep: false
11:54:08.170 [JavaFX Application Thread] DEBUG Engine               - cSSList: [fxgl_dark.css]
11:54:08.170 [JavaFX Application Thread] DEBUG Engine               - fontGame: Abel-Regular.ttf
11:54:08.170 [JavaFX Application Thread] DEBUG Engine               - menuKey: ESCAPE
11:54:08.170 [JavaFX Application Thread] DEBUG Engine               - devShowPositionProperty: BooleanProperty [value: false]
11:54:08.170 [JavaFX Application Thread] DEBUG Engine               - versionCheckDays: 7
11:54:08.170 [JavaFX Application Thread] DEBUG Engine               - masterTimer: com.almasb.fxgl.time.Timer@31b1e886
11:54:08.170 [JavaFX Application Thread] DEBUG Engine               - configClass: Optional.empty
11:54:08.171 [JavaFX Application Thread] DEBUG Engine               - isFullScreenFromStart: false
11:54:08.171 [JavaFX Application Thread] DEBUG Engine               - version: 0.0
11:54:08.171 [JavaFX Application Thread] DEBUG Engine               - fullScreen: BooleanProperty [value: false]
11:54:08.171 [JavaFX Application Thread] DEBUG Engine               - randomSeed: -1
11:54:08.171 [JavaFX Application Thread] DEBUG Engine               - dialogFactory: com.almasb.fxgl.ui.FXGLDialogFactory@71a5a3e6
11:54:08.171 [JavaFX Application Thread] DEBUG Engine               - applicationMode: DEVELOPER
11:54:08.171 [JavaFX Application Thread] DEBUG Engine               - isMac: false
11:54:08.171 [JavaFX Application Thread] DEBUG Engine               - urlGoogleForms: https://goo.gl/forms/6wrMnOBxTE1fEpOy2
11:54:08.171 [JavaFX Application Thread] DEBUG Engine               - isMenuEnabled: false
11:54:08.172 [JavaFX Application Thread] DEBUG Engine               - urlPOM: https://raw.githubusercontent.com/AlmasB/FXGL/master/pom.xml
11:54:08.172 [JavaFX Application Thread] DEBUG Engine               - profileName: user.profile
11:54:08.172 [JavaFX Application Thread] DEBUG Engine               - notificationViewClass: class com.almasb.fxgl.notification.view.XboxNotificationView
11:54:08.172 [JavaFX Application Thread] DEBUG Engine               - devSensorColorProperty: ObjectProperty [value: 0xffff00ff]
11:54:08.172 [JavaFX Application Thread] DEBUG Engine               - sceneFactory: com.almasb.fxgl.app.SceneFactory@6ba0974e
11:54:08.172 [JavaFX Application Thread] DEBUG Engine               - dataFileExt: .dat
11:54:08.172 [JavaFX Application Thread] DEBUG Engine               - stageStyle: DECORATED
11:54:08.173 [JavaFX Application Thread] DEBUG Engine               - isManualResizeEnabled: false
11:54:08.173 [JavaFX Application Thread] DEBUG Engine               - title: Untitled
11:54:08.173 [JavaFX Application Thread] DEBUG Engine               - platform: WINDOWS
11:54:08.173 [JavaFX Application Thread] DEBUG Engine               - devBBoxColorProperty: ObjectProperty [value: 0xff0000ff]
11:54:08.173 [JavaFX Application Thread] DEBUG Engine               - isDesktop: true
11:54:08.173 [JavaFX Application Thread] DEBUG Engine               - credits: []
11:54:08.173 [JavaFX Application Thread] DEBUG Engine               - globalMusicVolumeProperty: DoubleProperty [value: 0.5]
11:54:08.173 [JavaFX Application Thread] DEBUG Engine               - isPreserveResizeRatio: false
11:54:08.173 [JavaFX Application Thread] DEBUG Engine               - uIFactory: com.almasb.fxgl.ui.FXGLUIFactory@162727f7
11:54:08.174 [JavaFX Application Thread] DEBUG Engine               - fontText: Courier-Prime.ttf
11:54:08.174 [JavaFX Application Thread] DEBUG Engine               - isExperimentalTiledLargeMap: false
11:54:08.174 [JavaFX Application Thread] DEBUG Engine               - secondsIn24h: 60
11:54:08.174 [JavaFX Application Thread] DEBUG Engine               - runtimeInfo: RuntimeInfo(platform=WINDOWS, version=11.7, build=05.01.2020 09.37)
11:54:08.174 [JavaFX Application Thread] DEBUG Engine               - isLinux: false
11:54:08.174 [JavaFX Application Thread] DEBUG Engine               - soundMenuPress: menu/press.wav
11:54:08.174 [JavaFX Application Thread] DEBUG Engine               - urlGithub: https://github.com/AlmasB/FXGL
11:54:08.174 [JavaFX Application Thread] DEBUG Engine               - profileDir: profiles/
11:54:08.174 [JavaFX Application Thread] DEBUG Engine               - isDeveloperMenuEnabled: false
11:54:08.174 [JavaFX Application Thread] DEBUG Engine               - globalSoundVolumeProperty: DoubleProperty [value: 0.5]
11:54:08.174 [JavaFX Application Thread] DEBUG Engine               - isBrowser: false
11:54:08.175 [JavaFX Application Thread] DEBUG Engine               - urlLeaderboard: http://fxgl-top.herokuapp.com/
11:54:08.175 [JavaFX Application Thread] DEBUG Engine               - globalSoundVolume: 0.5
11:54:08.175 [JavaFX Application Thread] DEBUG Engine               - saveDir: saves/
11:54:08.175 [JavaFX Application Thread] DEBUG Engine               - engineServices: [class com.almasb.fxgl.audio.AudioPlayer, class com.almasb.fxgl.notification.impl.NotificationServiceProvider, class com.almasb.fxgl.achievement.AchievementManager, class com.almasb.fxgl.cutscene.CutsceneService, class com.almasb.fxgl.minigames.MiniGameService]
11:54:08.175 [JavaFX Application Thread] DEBUG Engine               - globalMusicVolume: 0.5
11:54:08.175 [JavaFX Application Thread] DEBUG Engine               - width: 1280
11:54:08.175 [JavaFX Application Thread] DEBUG Engine               - saveFileExt: .sav
11:54:08.175 [JavaFX Application Thread] DEBUG Engine               - isAndroid: false
11:54:08.175 [JavaFX Application Thread] DEBUG Engine               - fontUI: VarelaRound-Regular.ttf
11:54:08.175 [JavaFX Application Thread] DEBUG Engine               - enabledMenuItems: []
11:54:08.176 [JavaFX Application Thread] DEBUG Engine               - isIOS: false
11:54:08.178 [JavaFX Application Thread] DEBUG Engine               - Adding new engine service: class com.almasb.fxgl.audio.AudioPlayer
11:54:08.179 [JavaFX Application Thread] DEBUG Engine               - Adding new engine service: class com.almasb.fxgl.notification.impl.NotificationServiceProvider
11:54:08.180 [JavaFX Application Thread] DEBUG Engine               - Adding new engine service: class com.almasb.fxgl.achievement.AchievementManager
11:54:08.181 [JavaFX Application Thread] DEBUG Engine               - Adding new engine service: class com.almasb.fxgl.cutscene.CutsceneService
11:54:08.181 [JavaFX Application Thread] DEBUG Engine               - Adding new engine service: class com.almasb.fxgl.minigames.MiniGameService
11:54:08.184 [JavaFX Application Thread] DEBUG Engine               - Loading localizations
11:54:08.191 [JavaFX Application Thread] DEBUG AssetLoader          - Loading from file system: /assets/properties/languages/english.properties
11:54:08.194 [JavaFX Application Thread] DEBUG AssetLoader          - Loading from file system: /assets/properties/languages/french.properties
11:54:08.195 [JavaFX Application Thread] DEBUG AssetLoader          - Loading from file system: /assets/properties/languages/german.properties
11:54:08.197 [JavaFX Application Thread] DEBUG AssetLoader          - Loading from file system: /assets/properties/languages/russian.properties
11:54:08.198 [JavaFX Application Thread] DEBUG AssetLoader          - Loading from file system: /assets/properties/languages/hungarian.properties
11:54:08.200 [JavaFX Application Thread] DEBUG Engine               - Registering font factories
11:54:08.201 [JavaFX Application Thread] DEBUG AssetLoader          - Loading from file system: /assets/ui/fonts/VarelaRound-Regular.ttf
11:54:08.339 [JavaFX Application Thread] DEBUG AssetLoader          - Loading from file system: /assets/ui/fonts/Abel-Regular.ttf
11:54:08.347 [JavaFX Application Thread] DEBUG AssetLoader          - Loading from file system: /assets/ui/fonts/lucida_console.ttf
11:54:08.358 [JavaFX Application Thread] DEBUG AssetLoader          - Loading from file system: /assets/ui/fonts/Courier-Prime.ttf
11:54:08.367 [JavaFX Application Thread] DEBUG Engine               - Setting UI factory
11:54:08.452 [JavaFX Application Thread] DEBUG AssetLoader          - Loading from file system: /assets/textures/fxgl_logo.png
11:54:08.507 [JavaFX Application Thread] DEBUG MainWindow           - Creating a JavaFX scene
11:54:08.549 [JavaFX Application Thread] DEBUG MainWindow           - Target settings size: 1280.0 x 720.0
11:54:08.549 [JavaFX Application Thread] DEBUG MainWindow           - Scaled scene size:    1280.0 x 720.0
11:54:08.549 [JavaFX Application Thread] DEBUG MainWindow           - Scaled ratio: (1.0, 1.0)
11:54:08.551 [JavaFX Application Thread] DEBUG MainWindow           - Set initial scene to FXGLStartupScene
11:54:08.557 [JavaFX Application Thread] DEBUG AssetLoader          - Loading from file system: /assets/textures/fxgl_icon.png
11:54:08.571 [JavaFX Application Thread] DEBUG Engine               - Applying CSS: fxgl_dark.css
11:54:08.571 [JavaFX Application Thread] DEBUG AssetLoader          - Loading from file system: /assets/ui/css/fxgl_dark.css
11:54:08.574 [JavaFX Application Thread] DEBUG AssetLoader          - Loading from file system: /assets/ui/cursors/fxgl_default.png
11:54:08.576 [JavaFX Application Thread] DEBUG MainWindow           - Opening main window
11:54:08.705 [JavaFX Application Thread] DEBUG MainWindow           - Window border size: (16.0, 39.0)
11:54:08.705 [JavaFX Application Thread] DEBUG MainWindow           - Scaled size: 1280.0 x 720.0
11:54:08.705 [JavaFX Application Thread] DEBUG MainWindow           - Scaled ratio: (1.0, 1.0)
11:54:08.705 [JavaFX Application Thread] DEBUG MainWindow           - Scene size: 1280.0 x 720.0
11:54:08.705 [JavaFX Application Thread] DEBUG MainWindow           - Stage size: 1296.0 x 759.0
11:54:08.715 [FXGL Background Thread 1 ] DEBUG FS                   - Loaded FSServiceImpl
11:54:08.716 [FXGL Background Thread 1 ] DEBUG Engine               - Loading FXGL system data
11:54:08.728 [FXGL Background Thread 1 ] DEBUG FSServiceImpl        - Reading from: D:\Users\fvarrui\GitHub\SwordRunner\system\fxgl.bundle
11:54:08.742 [FXGL Background Thread 1 ] DEBUG Engine               - Bundle FXGL: {}
11:54:08.742 [FXGL Background Thread 1 ] DEBUG Engine               - Initializing application scenes
11:54:08.780 [FXGL Background Thread 1 ] DEBUG GameWorld            - Game world initialized
11:54:08.829 [FXGL Background Thread 1 ] DEBUG PhysicsWorld         - Physics world initialized: appHeight=720, physics.ppm=50,0
11:54:08.832 [FXGL Background Thread 1 ] DEBUG GameScene            - Game scene initialized: 1280x720
11:54:08.863 [FXGL Background Thread 1 ] DEBUG Input                - Registered new binding: Resume - Esc
11:54:08.863 [FXGL Background Thread 1 ] DEBUG AssetLoader          - Loading from file system: /assets/textures/pause_menu_bg.png
11:54:08.893 [FXGL Background Thread 1 ] DEBUG Input                - Registered new binding: Pause - Esc
11:54:08.893 [FXGL Background Thread 1 ] DEBUG Engine               - Application scenes initialized
11:54:08.896 [JavaFX Application Thread] DEBUG Engine               - Running preInit()
11:54:08.896 [JavaFX Application Thread] DEBUG Input                - Registered new binding: Left - A
11:54:08.896 [JavaFX Application Thread] DEBUG Input                - Registered new binding: Right - D
11:54:08.896 [JavaFX Application Thread] DEBUG Input                - Registered new binding: Jump - W
11:54:08.897 [JavaFX Application Thread] DEBUG Input                - Registered new binding: Screenshot - P
11:54:08.897 [JavaFX Application Thread] DEBUG Input                - Registered new binding: System info dump - CTRL+9
11:54:08.897 [JavaFX Application Thread] DEBUG Input                - Registered new binding: Restart - CTRL+R
11:54:08.897 [JavaFX Application Thread] DEBUG Engine               - generateDefaultProfile()
11:54:08.897 [JavaFX Application Thread] DEBUG Engine               - Creating default profile
11:54:08.897 [JavaFX Application Thread] DEBUG EventBus             - Firing event: SaveEvent
11:54:08.910 [JavaFX Application Thread] INFO  Engine               - FXGL initialization took: 0,726 sec
11:54:08.910 [JavaFX Application Thread] DEBUG LoopRunner           - Starting loop
11:54:08.919 [JavaFX Application Thread] DEBUG FXGLStartupScene     - STARTUP
11:54:08.919 [JavaFX Application Thread] DEBUG Engine               - Starting new game
11:54:08.925 [JavaFX Application Thread] DEBUG Input                - Clearing active input actions
11:54:08.926 [FXGL Background Thread 1 ] DEBUG InitAppTask          - Clearing previous game
11:54:08.926 [FXGL Background Thread 1 ] DEBUG GameWorld            - Clearing game world
11:54:08.926 [FXGL Background Thread 1 ] DEBUG PhysicsWorld         - Clearing physics world
11:54:08.926 [FXGL Background Thread 1 ] DEBUG GameScene            - Clearing game scene
11:54:08.926 [FXGL Background Thread 1 ] DEBUG InitAppTask          - Initializing Game
11:54:08.936 [JavaFX Application Thread] DEBUG Engine               - Removing overlay from FXGLStartupScene and adding to LoadingScene
11:54:08.937 [JavaFX Application Thread] DEBUG MainWindow           - FXGLStartupScene -> LoadingScene
11:54:08.952 [FXGL Background Thread 1 ] DEBUG AssetLoader          - Loading from file system: /assets/textures/quieto.png
11:54:08.953 [FXGL Background Thread 1 ] WARN  AssetLoader          - Failed to load texture quieto.png Error: java.lang.IllegalArgumentException: Asset "/assets/textures/quieto.png" was not found!
11:54:09.044 [FXGL Background Thread 1 ] DEBUG AssetLoader          - Loading from file system: /assets/textures/correr.png
11:54:09.044 [FXGL Background Thread 1 ] WARN  AssetLoader          - Failed to load texture correr.png Error: java.lang.IllegalArgumentException: Asset "/assets/textures/correr.png" was not found!
11:54:09.081 [FXGL Background Thread 1 ] DEBUG InitAppTask          - Initializing Physics
11:54:09.082 [FXGL Background Thread 1 ] DEBUG InitAppTask          - Initializing UI
11:54:09.082 [FXGL Background Thread 1 ] DEBUG InitAppTask          - Initialization Complete
11:54:09.082 [FXGL Background Thread 1 ] INFO  InitAppTask          - Game initialization took: 0,156 sec
11:54:09.090 [JavaFX Application Thread] DEBUG Input                - Clearing active input actions
11:54:09.104 [JavaFX Application Thread] DEBUG Engine               - Removing overlay from LoadingScene and adding to GameScene
11:54:09.104 [JavaFX Application Thread] DEBUG MainWindow           - LoadingScene -> GameScene
11:54:12.320 [JavaFX Application Thread] DEBUG Engine               - Exiting FXGL
11:54:12.321 [JavaFX Application Thread] DEBUG Engine               - Shutting down background threads
11:54:12.321 [JavaFX Application Thread] DEBUG Engine               - Saving FXGL system data
11:54:12.323 [JavaFX Application Thread] DEBUG FSServiceImpl        - Writing to: D:\Users\fvarrui\GitHub\SwordRunner\system\fxgl.bundle
11:54:12.326 [JavaFX Application Thread] DEBUG Engine               - Closing logger and exiting JavaFX
