10:28:03.624 [main                     ] DEBUG GameApplication      - Logger initialized
10:28:03.664 [main                     ] DEBUG GameApplication      - Logging settings
Title: Untitled
Version: 0.0
Width: 1280
Height: 720
Fullscreen: false
Intro: false
Menus: false
Profiling: false
Single step:false
App Mode: DEVELOPER
Menu Key: ESCAPE
Stage Style: DECORATED
Scene Factory: class com.almasb.fxgl.app.SceneFactory
Dialog Factory: class com.almasb.fxgl.ui.FXGLDialogFactory
UI Factory: class com.almasb.fxgl.ui.FXGLUIFactory

10:28:04.319 [JavaFX Application Thread] DEBUG Engine               - Initializing FXGL
10:28:04.320 [JavaFX Application Thread] INFO  Engine               - FXGL-11.7 (05.01.2020 09.37) on WINDOWS (J:11.0.4 FX:11.0.1)
10:28:04.320 [JavaFX Application Thread] INFO  Engine               - Source code and latest versions at: https://github.com/AlmasB/FXGL
10:28:04.320 [JavaFX Application Thread] INFO  Engine               -              Join the FXGL chat at: https://gitter.im/AlmasB/FXGL
10:28:04.321 [JavaFX Application Thread] DEBUG Engine               - Initializing environment variables
10:28:04.324 [JavaFX Application Thread] DEBUG Engine               - Logging environment variables
10:28:04.324 [JavaFX Application Thread] DEBUG Engine               - achievements: []
10:28:04.324 [JavaFX Application Thread] DEBUG Engine               - sceneStack: com.almasb.fxgl.app.Engine@790cc811
10:28:04.325 [JavaFX Application Thread] DEBUG Engine               - language: ObjectProperty [value: ENGLISH]
10:28:04.325 [JavaFX Application Thread] DEBUG Engine               - isCloseConfirmation: false
10:28:04.325 [JavaFX Application Thread] DEBUG Engine               - isProfilingEnabled: false
10:28:04.325 [JavaFX Application Thread] DEBUG Engine               - soundNotification: core/notification.wav
10:28:04.325 [JavaFX Application Thread] DEBUG Engine               - devShowBBoxProperty: BooleanProperty [value: false]
10:28:04.327 [JavaFX Application Thread] DEBUG Engine               - pixelsPerMeter: 50.0
10:28:04.327 [JavaFX Application Thread] DEBUG Engine               - overlayRoot: Group@c7d6d2b
10:28:04.327 [JavaFX Application Thread] DEBUG Engine               - appIcon: fxgl_icon.png
10:28:04.327 [JavaFX Application Thread] DEBUG Engine               - soundMenuBack: menu/back.wav
10:28:04.327 [JavaFX Application Thread] DEBUG Engine               - isFullScreenAllowed: false
10:28:04.328 [JavaFX Application Thread] DEBUG Engine               - isIntroEnabled: false
10:28:04.328 [JavaFX Application Thread] DEBUG Engine               - eventBus: com.almasb.fxgl.event.EventBus@6d5cd167
10:28:04.328 [JavaFX Application Thread] DEBUG Engine               - fontMono: lucida_console.ttf
10:28:04.328 [JavaFX Application Thread] DEBUG Engine               - soundMenuSelect: menu/select.wav
10:28:04.328 [JavaFX Application Thread] DEBUG Engine               - isWindows: true
10:28:04.328 [JavaFX Application Thread] DEBUG Engine               - isMobile: false
10:28:04.329 [JavaFX Application Thread] DEBUG Engine               - height: 720
10:28:04.329 [JavaFX Application Thread] DEBUG Engine               - isExperimentalNative: false
10:28:04.329 [JavaFX Application Thread] DEBUG Engine               - isSingleStep: false
10:28:04.329 [JavaFX Application Thread] DEBUG Engine               - cSSList: [fxgl_dark.css]
10:28:04.329 [JavaFX Application Thread] DEBUG Engine               - fontGame: Abel-Regular.ttf
10:28:04.329 [JavaFX Application Thread] DEBUG Engine               - menuKey: ESCAPE
10:28:04.329 [JavaFX Application Thread] DEBUG Engine               - devShowPositionProperty: BooleanProperty [value: false]
10:28:04.329 [JavaFX Application Thread] DEBUG Engine               - versionCheckDays: 7
10:28:04.330 [JavaFX Application Thread] DEBUG Engine               - masterTimer: com.almasb.fxgl.time.Timer@720fd09d
10:28:04.330 [JavaFX Application Thread] DEBUG Engine               - configClass: Optional.empty
10:28:04.330 [JavaFX Application Thread] DEBUG Engine               - isFullScreenFromStart: false
10:28:04.330 [JavaFX Application Thread] DEBUG Engine               - version: 0.0
10:28:04.330 [JavaFX Application Thread] DEBUG Engine               - fullScreen: BooleanProperty [value: false]
10:28:04.330 [JavaFX Application Thread] DEBUG Engine               - randomSeed: -1
10:28:04.330 [JavaFX Application Thread] DEBUG Engine               - dialogFactory: com.almasb.fxgl.ui.FXGLDialogFactory@45406c69
10:28:04.331 [JavaFX Application Thread] DEBUG Engine               - applicationMode: DEVELOPER
10:28:04.331 [JavaFX Application Thread] DEBUG Engine               - isMac: false
10:28:04.331 [JavaFX Application Thread] DEBUG Engine               - urlGoogleForms: https://goo.gl/forms/6wrMnOBxTE1fEpOy2
10:28:04.331 [JavaFX Application Thread] DEBUG Engine               - isMenuEnabled: false
10:28:04.331 [JavaFX Application Thread] DEBUG Engine               - urlPOM: https://raw.githubusercontent.com/AlmasB/FXGL/master/pom.xml
10:28:04.331 [JavaFX Application Thread] DEBUG Engine               - profileName: user.profile
10:28:04.331 [JavaFX Application Thread] DEBUG Engine               - notificationViewClass: class com.almasb.fxgl.notification.view.XboxNotificationView
10:28:04.332 [JavaFX Application Thread] DEBUG Engine               - devSensorColorProperty: ObjectProperty [value: 0xffff00ff]
10:28:04.332 [JavaFX Application Thread] DEBUG Engine               - dataFileExt: .dat
10:28:04.332 [JavaFX Application Thread] DEBUG Engine               - sceneFactory: com.almasb.fxgl.app.SceneFactory@223355df
10:28:04.332 [JavaFX Application Thread] DEBUG Engine               - stageStyle: DECORATED
10:28:04.332 [JavaFX Application Thread] DEBUG Engine               - isManualResizeEnabled: false
10:28:04.332 [JavaFX Application Thread] DEBUG Engine               - title: Untitled
10:28:04.332 [JavaFX Application Thread] DEBUG Engine               - platform: WINDOWS
10:28:04.333 [JavaFX Application Thread] DEBUG Engine               - devBBoxColorProperty: ObjectProperty [value: 0xff0000ff]
10:28:04.333 [JavaFX Application Thread] DEBUG Engine               - isDesktop: true
10:28:04.333 [JavaFX Application Thread] DEBUG Engine               - credits: []
10:28:04.333 [JavaFX Application Thread] DEBUG Engine               - globalMusicVolumeProperty: DoubleProperty [value: 0.5]
10:28:04.333 [JavaFX Application Thread] DEBUG Engine               - isPreserveResizeRatio: false
10:28:04.333 [JavaFX Application Thread] DEBUG Engine               - uIFactory: com.almasb.fxgl.ui.FXGLUIFactory@296f7f17
10:28:04.333 [JavaFX Application Thread] DEBUG Engine               - fontText: Courier-Prime.ttf
10:28:04.333 [JavaFX Application Thread] DEBUG Engine               - isExperimentalTiledLargeMap: false
10:28:04.333 [JavaFX Application Thread] DEBUG Engine               - secondsIn24h: 60
10:28:04.334 [JavaFX Application Thread] DEBUG Engine               - runtimeInfo: RuntimeInfo(platform=WINDOWS, version=11.7, build=05.01.2020 09.37)
10:28:04.334 [JavaFX Application Thread] DEBUG Engine               - urlGithub: https://github.com/AlmasB/FXGL
10:28:04.334 [JavaFX Application Thread] DEBUG Engine               - isLinux: false
10:28:04.334 [JavaFX Application Thread] DEBUG Engine               - soundMenuPress: menu/press.wav
10:28:04.334 [JavaFX Application Thread] DEBUG Engine               - profileDir: profiles/
10:28:04.334 [JavaFX Application Thread] DEBUG Engine               - isDeveloperMenuEnabled: false
10:28:04.334 [JavaFX Application Thread] DEBUG Engine               - globalSoundVolumeProperty: DoubleProperty [value: 0.5]
10:28:04.334 [JavaFX Application Thread] DEBUG Engine               - urlLeaderboard: http://fxgl-top.herokuapp.com/
10:28:04.335 [JavaFX Application Thread] DEBUG Engine               - isBrowser: false
10:28:04.335 [JavaFX Application Thread] DEBUG Engine               - globalSoundVolume: 0.5
10:28:04.335 [JavaFX Application Thread] DEBUG Engine               - saveDir: saves/
10:28:04.335 [JavaFX Application Thread] DEBUG Engine               - engineServices: [class com.almasb.fxgl.audio.AudioPlayer, class com.almasb.fxgl.notification.impl.NotificationServiceProvider, class com.almasb.fxgl.achievement.AchievementManager, class com.almasb.fxgl.cutscene.CutsceneService, class com.almasb.fxgl.minigames.MiniGameService]
10:28:04.335 [JavaFX Application Thread] DEBUG Engine               - globalMusicVolume: 0.5
10:28:04.335 [JavaFX Application Thread] DEBUG Engine               - width: 1280
10:28:04.335 [JavaFX Application Thread] DEBUG Engine               - saveFileExt: .sav
10:28:04.335 [JavaFX Application Thread] DEBUG Engine               - isAndroid: false
10:28:04.335 [JavaFX Application Thread] DEBUG Engine               - fontUI: VarelaRound-Regular.ttf
10:28:04.336 [JavaFX Application Thread] DEBUG Engine               - isIOS: false
10:28:04.336 [JavaFX Application Thread] DEBUG Engine               - enabledMenuItems: []
10:28:04.340 [JavaFX Application Thread] DEBUG Engine               - Adding new engine service: class com.almasb.fxgl.audio.AudioPlayer
10:28:04.342 [JavaFX Application Thread] DEBUG Engine               - Adding new engine service: class com.almasb.fxgl.notification.impl.NotificationServiceProvider
10:28:04.342 [JavaFX Application Thread] DEBUG Engine               - Adding new engine service: class com.almasb.fxgl.achievement.AchievementManager
10:28:04.344 [JavaFX Application Thread] DEBUG Engine               - Adding new engine service: class com.almasb.fxgl.cutscene.CutsceneService
10:28:04.344 [JavaFX Application Thread] DEBUG Engine               - Adding new engine service: class com.almasb.fxgl.minigames.MiniGameService
10:28:04.353 [JavaFX Application Thread] DEBUG Engine               - Loading localizations
10:28:04.359 [JavaFX Application Thread] DEBUG AssetLoader          - Loading from file system: /assets/properties/languages/english.properties
10:28:04.363 [JavaFX Application Thread] DEBUG AssetLoader          - Loading from file system: /assets/properties/languages/french.properties
10:28:04.365 [JavaFX Application Thread] DEBUG AssetLoader          - Loading from file system: /assets/properties/languages/german.properties
10:28:04.367 [JavaFX Application Thread] DEBUG AssetLoader          - Loading from file system: /assets/properties/languages/russian.properties
10:28:04.369 [JavaFX Application Thread] DEBUG AssetLoader          - Loading from file system: /assets/properties/languages/hungarian.properties
10:28:04.372 [JavaFX Application Thread] DEBUG Engine               - Registering font factories
10:28:04.374 [JavaFX Application Thread] DEBUG AssetLoader          - Loading from file system: /assets/ui/fonts/VarelaRound-Regular.ttf
10:28:04.705 [JavaFX Application Thread] DEBUG AssetLoader          - Loading from file system: /assets/ui/fonts/Abel-Regular.ttf
10:28:04.714 [JavaFX Application Thread] DEBUG AssetLoader          - Loading from file system: /assets/ui/fonts/lucida_console.ttf
10:28:04.727 [JavaFX Application Thread] DEBUG AssetLoader          - Loading from file system: /assets/ui/fonts/Courier-Prime.ttf
10:28:04.737 [JavaFX Application Thread] DEBUG Engine               - Setting UI factory
10:28:04.921 [JavaFX Application Thread] DEBUG AssetLoader          - Loading from file system: /assets/textures/fxgl_logo.png
10:28:05.014 [JavaFX Application Thread] DEBUG MainWindow           - Creating a JavaFX scene
10:28:05.120 [JavaFX Application Thread] DEBUG MainWindow           - Target settings size: 1280.0 x 720.0
10:28:05.121 [JavaFX Application Thread] DEBUG MainWindow           - Scaled scene size:    1280.0 x 720.0
10:28:05.121 [JavaFX Application Thread] DEBUG MainWindow           - Scaled ratio: (1.0, 1.0)
10:28:05.124 [JavaFX Application Thread] DEBUG MainWindow           - Set initial scene to FXGLStartupScene
10:28:05.137 [JavaFX Application Thread] DEBUG AssetLoader          - Loading from file system: /assets/textures/fxgl_icon.png
10:28:05.156 [JavaFX Application Thread] DEBUG Engine               - Applying CSS: fxgl_dark.css
10:28:05.156 [JavaFX Application Thread] DEBUG AssetLoader          - Loading from file system: /assets/ui/css/fxgl_dark.css
10:28:05.163 [JavaFX Application Thread] DEBUG AssetLoader          - Loading from file system: /assets/ui/cursors/fxgl_default.png
10:28:05.165 [JavaFX Application Thread] DEBUG MainWindow           - Opening main window
10:28:05.402 [JavaFX Application Thread] DEBUG MainWindow           - Window border size: (16.0, 39.0)
10:28:05.402 [JavaFX Application Thread] DEBUG MainWindow           - Scaled size: 1280.0 x 720.0
10:28:05.402 [JavaFX Application Thread] DEBUG MainWindow           - Scaled ratio: (1.0, 1.0)
10:28:05.402 [JavaFX Application Thread] DEBUG MainWindow           - Scene size: 1280.0 x 720.0
10:28:05.402 [JavaFX Application Thread] DEBUG MainWindow           - Stage size: 1296.0 x 759.0
10:28:05.421 [FXGL Background Thread 1 ] DEBUG FS                   - Loaded FSServiceImpl
10:28:05.421 [FXGL Background Thread 1 ] DEBUG Engine               - Loading FXGL system data
10:28:05.428 [FXGL Background Thread 1 ] DEBUG FSServiceImpl        - Reading from: D:\Users\Profesor\Desktop\eclipse-proyecto\FXGLGames\SwordRunner\system\fxgl.bundle
10:28:05.442 [FXGL Background Thread 1 ] DEBUG Engine               - Bundle FXGL: {}
10:28:05.443 [FXGL Background Thread 1 ] DEBUG Engine               - Initializing application scenes
10:28:05.504 [FXGL Background Thread 1 ] DEBUG GameWorld            - Game world initialized
10:28:05.607 [FXGL Background Thread 1 ] DEBUG PhysicsWorld         - Physics world initialized: appHeight=720, physics.ppm=50,0
10:28:05.609 [FXGL Background Thread 1 ] DEBUG GameScene            - Game scene initialized: 1280x720
10:28:05.661 [FXGL Background Thread 1 ] DEBUG Input                - Registered new binding: Resume - Esc
10:28:05.662 [FXGL Background Thread 1 ] DEBUG AssetLoader          - Loading from file system: /assets/textures/pause_menu_bg.png
10:28:05.705 [FXGL Background Thread 1 ] DEBUG Input                - Registered new binding: Pause - Esc
10:28:05.706 [FXGL Background Thread 1 ] DEBUG Engine               - Application scenes initialized
10:28:05.711 [JavaFX Application Thread] DEBUG Engine               - Running preInit()
10:28:05.712 [JavaFX Application Thread] DEBUG Input                - Registered new binding: Left - A
10:28:05.712 [JavaFX Application Thread] DEBUG Input                - Registered new binding: Right - D
10:28:05.712 [JavaFX Application Thread] DEBUG Input                - Registered new binding: Jump - W
10:28:05.714 [JavaFX Application Thread] DEBUG Input                - Registered new binding: Screenshot - P
10:28:05.715 [JavaFX Application Thread] DEBUG Input                - Registered new binding: System info dump - CTRL+9
10:28:05.715 [JavaFX Application Thread] DEBUG Input                - Registered new binding: Restart - CTRL+R
10:28:05.716 [JavaFX Application Thread] DEBUG Engine               - generateDefaultProfile()
10:28:05.716 [JavaFX Application Thread] DEBUG Engine               - Creating default profile
10:28:05.716 [JavaFX Application Thread] DEBUG EventBus             - Firing event: SaveEvent
10:28:05.737 [JavaFX Application Thread] INFO  Engine               - FXGL initialization took: 1,383 sec
10:28:05.737 [JavaFX Application Thread] DEBUG LoopRunner           - Starting loop
10:28:05.752 [JavaFX Application Thread] DEBUG FXGLStartupScene     - STARTUP
10:28:05.752 [JavaFX Application Thread] DEBUG Engine               - Starting new game
10:28:05.764 [JavaFX Application Thread] DEBUG Input                - Clearing active input actions
10:28:05.765 [FXGL Background Thread 1 ] DEBUG InitAppTask          - Clearing previous game
10:28:05.765 [FXGL Background Thread 1 ] DEBUG GameWorld            - Clearing game world
10:28:05.765 [FXGL Background Thread 1 ] DEBUG PhysicsWorld         - Clearing physics world
10:28:05.765 [FXGL Background Thread 1 ] DEBUG GameScene            - Clearing game scene
10:28:05.766 [FXGL Background Thread 1 ] DEBUG InitAppTask          - Initializing Game
10:28:05.780 [JavaFX Application Thread] DEBUG Engine               - Removing overlay from FXGLStartupScene and adding to LoadingScene
10:28:05.781 [JavaFX Application Thread] DEBUG MainWindow           - FXGLStartupScene -> LoadingScene
10:28:05.784 [FXGL Background Thread 1 ] DEBUG AssetLoader          - Loading from file system: /assets/levels/mapa.tmx
10:28:05.823 [FXGL Background Thread 1 ] WARN  TMXLevelLoader       - TiledMap generated from 1.3.2. Supported version: 1.2.3. Some features may not be parsed fully.
10:28:05.854 [FXGL Background Thread 1 ] DEBUG TMXLevelLoader       - Parsed raw map: TiledMap(width=15, height=10, tilewidth=70, tileheight=70, orientation=orthogonal, layers=[Layer(width=15, height=10, name=Capa de patrones 1, type=tilelayer, visible=false, x=0, y=0, data=[0, 0, 0, 0, 0, 0, 0, 0, 0, 0, 0, 0, 0, 0, 0, 0, 0, 0, 0, 0, 0, 0, 0, 0, 0, 0, 0, 0, 0, 0, 0, 0, 0, 0, 0, 0, 0, 0, 0, 0, 0, 0, 0, 0, 0, 0, 0, 0, 0, 0, 0, 0, 0, 0, 0, 0, 0, 0, 0, 0, 0, 0, 0, 0, 0, 0, 0, 0, 0, 0, 0, 0, 0, 0, 0, 0, 0, 0, 0, 0, 0, 0, 0, 0, 0, 0, 0, 0, 0, 0, 0, 0, 0, 0, 0, 0, 0, 0, 0, 0, 0, 0, 0, 0, 0, 0, 0, 0, 0, 0, 0, 0, 0, 0, 0, 0, 0, 0, 0, 0, 0, 0, 0, 0, 0, 0, 41, 0, 0, 0, 0, 0, 0, 0, 0, 129, 92, 92, 92, 92, 92, 92, 92, 92, 92, 92, 92, 92, 92, 105], objects=[], opacity=0.0, draworder=), Layer(width=0, height=0, name=Capa de Objetos 1, type=objectgroup, visible=false, x=0, y=0, data=[], objects=[com.almasb.fxgl.entity.level.tiled.TiledObject@5f5919d3, com.almasb.fxgl.entity.level.tiled.TiledObject@32acaed7], opacity=0.0, draworder=)], tilesets=[Tileset(firstgid=1, image=tiles_spritesheet.png, name=tiles_spritesheet, tilewidth=70, tileheight=70, imagewidth=914, imageheight=936, margin=0, spacing=2, columns=12, tilecount=156, transparentcolor=)], backgroundcolor=, renderorder=right-down, nextobjectid=6, version=1, tiledversion=1.3.2, type=map, infinite=false, properties={}, propertytypes={})
10:28:05.856 [FXGL Background Thread 1 ] DEBUG TMXLevelLoader       - Creating tile layer entities
10:28:05.857 [FXGL Background Thread 1 ] DEBUG TilesetLoader        - Loading view for layer Capa de patrones 1
10:28:05.863 [FXGL Background Thread 1 ] DEBUG TilesetLoader        - Created buffer with size 1050.0x700.0
10:28:05.864 [FXGL Background Thread 1 ] WARN  TMXLevelLoader       - Parse error Error: java.lang.IllegalArgumentException: file:/D:/Users/Profesor/Desktop/eclipse-proyecto/FXGLGames/SwordRunner/target/classes/assets/levels/tiles_spritesheet.png cannot be loaded
10:28:05.882 [JavaFX Application Thread] FATAL Engine               - Uncaught Exception:

Fatal exception occurred: com.almasb.fxgl.entity.level.LevelLoadingException : file:/D:/Users/Profesor/Desktop/eclipse-proyecto/FXGLGames/SwordRunner/target/classes/assets/levels/tiles_spritesheet.png cannot be loaded
E: com.almasb.fxgl.entity.level.tiled.TMXLevelLoader.load(TMXLevelLoader.kt:70)
E: com.almasb.fxgl.app.AssetLoader.loadLevel(AssetLoader.kt:258)
E: com.almasb.fxgl.dsl.FXGL$Companion.setLevelFromMap(FXGL.kt:407)
E: com.almasb.fxgl.dsl.FXGL.setLevelFromMap(FXGL.kt)
E: dad.swordrunner.juego.RunnerApp.initGame(RunnerApp.java:78)
E: com.almasb.fxgl.app.LoadingScene$InitAppTask.initGame(LoadingScene.kt:137)
E: com.almasb.fxgl.app.LoadingScene$InitAppTask.call(LoadingScene.kt:106)
E: com.almasb.fxgl.app.LoadingScene$InitAppTask.call(LoadingScene.kt:94)
E: javafx.concurrent.Task$TaskCallable.call(Task.java:1425)
E: java.base/java.util.concurrent.FutureTask.run(FutureTask.java:264)
E: java.base/java.util.concurrent.Executors$RunnableAdapter.call(Executors.java:515)
E: java.base/java.util.concurrent.FutureTask.run(FutureTask.java:264)
E: java.base/java.util.concurrent.ThreadPoolExecutor.runWorker(ThreadPoolExecutor.java:1128)
E: java.base/java.util.concurrent.ThreadPoolExecutor$Worker.run(ThreadPoolExecutor.java:628)
E: java.base/java.lang.Thread.run(Thread.java:834)

10:28:05.882 [JavaFX Application Thread] FATAL Engine               - Application will now exit
10:28:05.882 [JavaFX Application Thread] DEBUG LoopRunner           - Stopping loop
10:28:09.854 [JavaFX Application Thread] DEBUG Engine               - Exiting FXGL
10:28:09.854 [JavaFX Application Thread] DEBUG Engine               - Shutting down background threads
10:28:09.855 [JavaFX Application Thread] DEBUG Engine               - Saving FXGL system data
10:28:09.858 [JavaFX Application Thread] DEBUG FSServiceImpl        - Writing to: D:\Users\Profesor\Desktop\eclipse-proyecto\FXGLGames\SwordRunner\system\fxgl.bundle
10:28:09.861 [JavaFX Application Thread] DEBUG Engine               - Closing logger and exiting JavaFX
