12:01:05.745 [main                     ] DEBUG GameApplication      - Logger initialized
12:01:05.772 [main                     ] DEBUG GameApplication      - Logging settings
Title: Untitled
Version: 0.0
Width: 1280
Height: 720
Fullscreen: false
Intro: false
Menus: false
Profiling: false
Single step:false
App Mode: DEVELOPER
Menu Key: ESCAPE
Stage Style: DECORATED
Scene Factory: class com.almasb.fxgl.app.SceneFactory
Dialog Factory: class com.almasb.fxgl.ui.FXGLDialogFactory
UI Factory: class com.almasb.fxgl.ui.FXGLUIFactory

12:01:06.097 [JavaFX Application Thread] DEBUG Engine               - Initializing FXGL
12:01:06.098 [JavaFX Application Thread] INFO  Engine               - FXGL-11.7 (05.01.2020 09.37) on WINDOWS (J:11.0.4 FX:11.0.1)
12:01:06.098 [JavaFX Application Thread] INFO  Engine               - Source code and latest versions at: https://github.com/AlmasB/FXGL
12:01:06.098 [JavaFX Application Thread] INFO  Engine               -              Join the FXGL chat at: https://gitter.im/AlmasB/FXGL
12:01:06.099 [JavaFX Application Thread] DEBUG Engine               - Initializing environment variables
12:01:06.102 [JavaFX Application Thread] DEBUG Engine               - Logging environment variables
12:01:06.102 [JavaFX Application Thread] DEBUG Engine               - achievements: []
12:01:06.102 [JavaFX Application Thread] DEBUG Engine               - sceneStack: com.almasb.fxgl.app.Engine@1c191374
12:01:06.102 [JavaFX Application Thread] DEBUG Engine               - language: ObjectProperty [value: ENGLISH]
12:01:06.102 [JavaFX Application Thread] DEBUG Engine               - isCloseConfirmation: false
12:01:06.102 [JavaFX Application Thread] DEBUG Engine               - isProfilingEnabled: false
12:01:06.103 [JavaFX Application Thread] DEBUG Engine               - soundNotification: core/notification.wav
12:01:06.103 [JavaFX Application Thread] DEBUG Engine               - devShowBBoxProperty: BooleanProperty [value: false]
12:01:06.104 [JavaFX Application Thread] DEBUG Engine               - pixelsPerMeter: 50.0
12:01:06.104 [JavaFX Application Thread] DEBUG Engine               - overlayRoot: Group@69598552
12:01:06.104 [JavaFX Application Thread] DEBUG Engine               - soundMenuBack: menu/back.wav
12:01:06.104 [JavaFX Application Thread] DEBUG Engine               - appIcon: fxgl_icon.png
12:01:06.105 [JavaFX Application Thread] DEBUG Engine               - isFullScreenAllowed: false
12:01:06.105 [JavaFX Application Thread] DEBUG Engine               - isIntroEnabled: false
12:01:06.105 [JavaFX Application Thread] DEBUG Engine               - eventBus: com.almasb.fxgl.event.EventBus@26627339
12:01:06.105 [JavaFX Application Thread] DEBUG Engine               - fontMono: lucida_console.ttf
12:01:06.105 [JavaFX Application Thread] DEBUG Engine               - soundMenuSelect: menu/select.wav
12:01:06.105 [JavaFX Application Thread] DEBUG Engine               - isWindows: true
12:01:06.105 [JavaFX Application Thread] DEBUG Engine               - isMobile: false
12:01:06.106 [JavaFX Application Thread] DEBUG Engine               - height: 720
12:01:06.106 [JavaFX Application Thread] DEBUG Engine               - isExperimentalNative: false
12:01:06.106 [JavaFX Application Thread] DEBUG Engine               - isSingleStep: false
12:01:06.106 [JavaFX Application Thread] DEBUG Engine               - cSSList: [fxgl_dark.css]
12:01:06.106 [JavaFX Application Thread] DEBUG Engine               - fontGame: Abel-Regular.ttf
12:01:06.106 [JavaFX Application Thread] DEBUG Engine               - menuKey: ESCAPE
12:01:06.106 [JavaFX Application Thread] DEBUG Engine               - devShowPositionProperty: BooleanProperty [value: false]
12:01:06.106 [JavaFX Application Thread] DEBUG Engine               - versionCheckDays: 7
12:01:06.107 [JavaFX Application Thread] DEBUG Engine               - masterTimer: com.almasb.fxgl.time.Timer@72344632
12:01:06.107 [JavaFX Application Thread] DEBUG Engine               - configClass: Optional.empty
12:01:06.107 [JavaFX Application Thread] DEBUG Engine               - isFullScreenFromStart: false
12:01:06.107 [JavaFX Application Thread] DEBUG Engine               - version: 0.0
12:01:06.107 [JavaFX Application Thread] DEBUG Engine               - fullScreen: BooleanProperty [value: false]
12:01:06.107 [JavaFX Application Thread] DEBUG Engine               - randomSeed: -1
12:01:06.107 [JavaFX Application Thread] DEBUG Engine               - dialogFactory: com.almasb.fxgl.ui.FXGLDialogFactory@4e4bd335
12:01:06.107 [JavaFX Application Thread] DEBUG Engine               - applicationMode: DEVELOPER
12:01:06.108 [JavaFX Application Thread] DEBUG Engine               - isMac: false
12:01:06.108 [JavaFX Application Thread] DEBUG Engine               - urlGoogleForms: https://goo.gl/forms/6wrMnOBxTE1fEpOy2
12:01:06.108 [JavaFX Application Thread] DEBUG Engine               - isMenuEnabled: false
12:01:06.108 [JavaFX Application Thread] DEBUG Engine               - urlPOM: https://raw.githubusercontent.com/AlmasB/FXGL/master/pom.xml
12:01:06.108 [JavaFX Application Thread] DEBUG Engine               - profileName: user.profile
12:01:06.108 [JavaFX Application Thread] DEBUG Engine               - notificationViewClass: class com.almasb.fxgl.notification.view.XboxNotificationView
12:01:06.108 [JavaFX Application Thread] DEBUG Engine               - devSensorColorProperty: ObjectProperty [value: 0xffff00ff]
12:01:06.108 [JavaFX Application Thread] DEBUG Engine               - sceneFactory: com.almasb.fxgl.app.SceneFactory@6b9dacbb
12:01:06.109 [JavaFX Application Thread] DEBUG Engine               - dataFileExt: .dat
12:01:06.109 [JavaFX Application Thread] DEBUG Engine               - stageStyle: DECORATED
12:01:06.109 [JavaFX Application Thread] DEBUG Engine               - isManualResizeEnabled: false
12:01:06.109 [JavaFX Application Thread] DEBUG Engine               - title: Untitled
12:01:06.109 [JavaFX Application Thread] DEBUG Engine               - platform: WINDOWS
12:01:06.109 [JavaFX Application Thread] DEBUG Engine               - devBBoxColorProperty: ObjectProperty [value: 0xff0000ff]
12:01:06.109 [JavaFX Application Thread] DEBUG Engine               - isDesktop: true
12:01:06.109 [JavaFX Application Thread] DEBUG Engine               - credits: []
12:01:06.109 [JavaFX Application Thread] DEBUG Engine               - globalMusicVolumeProperty: DoubleProperty [value: 0.5]
12:01:06.110 [JavaFX Application Thread] DEBUG Engine               - isPreserveResizeRatio: false
12:01:06.110 [JavaFX Application Thread] DEBUG Engine               - uIFactory: com.almasb.fxgl.ui.FXGLUIFactory@5e53e14a
12:01:06.110 [JavaFX Application Thread] DEBUG Engine               - fontText: Courier-Prime.ttf
12:01:06.110 [JavaFX Application Thread] DEBUG Engine               - isExperimentalTiledLargeMap: false
12:01:06.110 [JavaFX Application Thread] DEBUG Engine               - secondsIn24h: 60
12:01:06.110 [JavaFX Application Thread] DEBUG Engine               - runtimeInfo: RuntimeInfo(platform=WINDOWS, version=11.7, build=05.01.2020 09.37)
12:01:06.110 [JavaFX Application Thread] DEBUG Engine               - isLinux: false
12:01:06.110 [JavaFX Application Thread] DEBUG Engine               - soundMenuPress: menu/press.wav
12:01:06.110 [JavaFX Application Thread] DEBUG Engine               - urlGithub: https://github.com/AlmasB/FXGL
12:01:06.110 [JavaFX Application Thread] DEBUG Engine               - profileDir: profiles/
12:01:06.111 [JavaFX Application Thread] DEBUG Engine               - isDeveloperMenuEnabled: false
12:01:06.111 [JavaFX Application Thread] DEBUG Engine               - globalSoundVolumeProperty: DoubleProperty [value: 0.5]
12:01:06.111 [JavaFX Application Thread] DEBUG Engine               - isBrowser: false
12:01:06.111 [JavaFX Application Thread] DEBUG Engine               - globalSoundVolume: 0.5
12:01:06.111 [JavaFX Application Thread] DEBUG Engine               - urlLeaderboard: http://fxgl-top.herokuapp.com/
12:01:06.111 [JavaFX Application Thread] DEBUG Engine               - saveDir: saves/
12:01:06.111 [JavaFX Application Thread] DEBUG Engine               - engineServices: [class com.almasb.fxgl.audio.AudioPlayer, class com.almasb.fxgl.notification.impl.NotificationServiceProvider, class com.almasb.fxgl.achievement.AchievementManager, class com.almasb.fxgl.cutscene.CutsceneService, class com.almasb.fxgl.minigames.MiniGameService]
12:01:06.111 [JavaFX Application Thread] DEBUG Engine               - globalMusicVolume: 0.5
12:01:06.111 [JavaFX Application Thread] DEBUG Engine               - width: 1280
12:01:06.111 [JavaFX Application Thread] DEBUG Engine               - saveFileExt: .sav
12:01:06.111 [JavaFX Application Thread] DEBUG Engine               - isAndroid: false
12:01:06.112 [JavaFX Application Thread] DEBUG Engine               - fontUI: VarelaRound-Regular.ttf
12:01:06.112 [JavaFX Application Thread] DEBUG Engine               - enabledMenuItems: []
12:01:06.112 [JavaFX Application Thread] DEBUG Engine               - isIOS: false
12:01:06.114 [JavaFX Application Thread] DEBUG Engine               - Adding new engine service: class com.almasb.fxgl.audio.AudioPlayer
12:01:06.115 [JavaFX Application Thread] DEBUG Engine               - Adding new engine service: class com.almasb.fxgl.notification.impl.NotificationServiceProvider
12:01:06.115 [JavaFX Application Thread] DEBUG Engine               - Adding new engine service: class com.almasb.fxgl.achievement.AchievementManager
12:01:06.116 [JavaFX Application Thread] DEBUG Engine               - Adding new engine service: class com.almasb.fxgl.cutscene.CutsceneService
12:01:06.116 [JavaFX Application Thread] DEBUG Engine               - Adding new engine service: class com.almasb.fxgl.minigames.MiniGameService
12:01:06.119 [JavaFX Application Thread] DEBUG Engine               - Loading localizations
12:01:06.127 [JavaFX Application Thread] DEBUG AssetLoader          - Loading from file system: /assets/properties/languages/english.properties
12:01:06.129 [JavaFX Application Thread] DEBUG AssetLoader          - Loading from file system: /assets/properties/languages/french.properties
12:01:06.130 [JavaFX Application Thread] DEBUG AssetLoader          - Loading from file system: /assets/properties/languages/german.properties
12:01:06.132 [JavaFX Application Thread] DEBUG AssetLoader          - Loading from file system: /assets/properties/languages/russian.properties
12:01:06.133 [JavaFX Application Thread] DEBUG AssetLoader          - Loading from file system: /assets/properties/languages/hungarian.properties
12:01:06.135 [JavaFX Application Thread] DEBUG Engine               - Registering font factories
12:01:06.136 [JavaFX Application Thread] DEBUG AssetLoader          - Loading from file system: /assets/ui/fonts/VarelaRound-Regular.ttf
12:01:06.273 [JavaFX Application Thread] DEBUG AssetLoader          - Loading from file system: /assets/ui/fonts/Abel-Regular.ttf
12:01:06.282 [JavaFX Application Thread] DEBUG AssetLoader          - Loading from file system: /assets/ui/fonts/lucida_console.ttf
12:01:06.293 [JavaFX Application Thread] DEBUG AssetLoader          - Loading from file system: /assets/ui/fonts/Courier-Prime.ttf
12:01:06.302 [JavaFX Application Thread] DEBUG Engine               - Setting UI factory
12:01:06.389 [JavaFX Application Thread] DEBUG AssetLoader          - Loading from file system: /assets/textures/fxgl_logo.png
12:01:06.444 [JavaFX Application Thread] DEBUG MainWindow           - Creating a JavaFX scene
12:01:06.487 [JavaFX Application Thread] DEBUG MainWindow           - Target settings size: 1280.0 x 720.0
12:01:06.487 [JavaFX Application Thread] DEBUG MainWindow           - Scaled scene size:    1280.0 x 720.0
12:01:06.487 [JavaFX Application Thread] DEBUG MainWindow           - Scaled ratio: (1.0, 1.0)
12:01:06.488 [JavaFX Application Thread] DEBUG MainWindow           - Set initial scene to FXGLStartupScene
12:01:06.495 [JavaFX Application Thread] DEBUG AssetLoader          - Loading from file system: /assets/textures/fxgl_icon.png
12:01:06.509 [JavaFX Application Thread] DEBUG Engine               - Applying CSS: fxgl_dark.css
12:01:06.509 [JavaFX Application Thread] DEBUG AssetLoader          - Loading from file system: /assets/ui/css/fxgl_dark.css
12:01:06.512 [JavaFX Application Thread] DEBUG AssetLoader          - Loading from file system: /assets/ui/cursors/fxgl_default.png
12:01:06.513 [JavaFX Application Thread] DEBUG MainWindow           - Opening main window
12:01:06.643 [JavaFX Application Thread] DEBUG MainWindow           - Window border size: (16.0, 39.0)
12:01:06.643 [JavaFX Application Thread] DEBUG MainWindow           - Scaled size: 1280.0 x 720.0
12:01:06.643 [JavaFX Application Thread] DEBUG MainWindow           - Scaled ratio: (1.0, 1.0)
12:01:06.643 [JavaFX Application Thread] DEBUG MainWindow           - Scene size: 1280.0 x 720.0
12:01:06.644 [JavaFX Application Thread] DEBUG MainWindow           - Stage size: 1296.0 x 759.0
12:01:06.654 [FXGL Background Thread 1 ] DEBUG FS                   - Loaded FSServiceImpl
12:01:06.654 [FXGL Background Thread 1 ] DEBUG Engine               - Loading FXGL system data
12:01:06.665 [FXGL Background Thread 1 ] DEBUG FSServiceImpl        - Reading from: D:\Users\fvarrui\GitHub\SwordRunner\system\fxgl.bundle
12:01:06.678 [FXGL Background Thread 1 ] DEBUG Engine               - Bundle FXGL: {}
12:01:06.679 [FXGL Background Thread 1 ] DEBUG Engine               - Initializing application scenes
12:01:06.723 [FXGL Background Thread 1 ] DEBUG GameWorld            - Game world initialized
12:01:06.773 [FXGL Background Thread 1 ] DEBUG PhysicsWorld         - Physics world initialized: appHeight=720, physics.ppm=50,0
12:01:06.775 [FXGL Background Thread 1 ] DEBUG GameScene            - Game scene initialized: 1280x720
12:01:06.806 [FXGL Background Thread 1 ] DEBUG Input                - Registered new binding: Resume - Esc
12:01:06.807 [FXGL Background Thread 1 ] DEBUG AssetLoader          - Loading from file system: /assets/textures/pause_menu_bg.png
12:01:06.831 [FXGL Background Thread 1 ] DEBUG Input                - Registered new binding: Pause - Esc
12:01:06.831 [FXGL Background Thread 1 ] DEBUG Engine               - Application scenes initialized
12:01:06.834 [JavaFX Application Thread] DEBUG Engine               - Running preInit()
12:01:06.834 [JavaFX Application Thread] DEBUG Input                - Registered new binding: Left - A
12:01:06.834 [JavaFX Application Thread] DEBUG Input                - Registered new binding: Right - D
12:01:06.834 [JavaFX Application Thread] DEBUG Input                - Registered new binding: Jump - W
12:01:06.835 [JavaFX Application Thread] DEBUG Input                - Registered new binding: Screenshot - P
12:01:06.836 [JavaFX Application Thread] DEBUG Input                - Registered new binding: System info dump - CTRL+9
12:01:06.836 [JavaFX Application Thread] DEBUG Input                - Registered new binding: Restart - CTRL+R
12:01:06.836 [JavaFX Application Thread] DEBUG Engine               - generateDefaultProfile()
12:01:06.836 [JavaFX Application Thread] DEBUG Engine               - Creating default profile
12:01:06.837 [JavaFX Application Thread] DEBUG EventBus             - Firing event: SaveEvent
12:01:06.849 [JavaFX Application Thread] INFO  Engine               - FXGL initialization took: 0,730 sec
12:01:06.849 [JavaFX Application Thread] DEBUG LoopRunner           - Starting loop
12:01:06.871 [JavaFX Application Thread] DEBUG FXGLStartupScene     - STARTUP
12:01:06.871 [JavaFX Application Thread] DEBUG Engine               - Starting new game
12:01:06.878 [JavaFX Application Thread] DEBUG Input                - Clearing active input actions
12:01:06.878 [FXGL Background Thread 1 ] DEBUG InitAppTask          - Clearing previous game
12:01:06.878 [FXGL Background Thread 1 ] DEBUG GameWorld            - Clearing game world
12:01:06.879 [FXGL Background Thread 1 ] DEBUG PhysicsWorld         - Clearing physics world
12:01:06.879 [FXGL Background Thread 1 ] DEBUG GameScene            - Clearing game scene
12:01:06.879 [FXGL Background Thread 1 ] DEBUG InitAppTask          - Initializing Game
12:01:06.887 [FXGL Background Thread 1 ] DEBUG AssetLoader          - Loading from file system: /assets/levels/mapa.tmx
12:01:06.892 [JavaFX Application Thread] DEBUG Engine               - Removing overlay from FXGLStartupScene and adding to LoadingScene
12:01:06.893 [JavaFX Application Thread] DEBUG MainWindow           - FXGLStartupScene -> LoadingScene
12:01:06.911 [FXGL Background Thread 1 ] WARN  TMXLevelLoader       - TiledMap generated from 1.3.1. Supported version: 1.2.3. Some features may not be parsed fully.
12:01:06.925 [FXGL Background Thread 1 ] DEBUG TMXLevelLoader       - Parsed raw map: TiledMap(width=15, height=10, tilewidth=70, tileheight=70, orientation=orthogonal, layers=[Layer(width=15, height=10, name=Capa de patrones 1, type=tilelayer, visible=false, x=0, y=0, data=[0, 0, 0, 0, 0, 0, 0, 0, 0, 0, 0, 0, 0, 0, 0, 0, 0, 0, 0, 0, 0, 0, 0, 0, 0, 0, 0, 0, 0, 0, 0, 0, 0, 0, 0, 0, 0, 0, 0, 0, 0, 0, 0, 0, 0, 0, 0, 0, 0, 0, 0, 0, 0, 0, 0, 0, 0, 0, 0, 0, 0, 0, 0, 0, 0, 0, 0, 0, 0, 0, 0, 0, 0, 0, 0, 0, 0, 0, 0, 0, 0, 0, 0, 0, 0, 0, 0, 0, 0, 0, 0, 0, 0, 0, 0, 0, 0, 0, 0, 0, 0, 0, 0, 0, 0, 0, 0, 0, 0, 0, 0, 0, 0, 0, 0, 0, 0, 0, 0, 0, 0, 0, 0, 0, 0, 0, 41, 0, 0, 0, 0, 0, 0, 0, 0, 129, 92, 92, 92, 92, 92, 92, 92, 92, 92, 92, 92, 92, 92, 105], objects=[], opacity=0.0, draworder=), Layer(width=0, height=0, name=Capa de Objetos 1, type=objectgroup, visible=false, x=0, y=0, data=[], objects=[com.almasb.fxgl.entity.level.tiled.TiledObject@195389ae], opacity=0.0, draworder=)], tilesets=[Tileset(firstgid=1, image=tiles_spritesheet.png, name=tiles_spritesheet, tilewidth=70, tileheight=70, imagewidth=914, imageheight=936, margin=0, spacing=2, columns=12, tilecount=156, transparentcolor=)], backgroundcolor=, renderorder=right-down, nextobjectid=6, version=1, tiledversion=1.3.1, type=map, infinite=false, properties={}, propertytypes={})
12:01:06.925 [FXGL Background Thread 1 ] DEBUG TMXLevelLoader       - Creating tile layer entities
12:01:06.926 [FXGL Background Thread 1 ] DEBUG TilesetLoader        - Loading view for layer Capa de patrones 1
12:01:06.929 [FXGL Background Thread 1 ] DEBUG TilesetLoader        - Created buffer with size 1050.0x700.0
12:01:06.948 [FXGL Background Thread 1 ] DEBUG TilesetLoader        - Writing to buffer: dst=420,560, w=70,h=70, src=288,216
12:01:06.951 [FXGL Background Thread 1 ] DEBUG TilesetLoader        - Writing to buffer: dst=0,630, w=70,h=70, src=576,720
12:01:06.951 [FXGL Background Thread 1 ] DEBUG TilesetLoader        - Writing to buffer: dst=70,630, w=70,h=70, src=504,504
12:01:06.951 [FXGL Background Thread 1 ] DEBUG TilesetLoader        - Writing to buffer: dst=140,630, w=70,h=70, src=504,504
12:01:06.951 [FXGL Background Thread 1 ] DEBUG TilesetLoader        - Writing to buffer: dst=210,630, w=70,h=70, src=504,504
12:01:06.951 [FXGL Background Thread 1 ] DEBUG TilesetLoader        - Writing to buffer: dst=280,630, w=70,h=70, src=504,504
12:01:06.951 [FXGL Background Thread 1 ] DEBUG TilesetLoader        - Writing to buffer: dst=350,630, w=70,h=70, src=504,504
12:01:06.951 [FXGL Background Thread 1 ] DEBUG TilesetLoader        - Writing to buffer: dst=420,630, w=70,h=70, src=504,504
12:01:06.952 [FXGL Background Thread 1 ] DEBUG TilesetLoader        - Writing to buffer: dst=490,630, w=70,h=70, src=504,504
12:01:06.952 [FXGL Background Thread 1 ] DEBUG TilesetLoader        - Writing to buffer: dst=560,630, w=70,h=70, src=504,504
12:01:06.952 [FXGL Background Thread 1 ] DEBUG TilesetLoader        - Writing to buffer: dst=630,630, w=70,h=70, src=504,504
12:01:06.952 [FXGL Background Thread 1 ] DEBUG TilesetLoader        - Writing to buffer: dst=700,630, w=70,h=70, src=504,504
12:01:06.952 [FXGL Background Thread 1 ] DEBUG TilesetLoader        - Writing to buffer: dst=770,630, w=70,h=70, src=504,504
12:01:06.952 [FXGL Background Thread 1 ] DEBUG TilesetLoader        - Writing to buffer: dst=840,630, w=70,h=70, src=504,504
12:01:06.952 [FXGL Background Thread 1 ] DEBUG TilesetLoader        - Writing to buffer: dst=910,630, w=70,h=70, src=504,504
12:01:06.952 [FXGL Background Thread 1 ] DEBUG TilesetLoader        - Writing to buffer: dst=980,630, w=70,h=70, src=576,576
12:01:06.953 [FXGL Background Thread 1 ] DEBUG TMXLevelLoader       - Creating object layer entities
12:01:06.968 [FXGL Background Thread 1 ] DEBUG GameWorld            - Clearing removable entities
12:01:06.968 [FXGL Background Thread 1 ] DEBUG GameWorld            - Setting level: com.almasb.fxgl.entity.level.Level@6f96798d
12:01:06.999 [FXGL Background Thread 1 ] DEBUG AssetLoader          - Loading from file system: /assets/textures/quieto.png
12:01:07.000 [FXGL Background Thread 1 ] WARN  AssetLoader          - Failed to load texture quieto.png Error: java.lang.IllegalArgumentException: Asset "/assets/textures/quieto.png" was not found!
12:01:07.025 [FXGL Background Thread 1 ] DEBUG AssetLoader          - Loading from file system: /assets/textures/correr.png
12:01:07.026 [FXGL Background Thread 1 ] WARN  AssetLoader          - Failed to load texture correr.png Error: java.lang.IllegalArgumentException: Asset "/assets/textures/correr.png" was not found!
12:01:07.030 [FXGL Background Thread 1 ] DEBUG InitAppTask          - Initializing Physics
12:01:07.030 [FXGL Background Thread 1 ] DEBUG InitAppTask          - Initializing UI
12:01:07.030 [FXGL Background Thread 1 ] DEBUG InitAppTask          - Initialization Complete
12:01:07.030 [FXGL Background Thread 1 ] INFO  InitAppTask          - Game initialization took: 0,152 sec
12:01:07.041 [JavaFX Application Thread] DEBUG Input                - Clearing active input actions
12:01:07.054 [JavaFX Application Thread] DEBUG Engine               - Removing overlay from LoadingScene and adding to GameScene
12:01:07.054 [JavaFX Application Thread] DEBUG MainWindow           - LoadingScene -> GameScene
12:01:10.813 [JavaFX Application Thread] DEBUG Engine               - Exiting FXGL
12:01:10.813 [JavaFX Application Thread] DEBUG Engine               - Shutting down background threads
12:01:10.813 [JavaFX Application Thread] DEBUG Engine               - Saving FXGL system data
12:01:10.816 [JavaFX Application Thread] DEBUG FSServiceImpl        - Writing to: D:\Users\fvarrui\GitHub\SwordRunner\system\fxgl.bundle
12:01:10.819 [JavaFX Application Thread] DEBUG Engine               - Closing logger and exiting JavaFX
