10:27:13.931 [main                     ] DEBUG GameApplication      - Logger initialized
10:27:13.974 [main                     ] DEBUG GameApplication      - Logging settings
Title: Untitled
Version: 0.0
Width: 1280
Height: 720
Fullscreen: false
Intro: false
Menus: false
Profiling: false
Single step:false
App Mode: DEVELOPER
Menu Key: ESCAPE
Stage Style: DECORATED
Scene Factory: class com.almasb.fxgl.app.SceneFactory
Dialog Factory: class com.almasb.fxgl.ui.FXGLDialogFactory
UI Factory: class com.almasb.fxgl.ui.FXGLUIFactory

10:27:14.658 [JavaFX Application Thread] DEBUG Engine               - Initializing FXGL
10:27:14.658 [JavaFX Application Thread] INFO  Engine               - FXGL-11.7 (05.01.2020 09.37) on WINDOWS (J:11.0.4 FX:11.0.1)
10:27:14.659 [JavaFX Application Thread] INFO  Engine               - Source code and latest versions at: https://github.com/AlmasB/FXGL
10:27:14.659 [JavaFX Application Thread] INFO  Engine               -              Join the FXGL chat at: https://gitter.im/AlmasB/FXGL
10:27:14.659 [JavaFX Application Thread] DEBUG Engine               - Initializing environment variables
10:27:14.665 [JavaFX Application Thread] DEBUG Engine               - Logging environment variables
10:27:14.665 [JavaFX Application Thread] DEBUG Engine               - achievements: []
10:27:14.665 [JavaFX Application Thread] DEBUG Engine               - sceneStack: com.almasb.fxgl.app.Engine@4f9a57ef
10:27:14.666 [JavaFX Application Thread] DEBUG Engine               - language: ObjectProperty [value: ENGLISH]
10:27:14.666 [JavaFX Application Thread] DEBUG Engine               - isCloseConfirmation: false
10:27:14.666 [JavaFX Application Thread] DEBUG Engine               - isProfilingEnabled: false
10:27:14.666 [JavaFX Application Thread] DEBUG Engine               - soundNotification: core/notification.wav
10:27:14.667 [JavaFX Application Thread] DEBUG Engine               - devShowBBoxProperty: BooleanProperty [value: false]
10:27:14.669 [JavaFX Application Thread] DEBUG Engine               - pixelsPerMeter: 50.0
10:27:14.669 [JavaFX Application Thread] DEBUG Engine               - overlayRoot: Group@55e90313
10:27:14.669 [JavaFX Application Thread] DEBUG Engine               - appIcon: fxgl_icon.png
10:27:14.670 [JavaFX Application Thread] DEBUG Engine               - soundMenuBack: menu/back.wav
10:27:14.670 [JavaFX Application Thread] DEBUG Engine               - isFullScreenAllowed: false
10:27:14.670 [JavaFX Application Thread] DEBUG Engine               - isIntroEnabled: false
10:27:14.670 [JavaFX Application Thread] DEBUG Engine               - eventBus: com.almasb.fxgl.event.EventBus@1d4cc14e
10:27:14.670 [JavaFX Application Thread] DEBUG Engine               - fontMono: lucida_console.ttf
10:27:14.671 [JavaFX Application Thread] DEBUG Engine               - soundMenuSelect: menu/select.wav
10:27:14.671 [JavaFX Application Thread] DEBUG Engine               - isWindows: true
10:27:14.671 [JavaFX Application Thread] DEBUG Engine               - isMobile: false
10:27:14.671 [JavaFX Application Thread] DEBUG Engine               - height: 720
10:27:14.671 [JavaFX Application Thread] DEBUG Engine               - isExperimentalNative: false
10:27:14.671 [JavaFX Application Thread] DEBUG Engine               - isSingleStep: false
10:27:14.672 [JavaFX Application Thread] DEBUG Engine               - cSSList: [fxgl_dark.css]
10:27:14.672 [JavaFX Application Thread] DEBUG Engine               - fontGame: Abel-Regular.ttf
10:27:14.672 [JavaFX Application Thread] DEBUG Engine               - menuKey: ESCAPE
10:27:14.672 [JavaFX Application Thread] DEBUG Engine               - devShowPositionProperty: BooleanProperty [value: false]
10:27:14.672 [JavaFX Application Thread] DEBUG Engine               - versionCheckDays: 7
10:27:14.672 [JavaFX Application Thread] DEBUG Engine               - masterTimer: com.almasb.fxgl.time.Timer@f4d827
10:27:14.672 [JavaFX Application Thread] DEBUG Engine               - configClass: Optional.empty
10:27:14.672 [JavaFX Application Thread] DEBUG Engine               - isFullScreenFromStart: false
10:27:14.673 [JavaFX Application Thread] DEBUG Engine               - version: 0.0
10:27:14.673 [JavaFX Application Thread] DEBUG Engine               - fullScreen: BooleanProperty [value: false]
10:27:14.673 [JavaFX Application Thread] DEBUG Engine               - randomSeed: -1
10:27:14.673 [JavaFX Application Thread] DEBUG Engine               - dialogFactory: com.almasb.fxgl.ui.FXGLDialogFactory@80f91d5
10:27:14.673 [JavaFX Application Thread] DEBUG Engine               - applicationMode: DEVELOPER
10:27:14.673 [JavaFX Application Thread] DEBUG Engine               - isMac: false
10:27:14.673 [JavaFX Application Thread] DEBUG Engine               - urlGoogleForms: https://goo.gl/forms/6wrMnOBxTE1fEpOy2
10:27:14.673 [JavaFX Application Thread] DEBUG Engine               - isMenuEnabled: false
10:27:14.673 [JavaFX Application Thread] DEBUG Engine               - urlPOM: https://raw.githubusercontent.com/AlmasB/FXGL/master/pom.xml
10:27:14.674 [JavaFX Application Thread] DEBUG Engine               - profileName: user.profile
10:27:14.674 [JavaFX Application Thread] DEBUG Engine               - notificationViewClass: class com.almasb.fxgl.notification.view.XboxNotificationView
10:27:14.674 [JavaFX Application Thread] DEBUG Engine               - devSensorColorProperty: ObjectProperty [value: 0xffff00ff]
10:27:14.674 [JavaFX Application Thread] DEBUG Engine               - sceneFactory: com.almasb.fxgl.app.SceneFactory@15e3ea5c
10:27:14.674 [JavaFX Application Thread] DEBUG Engine               - dataFileExt: .dat
10:27:14.674 [JavaFX Application Thread] DEBUG Engine               - stageStyle: DECORATED
10:27:14.674 [JavaFX Application Thread] DEBUG Engine               - isManualResizeEnabled: false
10:27:14.675 [JavaFX Application Thread] DEBUG Engine               - title: Untitled
10:27:14.675 [JavaFX Application Thread] DEBUG Engine               - platform: WINDOWS
10:27:14.675 [JavaFX Application Thread] DEBUG Engine               - devBBoxColorProperty: ObjectProperty [value: 0xff0000ff]
10:27:14.675 [JavaFX Application Thread] DEBUG Engine               - isDesktop: true
10:27:14.675 [JavaFX Application Thread] DEBUG Engine               - credits: []
10:27:14.675 [JavaFX Application Thread] DEBUG Engine               - globalMusicVolumeProperty: DoubleProperty [value: 0.5]
10:27:14.675 [JavaFX Application Thread] DEBUG Engine               - isPreserveResizeRatio: false
10:27:14.675 [JavaFX Application Thread] DEBUG Engine               - uIFactory: com.almasb.fxgl.ui.FXGLUIFactory@6e5e0f1f
10:27:14.676 [JavaFX Application Thread] DEBUG Engine               - fontText: Courier-Prime.ttf
10:27:14.676 [JavaFX Application Thread] DEBUG Engine               - isExperimentalTiledLargeMap: false
10:27:14.676 [JavaFX Application Thread] DEBUG Engine               - secondsIn24h: 60
10:27:14.676 [JavaFX Application Thread] DEBUG Engine               - runtimeInfo: RuntimeInfo(platform=WINDOWS, version=11.7, build=05.01.2020 09.37)
10:27:14.676 [JavaFX Application Thread] DEBUG Engine               - soundMenuPress: menu/press.wav
10:27:14.677 [JavaFX Application Thread] DEBUG Engine               - isLinux: false
10:27:14.677 [JavaFX Application Thread] DEBUG Engine               - urlGithub: https://github.com/AlmasB/FXGL
10:27:14.677 [JavaFX Application Thread] DEBUG Engine               - profileDir: profiles/
10:27:14.677 [JavaFX Application Thread] DEBUG Engine               - isDeveloperMenuEnabled: false
10:27:14.677 [JavaFX Application Thread] DEBUG Engine               - globalSoundVolumeProperty: DoubleProperty [value: 0.5]
10:27:14.678 [JavaFX Application Thread] DEBUG Engine               - globalSoundVolume: 0.5
10:27:14.678 [JavaFX Application Thread] DEBUG Engine               - isBrowser: false
10:27:14.678 [JavaFX Application Thread] DEBUG Engine               - urlLeaderboard: http://fxgl-top.herokuapp.com/
10:27:14.678 [JavaFX Application Thread] DEBUG Engine               - saveDir: saves/
10:27:14.678 [JavaFX Application Thread] DEBUG Engine               - engineServices: [class com.almasb.fxgl.audio.AudioPlayer, class com.almasb.fxgl.notification.impl.NotificationServiceProvider, class com.almasb.fxgl.achievement.AchievementManager, class com.almasb.fxgl.cutscene.CutsceneService, class com.almasb.fxgl.minigames.MiniGameService]
10:27:14.679 [JavaFX Application Thread] DEBUG Engine               - globalMusicVolume: 0.5
10:27:14.679 [JavaFX Application Thread] DEBUG Engine               - width: 1280
10:27:14.679 [JavaFX Application Thread] DEBUG Engine               - saveFileExt: .sav
10:27:14.679 [JavaFX Application Thread] DEBUG Engine               - isAndroid: false
10:27:14.679 [JavaFX Application Thread] DEBUG Engine               - fontUI: VarelaRound-Regular.ttf
10:27:14.680 [JavaFX Application Thread] DEBUG Engine               - enabledMenuItems: []
10:27:14.680 [JavaFX Application Thread] DEBUG Engine               - isIOS: false
10:27:14.686 [JavaFX Application Thread] DEBUG Engine               - Adding new engine service: class com.almasb.fxgl.audio.AudioPlayer
10:27:14.688 [JavaFX Application Thread] DEBUG Engine               - Adding new engine service: class com.almasb.fxgl.notification.impl.NotificationServiceProvider
10:27:14.688 [JavaFX Application Thread] DEBUG Engine               - Adding new engine service: class com.almasb.fxgl.achievement.AchievementManager
10:27:14.691 [JavaFX Application Thread] DEBUG Engine               - Adding new engine service: class com.almasb.fxgl.cutscene.CutsceneService
10:27:14.691 [JavaFX Application Thread] DEBUG Engine               - Adding new engine service: class com.almasb.fxgl.minigames.MiniGameService
10:27:14.698 [JavaFX Application Thread] DEBUG Engine               - Loading localizations
10:27:14.703 [JavaFX Application Thread] DEBUG AssetLoader          - Loading from file system: /assets/properties/languages/english.properties
10:27:14.707 [JavaFX Application Thread] DEBUG AssetLoader          - Loading from file system: /assets/properties/languages/french.properties
10:27:14.710 [JavaFX Application Thread] DEBUG AssetLoader          - Loading from file system: /assets/properties/languages/german.properties
10:27:14.712 [JavaFX Application Thread] DEBUG AssetLoader          - Loading from file system: /assets/properties/languages/russian.properties
10:27:14.714 [JavaFX Application Thread] DEBUG AssetLoader          - Loading from file system: /assets/properties/languages/hungarian.properties
10:27:14.719 [JavaFX Application Thread] DEBUG Engine               - Registering font factories
10:27:14.720 [JavaFX Application Thread] DEBUG AssetLoader          - Loading from file system: /assets/ui/fonts/VarelaRound-Regular.ttf
10:27:15.083 [JavaFX Application Thread] DEBUG AssetLoader          - Loading from file system: /assets/ui/fonts/Abel-Regular.ttf
10:27:15.093 [JavaFX Application Thread] DEBUG AssetLoader          - Loading from file system: /assets/ui/fonts/lucida_console.ttf
10:27:15.108 [JavaFX Application Thread] DEBUG AssetLoader          - Loading from file system: /assets/ui/fonts/Courier-Prime.ttf
10:27:15.118 [JavaFX Application Thread] DEBUG Engine               - Setting UI factory
10:27:15.299 [JavaFX Application Thread] DEBUG AssetLoader          - Loading from file system: /assets/textures/fxgl_logo.png
10:27:15.429 [JavaFX Application Thread] DEBUG MainWindow           - Creating a JavaFX scene
10:27:15.541 [JavaFX Application Thread] DEBUG MainWindow           - Target settings size: 1280.0 x 720.0
10:27:15.541 [JavaFX Application Thread] DEBUG MainWindow           - Scaled scene size:    1280.0 x 720.0
10:27:15.541 [JavaFX Application Thread] DEBUG MainWindow           - Scaled ratio: (1.0, 1.0)
10:27:15.545 [JavaFX Application Thread] DEBUG MainWindow           - Set initial scene to FXGLStartupScene
10:27:15.561 [JavaFX Application Thread] DEBUG AssetLoader          - Loading from file system: /assets/textures/fxgl_icon.png
10:27:15.578 [JavaFX Application Thread] DEBUG Engine               - Applying CSS: fxgl_dark.css
10:27:15.579 [JavaFX Application Thread] DEBUG AssetLoader          - Loading from file system: /assets/ui/css/fxgl_dark.css
10:27:15.585 [JavaFX Application Thread] DEBUG AssetLoader          - Loading from file system: /assets/ui/cursors/fxgl_default.png
10:27:15.587 [JavaFX Application Thread] DEBUG MainWindow           - Opening main window
10:27:15.820 [JavaFX Application Thread] DEBUG MainWindow           - Window border size: (16.0, 39.0)
10:27:15.820 [JavaFX Application Thread] DEBUG MainWindow           - Scaled size: 1280.0 x 720.0
10:27:15.820 [JavaFX Application Thread] DEBUG MainWindow           - Scaled ratio: (1.0, 1.0)
10:27:15.820 [JavaFX Application Thread] DEBUG MainWindow           - Scene size: 1280.0 x 720.0
10:27:15.821 [JavaFX Application Thread] DEBUG MainWindow           - Stage size: 1296.0 x 759.0
10:27:15.837 [FXGL Background Thread 1 ] DEBUG FS                   - Loaded FSServiceImpl
10:27:15.837 [FXGL Background Thread 1 ] DEBUG Engine               - Loading FXGL system data
10:27:15.844 [FXGL Background Thread 1 ] DEBUG FSServiceImpl        - Reading from: D:\Users\Profesor\Desktop\eclipse-proyecto\FXGLGames\SwordRunner\system\fxgl.bundle
10:27:15.858 [FXGL Background Thread 1 ] DEBUG Engine               - Bundle FXGL: {}
10:27:15.858 [FXGL Background Thread 1 ] DEBUG Engine               - Initializing application scenes
10:27:15.925 [FXGL Background Thread 1 ] DEBUG GameWorld            - Game world initialized
10:27:16.025 [FXGL Background Thread 1 ] DEBUG PhysicsWorld         - Physics world initialized: appHeight=720, physics.ppm=50,0
10:27:16.027 [FXGL Background Thread 1 ] DEBUG GameScene            - Game scene initialized: 1280x720
10:27:16.085 [FXGL Background Thread 1 ] DEBUG Input                - Registered new binding: Resume - Esc
10:27:16.085 [FXGL Background Thread 1 ] DEBUG AssetLoader          - Loading from file system: /assets/textures/pause_menu_bg.png
10:27:16.131 [FXGL Background Thread 1 ] DEBUG Input                - Registered new binding: Pause - Esc
10:27:16.131 [FXGL Background Thread 1 ] DEBUG Engine               - Application scenes initialized
10:27:16.136 [JavaFX Application Thread] DEBUG Engine               - Running preInit()
10:27:16.136 [JavaFX Application Thread] DEBUG Input                - Registered new binding: Left - A
10:27:16.137 [JavaFX Application Thread] DEBUG Input                - Registered new binding: Right - D
10:27:16.137 [JavaFX Application Thread] DEBUG Input                - Registered new binding: Jump - W
10:27:16.138 [JavaFX Application Thread] DEBUG Input                - Registered new binding: Screenshot - P
10:27:16.139 [JavaFX Application Thread] DEBUG Input                - Registered new binding: System info dump - CTRL+9
10:27:16.139 [JavaFX Application Thread] DEBUG Input                - Registered new binding: Restart - CTRL+R
10:27:16.140 [JavaFX Application Thread] DEBUG Engine               - generateDefaultProfile()
10:27:16.140 [JavaFX Application Thread] DEBUG Engine               - Creating default profile
10:27:16.140 [JavaFX Application Thread] DEBUG EventBus             - Firing event: SaveEvent
10:27:16.162 [JavaFX Application Thread] INFO  Engine               - FXGL initialization took: 1,463 sec
10:27:16.162 [JavaFX Application Thread] DEBUG LoopRunner           - Starting loop
10:27:16.180 [JavaFX Application Thread] DEBUG FXGLStartupScene     - STARTUP
10:27:16.180 [JavaFX Application Thread] DEBUG Engine               - Starting new game
10:27:16.193 [JavaFX Application Thread] DEBUG Input                - Clearing active input actions
10:27:16.194 [FXGL Background Thread 1 ] DEBUG InitAppTask          - Clearing previous game
10:27:16.194 [FXGL Background Thread 1 ] DEBUG GameWorld            - Clearing game world
10:27:16.194 [FXGL Background Thread 1 ] DEBUG PhysicsWorld         - Clearing physics world
10:27:16.194 [FXGL Background Thread 1 ] DEBUG GameScene            - Clearing game scene
10:27:16.195 [FXGL Background Thread 1 ] DEBUG InitAppTask          - Initializing Game
10:27:16.209 [JavaFX Application Thread] DEBUG Engine               - Removing overlay from FXGLStartupScene and adding to LoadingScene
10:27:16.209 [JavaFX Application Thread] DEBUG MainWindow           - FXGLStartupScene -> LoadingScene
10:27:16.213 [FXGL Background Thread 1 ] DEBUG AssetLoader          - Loading from file system: /assets/levels/mapa.tmx
10:27:16.287 [JavaFX Application Thread] FATAL Engine               - Uncaught Exception:

Fatal exception occurred: java.lang.IllegalArgumentException : Asset "/assets/levels/mapa.tmx" was not found!
E: com.almasb.fxgl.app.AssetLoader.getURL(AssetLoader.kt:419)
E: com.almasb.fxgl.app.AssetLoader.loadLevel(AssetLoader.kt:258)
E: com.almasb.fxgl.dsl.FXGL$Companion.setLevelFromMap(FXGL.kt:407)
E: com.almasb.fxgl.dsl.FXGL.setLevelFromMap(FXGL.kt)
E: dad.swordrunner.juego.RunnerApp.initGame(RunnerApp.java:78)
E: com.almasb.fxgl.app.LoadingScene$InitAppTask.initGame(LoadingScene.kt:137)
E: com.almasb.fxgl.app.LoadingScene$InitAppTask.call(LoadingScene.kt:106)
E: com.almasb.fxgl.app.LoadingScene$InitAppTask.call(LoadingScene.kt:94)
E: javafx.concurrent.Task$TaskCallable.call(Task.java:1425)
E: java.base/java.util.concurrent.FutureTask.run(FutureTask.java:264)
E: java.base/java.util.concurrent.Executors$RunnableAdapter.call(Executors.java:515)
E: java.base/java.util.concurrent.FutureTask.run(FutureTask.java:264)
E: java.base/java.util.concurrent.ThreadPoolExecutor.runWorker(ThreadPoolExecutor.java:1128)
E: java.base/java.util.concurrent.ThreadPoolExecutor$Worker.run(ThreadPoolExecutor.java:628)
E: java.base/java.lang.Thread.run(Thread.java:834)

10:27:16.287 [JavaFX Application Thread] FATAL Engine               - Application will now exit
10:27:16.288 [JavaFX Application Thread] DEBUG LoopRunner           - Stopping loop
10:27:19.374 [JavaFX Application Thread] DEBUG Engine               - Exiting FXGL
10:27:19.374 [JavaFX Application Thread] DEBUG Engine               - Shutting down background threads
10:27:19.375 [JavaFX Application Thread] DEBUG Engine               - Saving FXGL system data
10:27:19.378 [JavaFX Application Thread] DEBUG FSServiceImpl        - Writing to: D:\Users\Profesor\Desktop\eclipse-proyecto\FXGLGames\SwordRunner\system\fxgl.bundle
10:27:19.382 [JavaFX Application Thread] DEBUG Engine               - Closing logger and exiting JavaFX
