11:53:29.132 [main                     ] DEBUG GameApplication      - Logger initialized
11:53:29.159 [main                     ] DEBUG GameApplication      - Logging settings
Title: Untitled
Version: 0.0
Width: 1280
Height: 720
Fullscreen: false
Intro: false
Menus: false
Profiling: false
Single step:false
App Mode: DEVELOPER
Menu Key: ESCAPE
Stage Style: DECORATED
Scene Factory: class com.almasb.fxgl.app.SceneFactory
Dialog Factory: class com.almasb.fxgl.ui.FXGLDialogFactory
UI Factory: class com.almasb.fxgl.ui.FXGLUIFactory

11:53:29.491 [JavaFX Application Thread] DEBUG Engine               - Initializing FXGL
11:53:29.491 [JavaFX Application Thread] INFO  Engine               - FXGL-11.7 (05.01.2020 09.37) on WINDOWS (J:11.0.4 FX:11.0.1)
11:53:29.491 [JavaFX Application Thread] INFO  Engine               - Source code and latest versions at: https://github.com/AlmasB/FXGL
11:53:29.492 [JavaFX Application Thread] INFO  Engine               -              Join the FXGL chat at: https://gitter.im/AlmasB/FXGL
11:53:29.492 [JavaFX Application Thread] DEBUG Engine               - Initializing environment variables
11:53:29.495 [JavaFX Application Thread] DEBUG Engine               - Logging environment variables
11:53:29.495 [JavaFX Application Thread] DEBUG Engine               - achievements: []
11:53:29.495 [JavaFX Application Thread] DEBUG Engine               - sceneStack: com.almasb.fxgl.app.Engine@57f941b1
11:53:29.495 [JavaFX Application Thread] DEBUG Engine               - isCloseConfirmation: false
11:53:29.495 [JavaFX Application Thread] DEBUG Engine               - language: ObjectProperty [value: ENGLISH]
11:53:29.495 [JavaFX Application Thread] DEBUG Engine               - isProfilingEnabled: false
11:53:29.496 [JavaFX Application Thread] DEBUG Engine               - soundNotification: core/notification.wav
11:53:29.496 [JavaFX Application Thread] DEBUG Engine               - devShowBBoxProperty: BooleanProperty [value: false]
11:53:29.497 [JavaFX Application Thread] DEBUG Engine               - pixelsPerMeter: 50.0
11:53:29.497 [JavaFX Application Thread] DEBUG Engine               - overlayRoot: Group@4ec513b4
11:53:29.497 [JavaFX Application Thread] DEBUG Engine               - soundMenuBack: menu/back.wav
11:53:29.497 [JavaFX Application Thread] DEBUG Engine               - appIcon: fxgl_icon.png
11:53:29.498 [JavaFX Application Thread] DEBUG Engine               - isFullScreenAllowed: false
11:53:29.498 [JavaFX Application Thread] DEBUG Engine               - isIntroEnabled: false
11:53:29.498 [JavaFX Application Thread] DEBUG Engine               - eventBus: com.almasb.fxgl.event.EventBus@14c95d1
11:53:29.498 [JavaFX Application Thread] DEBUG Engine               - fontMono: lucida_console.ttf
11:53:29.498 [JavaFX Application Thread] DEBUG Engine               - soundMenuSelect: menu/select.wav
11:53:29.498 [JavaFX Application Thread] DEBUG Engine               - isWindows: true
11:53:29.498 [JavaFX Application Thread] DEBUG Engine               - isMobile: false
11:53:29.498 [JavaFX Application Thread] DEBUG Engine               - height: 720
11:53:29.499 [JavaFX Application Thread] DEBUG Engine               - isExperimentalNative: false
11:53:29.499 [JavaFX Application Thread] DEBUG Engine               - isSingleStep: false
11:53:29.499 [JavaFX Application Thread] DEBUG Engine               - cSSList: [fxgl_dark.css]
11:53:29.499 [JavaFX Application Thread] DEBUG Engine               - fontGame: Abel-Regular.ttf
11:53:29.499 [JavaFX Application Thread] DEBUG Engine               - menuKey: ESCAPE
11:53:29.499 [JavaFX Application Thread] DEBUG Engine               - devShowPositionProperty: BooleanProperty [value: false]
11:53:29.499 [JavaFX Application Thread] DEBUG Engine               - versionCheckDays: 7
11:53:29.499 [JavaFX Application Thread] DEBUG Engine               - masterTimer: com.almasb.fxgl.time.Timer@1ca5a880
11:53:29.500 [JavaFX Application Thread] DEBUG Engine               - configClass: Optional.empty
11:53:29.500 [JavaFX Application Thread] DEBUG Engine               - isFullScreenFromStart: false
11:53:29.500 [JavaFX Application Thread] DEBUG Engine               - version: 0.0
11:53:29.500 [JavaFX Application Thread] DEBUG Engine               - fullScreen: BooleanProperty [value: false]
11:53:29.500 [JavaFX Application Thread] DEBUG Engine               - randomSeed: -1
11:53:29.500 [JavaFX Application Thread] DEBUG Engine               - dialogFactory: com.almasb.fxgl.ui.FXGLDialogFactory@1ce77100
11:53:29.500 [JavaFX Application Thread] DEBUG Engine               - applicationMode: DEVELOPER
11:53:29.500 [JavaFX Application Thread] DEBUG Engine               - isMac: false
11:53:29.501 [JavaFX Application Thread] DEBUG Engine               - urlGoogleForms: https://goo.gl/forms/6wrMnOBxTE1fEpOy2
11:53:29.501 [JavaFX Application Thread] DEBUG Engine               - isMenuEnabled: false
11:53:29.501 [JavaFX Application Thread] DEBUG Engine               - profileName: user.profile
11:53:29.501 [JavaFX Application Thread] DEBUG Engine               - urlPOM: https://raw.githubusercontent.com/AlmasB/FXGL/master/pom.xml
11:53:29.501 [JavaFX Application Thread] DEBUG Engine               - notificationViewClass: class com.almasb.fxgl.notification.view.XboxNotificationView
11:53:29.501 [JavaFX Application Thread] DEBUG Engine               - devSensorColorProperty: ObjectProperty [value: 0xffff00ff]
11:53:29.501 [JavaFX Application Thread] DEBUG Engine               - dataFileExt: .dat
11:53:29.501 [JavaFX Application Thread] DEBUG Engine               - sceneFactory: com.almasb.fxgl.app.SceneFactory@7a59899b
11:53:29.501 [JavaFX Application Thread] DEBUG Engine               - stageStyle: DECORATED
11:53:29.502 [JavaFX Application Thread] DEBUG Engine               - isManualResizeEnabled: false
11:53:29.502 [JavaFX Application Thread] DEBUG Engine               - title: Untitled
11:53:29.502 [JavaFX Application Thread] DEBUG Engine               - platform: WINDOWS
11:53:29.502 [JavaFX Application Thread] DEBUG Engine               - devBBoxColorProperty: ObjectProperty [value: 0xff0000ff]
11:53:29.502 [JavaFX Application Thread] DEBUG Engine               - isDesktop: true
11:53:29.502 [JavaFX Application Thread] DEBUG Engine               - globalMusicVolumeProperty: DoubleProperty [value: 0.5]
11:53:29.502 [JavaFX Application Thread] DEBUG Engine               - credits: []
11:53:29.502 [JavaFX Application Thread] DEBUG Engine               - isPreserveResizeRatio: false
11:53:29.502 [JavaFX Application Thread] DEBUG Engine               - uIFactory: com.almasb.fxgl.ui.FXGLUIFactory@1fde791c
11:53:29.503 [JavaFX Application Thread] DEBUG Engine               - fontText: Courier-Prime.ttf
11:53:29.503 [JavaFX Application Thread] DEBUG Engine               - isExperimentalTiledLargeMap: false
11:53:29.503 [JavaFX Application Thread] DEBUG Engine               - secondsIn24h: 60
11:53:29.503 [JavaFX Application Thread] DEBUG Engine               - runtimeInfo: RuntimeInfo(platform=WINDOWS, version=11.7, build=05.01.2020 09.37)
11:53:29.503 [JavaFX Application Thread] DEBUG Engine               - urlGithub: https://github.com/AlmasB/FXGL
11:53:29.503 [JavaFX Application Thread] DEBUG Engine               - isLinux: false
11:53:29.503 [JavaFX Application Thread] DEBUG Engine               - soundMenuPress: menu/press.wav
11:53:29.503 [JavaFX Application Thread] DEBUG Engine               - profileDir: profiles/
11:53:29.503 [JavaFX Application Thread] DEBUG Engine               - globalSoundVolumeProperty: DoubleProperty [value: 0.5]
11:53:29.503 [JavaFX Application Thread] DEBUG Engine               - isDeveloperMenuEnabled: false
11:53:29.504 [JavaFX Application Thread] DEBUG Engine               - urlLeaderboard: http://fxgl-top.herokuapp.com/
11:53:29.504 [JavaFX Application Thread] DEBUG Engine               - globalSoundVolume: 0.5
11:53:29.504 [JavaFX Application Thread] DEBUG Engine               - isBrowser: false
11:53:29.504 [JavaFX Application Thread] DEBUG Engine               - saveDir: saves/
11:53:29.504 [JavaFX Application Thread] DEBUG Engine               - engineServices: [class com.almasb.fxgl.audio.AudioPlayer, class com.almasb.fxgl.notification.impl.NotificationServiceProvider, class com.almasb.fxgl.achievement.AchievementManager, class com.almasb.fxgl.cutscene.CutsceneService, class com.almasb.fxgl.minigames.MiniGameService]
11:53:29.504 [JavaFX Application Thread] DEBUG Engine               - globalMusicVolume: 0.5
11:53:29.504 [JavaFX Application Thread] DEBUG Engine               - width: 1280
11:53:29.504 [JavaFX Application Thread] DEBUG Engine               - saveFileExt: .sav
11:53:29.504 [JavaFX Application Thread] DEBUG Engine               - isAndroid: false
11:53:29.504 [JavaFX Application Thread] DEBUG Engine               - fontUI: VarelaRound-Regular.ttf
11:53:29.505 [JavaFX Application Thread] DEBUG Engine               - enabledMenuItems: []
11:53:29.505 [JavaFX Application Thread] DEBUG Engine               - isIOS: false
11:53:29.507 [JavaFX Application Thread] DEBUG Engine               - Adding new engine service: class com.almasb.fxgl.audio.AudioPlayer
11:53:29.508 [JavaFX Application Thread] DEBUG Engine               - Adding new engine service: class com.almasb.fxgl.notification.impl.NotificationServiceProvider
11:53:29.508 [JavaFX Application Thread] DEBUG Engine               - Adding new engine service: class com.almasb.fxgl.achievement.AchievementManager
11:53:29.509 [JavaFX Application Thread] DEBUG Engine               - Adding new engine service: class com.almasb.fxgl.cutscene.CutsceneService
11:53:29.509 [JavaFX Application Thread] DEBUG Engine               - Adding new engine service: class com.almasb.fxgl.minigames.MiniGameService
11:53:29.512 [JavaFX Application Thread] DEBUG Engine               - Loading localizations
11:53:29.520 [JavaFX Application Thread] DEBUG AssetLoader          - Loading from file system: /assets/properties/languages/english.properties
11:53:29.522 [JavaFX Application Thread] DEBUG AssetLoader          - Loading from file system: /assets/properties/languages/french.properties
11:53:29.524 [JavaFX Application Thread] DEBUG AssetLoader          - Loading from file system: /assets/properties/languages/german.properties
11:53:29.525 [JavaFX Application Thread] DEBUG AssetLoader          - Loading from file system: /assets/properties/languages/russian.properties
11:53:29.527 [JavaFX Application Thread] DEBUG AssetLoader          - Loading from file system: /assets/properties/languages/hungarian.properties
11:53:29.529 [JavaFX Application Thread] DEBUG Engine               - Registering font factories
11:53:29.529 [JavaFX Application Thread] DEBUG AssetLoader          - Loading from file system: /assets/ui/fonts/VarelaRound-Regular.ttf
11:53:29.671 [JavaFX Application Thread] DEBUG AssetLoader          - Loading from file system: /assets/ui/fonts/Abel-Regular.ttf
11:53:29.680 [JavaFX Application Thread] DEBUG AssetLoader          - Loading from file system: /assets/ui/fonts/lucida_console.ttf
11:53:29.691 [JavaFX Application Thread] DEBUG AssetLoader          - Loading from file system: /assets/ui/fonts/Courier-Prime.ttf
11:53:29.700 [JavaFX Application Thread] DEBUG Engine               - Setting UI factory
11:53:29.787 [JavaFX Application Thread] DEBUG AssetLoader          - Loading from file system: /assets/textures/fxgl_logo.png
11:53:29.842 [JavaFX Application Thread] DEBUG MainWindow           - Creating a JavaFX scene
11:53:29.885 [JavaFX Application Thread] DEBUG MainWindow           - Target settings size: 1280.0 x 720.0
11:53:29.885 [JavaFX Application Thread] DEBUG MainWindow           - Scaled scene size:    1280.0 x 720.0
11:53:29.885 [JavaFX Application Thread] DEBUG MainWindow           - Scaled ratio: (1.0, 1.0)
11:53:29.886 [JavaFX Application Thread] DEBUG MainWindow           - Set initial scene to FXGLStartupScene
11:53:29.893 [JavaFX Application Thread] DEBUG AssetLoader          - Loading from file system: /assets/textures/fxgl_icon.png
11:53:29.907 [JavaFX Application Thread] DEBUG Engine               - Applying CSS: fxgl_dark.css
11:53:29.907 [JavaFX Application Thread] DEBUG AssetLoader          - Loading from file system: /assets/ui/css/fxgl_dark.css
11:53:29.910 [JavaFX Application Thread] DEBUG AssetLoader          - Loading from file system: /assets/ui/cursors/fxgl_default.png
11:53:29.911 [JavaFX Application Thread] DEBUG MainWindow           - Opening main window
11:53:30.039 [JavaFX Application Thread] DEBUG MainWindow           - Window border size: (16.0, 39.0)
11:53:30.040 [JavaFX Application Thread] DEBUG MainWindow           - Scaled size: 1280.0 x 720.0
11:53:30.040 [JavaFX Application Thread] DEBUG MainWindow           - Scaled ratio: (1.0, 1.0)
11:53:30.040 [JavaFX Application Thread] DEBUG MainWindow           - Scene size: 1280.0 x 720.0
11:53:30.040 [JavaFX Application Thread] DEBUG MainWindow           - Stage size: 1296.0 x 759.0
11:53:30.049 [FXGL Background Thread 1 ] DEBUG FS                   - Loaded FSServiceImpl
11:53:30.049 [FXGL Background Thread 1 ] DEBUG Engine               - Loading FXGL system data
11:53:30.061 [FXGL Background Thread 1 ] DEBUG FSServiceImpl        - Reading from: D:\Users\fvarrui\GitHub\SwordRunner\system\fxgl.bundle
11:53:30.074 [FXGL Background Thread 1 ] DEBUG Engine               - Bundle FXGL: {}
11:53:30.074 [FXGL Background Thread 1 ] DEBUG Engine               - Initializing application scenes
11:53:30.115 [FXGL Background Thread 1 ] DEBUG GameWorld            - Game world initialized
11:53:30.163 [FXGL Background Thread 1 ] DEBUG PhysicsWorld         - Physics world initialized: appHeight=720, physics.ppm=50,0
11:53:30.165 [FXGL Background Thread 1 ] DEBUG GameScene            - Game scene initialized: 1280x720
11:53:30.198 [FXGL Background Thread 1 ] DEBUG Input                - Registered new binding: Resume - Esc
11:53:30.198 [FXGL Background Thread 1 ] DEBUG AssetLoader          - Loading from file system: /assets/textures/pause_menu_bg.png
11:53:30.223 [FXGL Background Thread 1 ] DEBUG Input                - Registered new binding: Pause - Esc
11:53:30.223 [FXGL Background Thread 1 ] DEBUG Engine               - Application scenes initialized
11:53:30.225 [JavaFX Application Thread] DEBUG Engine               - Running preInit()
11:53:30.226 [JavaFX Application Thread] DEBUG Input                - Registered new binding: Left - A
11:53:30.226 [JavaFX Application Thread] DEBUG Input                - Registered new binding: Right - D
11:53:30.226 [JavaFX Application Thread] DEBUG Input                - Registered new binding: Jump - W
11:53:30.227 [JavaFX Application Thread] DEBUG Input                - Registered new binding: Screenshot - P
11:53:30.227 [JavaFX Application Thread] DEBUG Input                - Registered new binding: System info dump - CTRL+9
11:53:30.228 [JavaFX Application Thread] DEBUG Input                - Registered new binding: Restart - CTRL+R
11:53:30.228 [JavaFX Application Thread] DEBUG Engine               - generateDefaultProfile()
11:53:30.228 [JavaFX Application Thread] DEBUG Engine               - Creating default profile
11:53:30.228 [JavaFX Application Thread] DEBUG EventBus             - Firing event: SaveEvent
11:53:30.241 [JavaFX Application Thread] INFO  Engine               - FXGL initialization took: 0,729 sec
11:53:30.241 [JavaFX Application Thread] DEBUG LoopRunner           - Starting loop
11:53:30.262 [JavaFX Application Thread] DEBUG FXGLStartupScene     - STARTUP
11:53:30.263 [JavaFX Application Thread] DEBUG Engine               - Starting new game
11:53:30.271 [JavaFX Application Thread] DEBUG Input                - Clearing active input actions
11:53:30.272 [FXGL Background Thread 1 ] DEBUG InitAppTask          - Clearing previous game
11:53:30.272 [FXGL Background Thread 1 ] DEBUG GameWorld            - Clearing game world
11:53:30.272 [FXGL Background Thread 1 ] DEBUG PhysicsWorld         - Clearing physics world
11:53:30.272 [FXGL Background Thread 1 ] DEBUG GameScene            - Clearing game scene
11:53:30.272 [FXGL Background Thread 1 ] DEBUG InitAppTask          - Initializing Game
11:53:30.281 [FXGL Background Thread 1 ] DEBUG AssetLoader          - Loading from file system: /assets/levels/mapa.tmx
11:53:30.282 [JavaFX Application Thread] DEBUG Engine               - Removing overlay from FXGLStartupScene and adding to LoadingScene
11:53:30.282 [JavaFX Application Thread] DEBUG MainWindow           - FXGLStartupScene -> LoadingScene
11:53:30.306 [FXGL Background Thread 1 ] WARN  TMXLevelLoader       - TiledMap generated from 1.3.2. Supported version: 1.2.3. Some features may not be parsed fully.
11:53:30.319 [FXGL Background Thread 1 ] DEBUG TMXLevelLoader       - Parsed raw map: TiledMap(width=15, height=10, tilewidth=70, tileheight=70, orientation=orthogonal, layers=[Layer(width=15, height=10, name=Capa de patrones 1, type=tilelayer, visible=false, x=0, y=0, data=[0, 0, 0, 0, 0, 0, 0, 0, 0, 0, 0, 0, 0, 0, 0, 0, 0, 0, 0, 0, 0, 0, 0, 0, 0, 0, 0, 0, 0, 0, 0, 0, 0, 0, 0, 0, 0, 0, 0, 0, 0, 0, 0, 0, 0, 0, 0, 0, 0, 0, 0, 0, 0, 0, 0, 0, 0, 0, 0, 0, 0, 0, 0, 0, 0, 0, 0, 0, 0, 0, 0, 0, 0, 0, 0, 0, 0, 0, 0, 0, 0, 0, 0, 0, 0, 0, 0, 0, 0, 0, 0, 0, 0, 0, 0, 0, 0, 0, 0, 0, 0, 0, 0, 0, 0, 0, 0, 0, 0, 0, 0, 0, 0, 0, 0, 0, 0, 0, 0, 0, 0, 0, 0, 0, 0, 0, 41, 0, 0, 0, 0, 0, 0, 0, 0, 129, 92, 92, 92, 92, 92, 92, 92, 92, 92, 92, 92, 92, 92, 105], objects=[], opacity=0.0, draworder=), Layer(width=0, height=0, name=Capa de Objetos 1, type=objectgroup, visible=false, x=0, y=0, data=[], objects=[com.almasb.fxgl.entity.level.tiled.TiledObject@7dcd8497, com.almasb.fxgl.entity.level.tiled.TiledObject@2bf95f52], opacity=0.0, draworder=)], tilesets=[Tileset(firstgid=1, image=tiles_spritesheet.png, name=tiles_spritesheet, tilewidth=70, tileheight=70, imagewidth=914, imageheight=936, margin=0, spacing=2, columns=12, tilecount=156, transparentcolor=)], backgroundcolor=, renderorder=right-down, nextobjectid=6, version=1, tiledversion=1.3.2, type=map, infinite=false, properties={}, propertytypes={})
11:53:30.320 [FXGL Background Thread 1 ] DEBUG TMXLevelLoader       - Creating tile layer entities
11:53:30.320 [FXGL Background Thread 1 ] DEBUG TilesetLoader        - Loading view for layer Capa de patrones 1
11:53:30.323 [FXGL Background Thread 1 ] DEBUG TilesetLoader        - Created buffer with size 1050.0x700.0
11:53:30.342 [FXGL Background Thread 1 ] DEBUG TilesetLoader        - Writing to buffer: dst=420,560, w=70,h=70, src=288,216
11:53:30.345 [FXGL Background Thread 1 ] DEBUG TilesetLoader        - Writing to buffer: dst=0,630, w=70,h=70, src=576,720
11:53:30.345 [FXGL Background Thread 1 ] DEBUG TilesetLoader        - Writing to buffer: dst=70,630, w=70,h=70, src=504,504
11:53:30.345 [FXGL Background Thread 1 ] DEBUG TilesetLoader        - Writing to buffer: dst=140,630, w=70,h=70, src=504,504
11:53:30.345 [FXGL Background Thread 1 ] DEBUG TilesetLoader        - Writing to buffer: dst=210,630, w=70,h=70, src=504,504
11:53:30.345 [FXGL Background Thread 1 ] DEBUG TilesetLoader        - Writing to buffer: dst=280,630, w=70,h=70, src=504,504
11:53:30.346 [FXGL Background Thread 1 ] DEBUG TilesetLoader        - Writing to buffer: dst=350,630, w=70,h=70, src=504,504
11:53:30.346 [FXGL Background Thread 1 ] DEBUG TilesetLoader        - Writing to buffer: dst=420,630, w=70,h=70, src=504,504
11:53:30.346 [FXGL Background Thread 1 ] DEBUG TilesetLoader        - Writing to buffer: dst=490,630, w=70,h=70, src=504,504
11:53:30.346 [FXGL Background Thread 1 ] DEBUG TilesetLoader        - Writing to buffer: dst=560,630, w=70,h=70, src=504,504
11:53:30.346 [FXGL Background Thread 1 ] DEBUG TilesetLoader        - Writing to buffer: dst=630,630, w=70,h=70, src=504,504
11:53:30.346 [FXGL Background Thread 1 ] DEBUG TilesetLoader        - Writing to buffer: dst=700,630, w=70,h=70, src=504,504
11:53:30.346 [FXGL Background Thread 1 ] DEBUG TilesetLoader        - Writing to buffer: dst=770,630, w=70,h=70, src=504,504
11:53:30.347 [FXGL Background Thread 1 ] DEBUG TilesetLoader        - Writing to buffer: dst=840,630, w=70,h=70, src=504,504
11:53:30.347 [FXGL Background Thread 1 ] DEBUG TilesetLoader        - Writing to buffer: dst=910,630, w=70,h=70, src=504,504
11:53:30.347 [FXGL Background Thread 1 ] DEBUG TilesetLoader        - Writing to buffer: dst=980,630, w=70,h=70, src=576,576
11:53:30.347 [FXGL Background Thread 1 ] DEBUG TMXLevelLoader       - Creating object layer entities
11:53:30.348 [FXGL Background Thread 1 ] WARN  TMXLevelLoader       - Parse error Error: java.lang.IllegalArgumentException: No EntityFactory has a method annotated @Spawns()
11:53:30.388 [JavaFX Application Thread] FATAL Engine               - Uncaught Exception:

Fatal exception occurred: com.almasb.fxgl.entity.level.LevelLoadingException : No EntityFactory has a method annotated @Spawns()
E: com.almasb.fxgl.entity.level.tiled.TMXLevelLoader.load(TMXLevelLoader.kt:70)
E: com.almasb.fxgl.app.AssetLoader.loadLevel(AssetLoader.kt:258)
E: com.almasb.fxgl.dsl.FXGL$Companion.setLevelFromMap(FXGL.kt:407)
E: com.almasb.fxgl.dsl.FXGL.setLevelFromMap(FXGL.kt)
E: dad.swordrunner.juego.RunnerApp.initGame(RunnerApp.java:81)
E: com.almasb.fxgl.app.LoadingScene$InitAppTask.initGame(LoadingScene.kt:137)
E: com.almasb.fxgl.app.LoadingScene$InitAppTask.call(LoadingScene.kt:106)
E: com.almasb.fxgl.app.LoadingScene$InitAppTask.call(LoadingScene.kt:94)
E: javafx.concurrent.Task$TaskCallable.call(Task.java:1425)
E: java.base/java.util.concurrent.FutureTask.run(FutureTask.java:264)
E: java.base/java.util.concurrent.Executors$RunnableAdapter.call(Executors.java:515)
E: java.base/java.util.concurrent.FutureTask.run(FutureTask.java:264)
E: java.base/java.util.concurrent.ThreadPoolExecutor.runWorker(ThreadPoolExecutor.java:1128)
E: java.base/java.util.concurrent.ThreadPoolExecutor$Worker.run(ThreadPoolExecutor.java:628)
E: java.base/java.lang.Thread.run(Thread.java:834)

11:53:30.388 [JavaFX Application Thread] FATAL Engine               - Application will now exit
11:53:30.388 [JavaFX Application Thread] DEBUG LoopRunner           - Stopping loop
11:53:53.200 [JavaFX Application Thread] DEBUG Engine               - Exiting FXGL
11:53:53.200 [JavaFX Application Thread] DEBUG Engine               - Shutting down background threads
11:53:53.201 [JavaFX Application Thread] DEBUG Engine               - Saving FXGL system data
11:53:53.203 [JavaFX Application Thread] DEBUG FSServiceImpl        - Writing to: D:\Users\fvarrui\GitHub\SwordRunner\system\fxgl.bundle
11:53:53.206 [JavaFX Application Thread] DEBUG Engine               - Closing logger and exiting JavaFX
