11:52:33.757 [main                     ] DEBUG GameApplication      - Logger initialized
11:52:33.784 [main                     ] DEBUG GameApplication      - Logging settings
Title: Untitled
Version: 0.0
Width: 1280
Height: 720
Fullscreen: false
Intro: false
Menus: false
Profiling: false
Single step:false
App Mode: DEVELOPER
Menu Key: ESCAPE
Stage Style: DECORATED
Scene Factory: class com.almasb.fxgl.app.SceneFactory
Dialog Factory: class com.almasb.fxgl.ui.FXGLDialogFactory
UI Factory: class com.almasb.fxgl.ui.FXGLUIFactory

11:52:34.111 [JavaFX Application Thread] DEBUG Engine               - Initializing FXGL
11:52:34.111 [JavaFX Application Thread] INFO  Engine               - FXGL-11.7 (05.01.2020 09.37) on WINDOWS (J:11.0.4 FX:11.0.1)
11:52:34.112 [JavaFX Application Thread] INFO  Engine               - Source code and latest versions at: https://github.com/AlmasB/FXGL
11:52:34.112 [JavaFX Application Thread] INFO  Engine               -              Join the FXGL chat at: https://gitter.im/AlmasB/FXGL
11:52:34.112 [JavaFX Application Thread] DEBUG Engine               - Initializing environment variables
11:52:34.115 [JavaFX Application Thread] DEBUG Engine               - Logging environment variables
11:52:34.115 [JavaFX Application Thread] DEBUG Engine               - achievements: []
11:52:34.116 [JavaFX Application Thread] DEBUG Engine               - sceneStack: com.almasb.fxgl.app.Engine@1c191374
11:52:34.116 [JavaFX Application Thread] DEBUG Engine               - language: ObjectProperty [value: ENGLISH]
11:52:34.116 [JavaFX Application Thread] DEBUG Engine               - isCloseConfirmation: false
11:52:34.116 [JavaFX Application Thread] DEBUG Engine               - isProfilingEnabled: false
11:52:34.116 [JavaFX Application Thread] DEBUG Engine               - soundNotification: core/notification.wav
11:52:34.116 [JavaFX Application Thread] DEBUG Engine               - devShowBBoxProperty: BooleanProperty [value: false]
11:52:34.118 [JavaFX Application Thread] DEBUG Engine               - pixelsPerMeter: 50.0
11:52:34.118 [JavaFX Application Thread] DEBUG Engine               - overlayRoot: Group@69598552
11:52:34.118 [JavaFX Application Thread] DEBUG Engine               - appIcon: fxgl_icon.png
11:52:34.118 [JavaFX Application Thread] DEBUG Engine               - soundMenuBack: menu/back.wav
11:52:34.118 [JavaFX Application Thread] DEBUG Engine               - isFullScreenAllowed: false
11:52:34.118 [JavaFX Application Thread] DEBUG Engine               - isIntroEnabled: false
11:52:34.118 [JavaFX Application Thread] DEBUG Engine               - eventBus: com.almasb.fxgl.event.EventBus@26627339
11:52:34.119 [JavaFX Application Thread] DEBUG Engine               - fontMono: lucida_console.ttf
11:52:34.119 [JavaFX Application Thread] DEBUG Engine               - soundMenuSelect: menu/select.wav
11:52:34.119 [JavaFX Application Thread] DEBUG Engine               - isWindows: true
11:52:34.119 [JavaFX Application Thread] DEBUG Engine               - isMobile: false
11:52:34.119 [JavaFX Application Thread] DEBUG Engine               - height: 720
11:52:34.119 [JavaFX Application Thread] DEBUG Engine               - isExperimentalNative: false
11:52:34.119 [JavaFX Application Thread] DEBUG Engine               - isSingleStep: false
11:52:34.119 [JavaFX Application Thread] DEBUG Engine               - cSSList: [fxgl_dark.css]
11:52:34.120 [JavaFX Application Thread] DEBUG Engine               - fontGame: Abel-Regular.ttf
11:52:34.120 [JavaFX Application Thread] DEBUG Engine               - menuKey: ESCAPE
11:52:34.120 [JavaFX Application Thread] DEBUG Engine               - devShowPositionProperty: BooleanProperty [value: false]
11:52:34.120 [JavaFX Application Thread] DEBUG Engine               - versionCheckDays: 7
11:52:34.120 [JavaFX Application Thread] DEBUG Engine               - masterTimer: com.almasb.fxgl.time.Timer@72344632
11:52:34.120 [JavaFX Application Thread] DEBUG Engine               - configClass: Optional.empty
11:52:34.120 [JavaFX Application Thread] DEBUG Engine               - isFullScreenFromStart: false
11:52:34.120 [JavaFX Application Thread] DEBUG Engine               - version: 0.0
11:52:34.120 [JavaFX Application Thread] DEBUG Engine               - fullScreen: BooleanProperty [value: false]
11:52:34.121 [JavaFX Application Thread] DEBUG Engine               - randomSeed: -1
11:52:34.121 [JavaFX Application Thread] DEBUG Engine               - dialogFactory: com.almasb.fxgl.ui.FXGLDialogFactory@4e4bd335
11:52:34.121 [JavaFX Application Thread] DEBUG Engine               - applicationMode: DEVELOPER
11:52:34.121 [JavaFX Application Thread] DEBUG Engine               - isMac: false
11:52:34.121 [JavaFX Application Thread] DEBUG Engine               - urlGoogleForms: https://goo.gl/forms/6wrMnOBxTE1fEpOy2
11:52:34.121 [JavaFX Application Thread] DEBUG Engine               - isMenuEnabled: false
11:52:34.121 [JavaFX Application Thread] DEBUG Engine               - profileName: user.profile
11:52:34.121 [JavaFX Application Thread] DEBUG Engine               - urlPOM: https://raw.githubusercontent.com/AlmasB/FXGL/master/pom.xml
11:52:34.122 [JavaFX Application Thread] DEBUG Engine               - notificationViewClass: class com.almasb.fxgl.notification.view.XboxNotificationView
11:52:34.122 [JavaFX Application Thread] DEBUG Engine               - devSensorColorProperty: ObjectProperty [value: 0xffff00ff]
11:52:34.122 [JavaFX Application Thread] DEBUG Engine               - sceneFactory: com.almasb.fxgl.app.SceneFactory@6b9dacbb
11:52:34.122 [JavaFX Application Thread] DEBUG Engine               - dataFileExt: .dat
11:52:34.122 [JavaFX Application Thread] DEBUG Engine               - stageStyle: DECORATED
11:52:34.122 [JavaFX Application Thread] DEBUG Engine               - isManualResizeEnabled: false
11:52:34.122 [JavaFX Application Thread] DEBUG Engine               - title: Untitled
11:52:34.122 [JavaFX Application Thread] DEBUG Engine               - platform: WINDOWS
11:52:34.123 [JavaFX Application Thread] DEBUG Engine               - devBBoxColorProperty: ObjectProperty [value: 0xff0000ff]
11:52:34.123 [JavaFX Application Thread] DEBUG Engine               - isDesktop: true
11:52:34.123 [JavaFX Application Thread] DEBUG Engine               - credits: []
11:52:34.123 [JavaFX Application Thread] DEBUG Engine               - globalMusicVolumeProperty: DoubleProperty [value: 0.5]
11:52:34.123 [JavaFX Application Thread] DEBUG Engine               - isPreserveResizeRatio: false
11:52:34.123 [JavaFX Application Thread] DEBUG Engine               - uIFactory: com.almasb.fxgl.ui.FXGLUIFactory@5e53e14a
11:52:34.123 [JavaFX Application Thread] DEBUG Engine               - fontText: Courier-Prime.ttf
11:52:34.123 [JavaFX Application Thread] DEBUG Engine               - isExperimentalTiledLargeMap: false
11:52:34.123 [JavaFX Application Thread] DEBUG Engine               - secondsIn24h: 60
11:52:34.123 [JavaFX Application Thread] DEBUG Engine               - runtimeInfo: RuntimeInfo(platform=WINDOWS, version=11.7, build=05.01.2020 09.37)
11:52:34.124 [JavaFX Application Thread] DEBUG Engine               - isLinux: false
11:52:34.124 [JavaFX Application Thread] DEBUG Engine               - soundMenuPress: menu/press.wav
11:52:34.124 [JavaFX Application Thread] DEBUG Engine               - urlGithub: https://github.com/AlmasB/FXGL
11:52:34.124 [JavaFX Application Thread] DEBUG Engine               - profileDir: profiles/
11:52:34.124 [JavaFX Application Thread] DEBUG Engine               - isDeveloperMenuEnabled: false
11:52:34.124 [JavaFX Application Thread] DEBUG Engine               - globalSoundVolumeProperty: DoubleProperty [value: 0.5]
11:52:34.124 [JavaFX Application Thread] DEBUG Engine               - isBrowser: false
11:52:34.124 [JavaFX Application Thread] DEBUG Engine               - globalSoundVolume: 0.5
11:52:34.124 [JavaFX Application Thread] DEBUG Engine               - urlLeaderboard: http://fxgl-top.herokuapp.com/
11:52:34.124 [JavaFX Application Thread] DEBUG Engine               - saveDir: saves/
11:52:34.124 [JavaFX Application Thread] DEBUG Engine               - engineServices: [class com.almasb.fxgl.audio.AudioPlayer, class com.almasb.fxgl.notification.impl.NotificationServiceProvider, class com.almasb.fxgl.achievement.AchievementManager, class com.almasb.fxgl.cutscene.CutsceneService, class com.almasb.fxgl.minigames.MiniGameService]
11:52:34.125 [JavaFX Application Thread] DEBUG Engine               - globalMusicVolume: 0.5
11:52:34.125 [JavaFX Application Thread] DEBUG Engine               - width: 1280
11:52:34.125 [JavaFX Application Thread] DEBUG Engine               - saveFileExt: .sav
11:52:34.125 [JavaFX Application Thread] DEBUG Engine               - isAndroid: false
11:52:34.125 [JavaFX Application Thread] DEBUG Engine               - fontUI: VarelaRound-Regular.ttf
11:52:34.125 [JavaFX Application Thread] DEBUG Engine               - enabledMenuItems: []
11:52:34.125 [JavaFX Application Thread] DEBUG Engine               - isIOS: false
11:52:34.128 [JavaFX Application Thread] DEBUG Engine               - Adding new engine service: class com.almasb.fxgl.audio.AudioPlayer
11:52:34.129 [JavaFX Application Thread] DEBUG Engine               - Adding new engine service: class com.almasb.fxgl.notification.impl.NotificationServiceProvider
11:52:34.129 [JavaFX Application Thread] DEBUG Engine               - Adding new engine service: class com.almasb.fxgl.achievement.AchievementManager
11:52:34.130 [JavaFX Application Thread] DEBUG Engine               - Adding new engine service: class com.almasb.fxgl.cutscene.CutsceneService
11:52:34.130 [JavaFX Application Thread] DEBUG Engine               - Adding new engine service: class com.almasb.fxgl.minigames.MiniGameService
11:52:34.133 [JavaFX Application Thread] DEBUG Engine               - Loading localizations
11:52:34.142 [JavaFX Application Thread] DEBUG AssetLoader          - Loading from file system: /assets/properties/languages/english.properties
11:52:34.144 [JavaFX Application Thread] DEBUG AssetLoader          - Loading from file system: /assets/properties/languages/french.properties
11:52:34.146 [JavaFX Application Thread] DEBUG AssetLoader          - Loading from file system: /assets/properties/languages/german.properties
11:52:34.147 [JavaFX Application Thread] DEBUG AssetLoader          - Loading from file system: /assets/properties/languages/russian.properties
11:52:34.149 [JavaFX Application Thread] DEBUG AssetLoader          - Loading from file system: /assets/properties/languages/hungarian.properties
11:52:34.151 [JavaFX Application Thread] DEBUG Engine               - Registering font factories
11:52:34.151 [JavaFX Application Thread] DEBUG AssetLoader          - Loading from file system: /assets/ui/fonts/VarelaRound-Regular.ttf
11:52:34.295 [JavaFX Application Thread] DEBUG AssetLoader          - Loading from file system: /assets/ui/fonts/Abel-Regular.ttf
11:52:34.305 [JavaFX Application Thread] DEBUG AssetLoader          - Loading from file system: /assets/ui/fonts/lucida_console.ttf
11:52:34.316 [JavaFX Application Thread] DEBUG AssetLoader          - Loading from file system: /assets/ui/fonts/Courier-Prime.ttf
11:52:34.326 [JavaFX Application Thread] DEBUG Engine               - Setting UI factory
11:52:34.411 [JavaFX Application Thread] DEBUG AssetLoader          - Loading from file system: /assets/textures/fxgl_logo.png
11:52:34.469 [JavaFX Application Thread] DEBUG MainWindow           - Creating a JavaFX scene
11:52:34.511 [JavaFX Application Thread] DEBUG MainWindow           - Target settings size: 1280.0 x 720.0
11:52:34.511 [JavaFX Application Thread] DEBUG MainWindow           - Scaled scene size:    1280.0 x 720.0
11:52:34.512 [JavaFX Application Thread] DEBUG MainWindow           - Scaled ratio: (1.0, 1.0)
11:52:34.513 [JavaFX Application Thread] DEBUG MainWindow           - Set initial scene to FXGLStartupScene
11:52:34.519 [JavaFX Application Thread] DEBUG AssetLoader          - Loading from file system: /assets/textures/fxgl_icon.png
11:52:34.533 [JavaFX Application Thread] DEBUG Engine               - Applying CSS: fxgl_dark.css
11:52:34.533 [JavaFX Application Thread] DEBUG AssetLoader          - Loading from file system: /assets/ui/css/fxgl_dark.css
11:52:34.536 [JavaFX Application Thread] DEBUG AssetLoader          - Loading from file system: /assets/ui/cursors/fxgl_default.png
11:52:34.537 [JavaFX Application Thread] DEBUG MainWindow           - Opening main window
11:52:34.673 [JavaFX Application Thread] DEBUG MainWindow           - Window border size: (16.0, 39.0)
11:52:34.673 [JavaFX Application Thread] DEBUG MainWindow           - Scaled size: 1280.0 x 720.0
11:52:34.673 [JavaFX Application Thread] DEBUG MainWindow           - Scaled ratio: (1.0, 1.0)
11:52:34.673 [JavaFX Application Thread] DEBUG MainWindow           - Scene size: 1280.0 x 720.0
11:52:34.674 [JavaFX Application Thread] DEBUG MainWindow           - Stage size: 1296.0 x 759.0
11:52:34.685 [FXGL Background Thread 1 ] DEBUG FS                   - Loaded FSServiceImpl
11:52:34.686 [FXGL Background Thread 1 ] DEBUG Engine               - Loading FXGL system data
11:52:34.697 [FXGL Background Thread 1 ] DEBUG FSServiceImpl        - Reading from: D:\Users\fvarrui\GitHub\SwordRunner\system\fxgl.bundle
11:52:34.711 [FXGL Background Thread 1 ] DEBUG Engine               - Bundle FXGL: {}
11:52:34.711 [FXGL Background Thread 1 ] DEBUG Engine               - Initializing application scenes
11:52:34.753 [FXGL Background Thread 1 ] DEBUG GameWorld            - Game world initialized
11:52:34.806 [FXGL Background Thread 1 ] DEBUG PhysicsWorld         - Physics world initialized: appHeight=720, physics.ppm=50,0
11:52:34.809 [FXGL Background Thread 1 ] DEBUG GameScene            - Game scene initialized: 1280x720
11:52:34.838 [FXGL Background Thread 1 ] DEBUG Input                - Registered new binding: Resume - Esc
11:52:34.839 [FXGL Background Thread 1 ] DEBUG AssetLoader          - Loading from file system: /assets/textures/pause_menu_bg.png
11:52:34.865 [FXGL Background Thread 1 ] DEBUG Input                - Registered new binding: Pause - Esc
11:52:34.865 [FXGL Background Thread 1 ] DEBUG Engine               - Application scenes initialized
11:52:34.869 [JavaFX Application Thread] DEBUG Engine               - Running preInit()
11:52:34.870 [JavaFX Application Thread] DEBUG Input                - Registered new binding: Left - A
11:52:34.870 [JavaFX Application Thread] DEBUG Input                - Registered new binding: Right - D
11:52:34.870 [JavaFX Application Thread] DEBUG Input                - Registered new binding: Jump - W
11:52:34.871 [JavaFX Application Thread] DEBUG Input                - Registered new binding: Screenshot - P
11:52:34.872 [JavaFX Application Thread] DEBUG Input                - Registered new binding: System info dump - CTRL+9
11:52:34.872 [JavaFX Application Thread] DEBUG Input                - Registered new binding: Restart - CTRL+R
11:52:34.872 [JavaFX Application Thread] DEBUG Engine               - generateDefaultProfile()
11:52:34.872 [JavaFX Application Thread] DEBUG Engine               - Creating default profile
11:52:34.872 [JavaFX Application Thread] DEBUG EventBus             - Firing event: SaveEvent
11:52:34.887 [JavaFX Application Thread] INFO  Engine               - FXGL initialization took: 0,753 sec
11:52:34.887 [JavaFX Application Thread] DEBUG LoopRunner           - Starting loop
11:52:34.902 [JavaFX Application Thread] DEBUG FXGLStartupScene     - STARTUP
11:52:34.902 [JavaFX Application Thread] DEBUG Engine               - Starting new game
11:52:34.908 [JavaFX Application Thread] DEBUG Input                - Clearing active input actions
11:52:34.909 [FXGL Background Thread 1 ] DEBUG InitAppTask          - Clearing previous game
11:52:34.909 [FXGL Background Thread 1 ] DEBUG GameWorld            - Clearing game world
11:52:34.909 [FXGL Background Thread 1 ] DEBUG PhysicsWorld         - Clearing physics world
11:52:34.909 [FXGL Background Thread 1 ] DEBUG GameScene            - Clearing game scene
11:52:34.909 [FXGL Background Thread 1 ] DEBUG InitAppTask          - Initializing Game
11:52:34.917 [FXGL Background Thread 1 ] DEBUG AssetLoader          - Loading from file system: /assets/levels/mapaX.tmx
11:52:34.921 [JavaFX Application Thread] DEBUG Engine               - Removing overlay from FXGLStartupScene and adding to LoadingScene
11:52:34.922 [JavaFX Application Thread] DEBUG MainWindow           - FXGLStartupScene -> LoadingScene
11:52:34.966 [JavaFX Application Thread] FATAL Engine               - Uncaught Exception:

Fatal exception occurred: java.lang.IllegalArgumentException : Asset "/assets/levels/mapaX.tmx" was not found!
E: com.almasb.fxgl.app.AssetLoader.getURL(AssetLoader.kt:419)
E: com.almasb.fxgl.app.AssetLoader.loadLevel(AssetLoader.kt:258)
E: com.almasb.fxgl.dsl.FXGL$Companion.setLevelFromMap(FXGL.kt:407)
E: com.almasb.fxgl.dsl.FXGL.setLevelFromMap(FXGL.kt)
E: dad.swordrunner.juego.RunnerApp.initGame(RunnerApp.java:77)
E: com.almasb.fxgl.app.LoadingScene$InitAppTask.initGame(LoadingScene.kt:137)
E: com.almasb.fxgl.app.LoadingScene$InitAppTask.call(LoadingScene.kt:106)
E: com.almasb.fxgl.app.LoadingScene$InitAppTask.call(LoadingScene.kt:94)
E: javafx.concurrent.Task$TaskCallable.call(Task.java:1425)
E: java.base/java.util.concurrent.FutureTask.run(FutureTask.java:264)
E: java.base/java.util.concurrent.Executors$RunnableAdapter.call(Executors.java:515)
E: java.base/java.util.concurrent.FutureTask.run(FutureTask.java:264)
E: java.base/java.util.concurrent.ThreadPoolExecutor.runWorker(ThreadPoolExecutor.java:1128)
E: java.base/java.util.concurrent.ThreadPoolExecutor$Worker.run(ThreadPoolExecutor.java:628)
E: java.base/java.lang.Thread.run(Thread.java:834)

11:52:34.967 [JavaFX Application Thread] FATAL Engine               - Application will now exit
11:52:34.967 [JavaFX Application Thread] DEBUG LoopRunner           - Stopping loop
11:52:38.097 [JavaFX Application Thread] DEBUG Engine               - Exiting FXGL
11:52:38.097 [JavaFX Application Thread] DEBUG Engine               - Shutting down background threads
11:52:38.098 [JavaFX Application Thread] DEBUG Engine               - Saving FXGL system data
11:52:38.100 [JavaFX Application Thread] DEBUG FSServiceImpl        - Writing to: D:\Users\fvarrui\GitHub\SwordRunner\system\fxgl.bundle
11:52:38.102 [JavaFX Application Thread] DEBUG Engine               - Closing logger and exiting JavaFX
