10:27:50.824 [main                     ] DEBUG GameApplication      - Logger initialized
10:27:50.870 [main                     ] DEBUG GameApplication      - Logging settings
Title: Untitled
Version: 0.0
Width: 1280
Height: 720
Fullscreen: false
Intro: false
Menus: false
Profiling: false
Single step:false
App Mode: DEVELOPER
Menu Key: ESCAPE
Stage Style: DECORATED
Scene Factory: class com.almasb.fxgl.app.SceneFactory
Dialog Factory: class com.almasb.fxgl.ui.FXGLDialogFactory
UI Factory: class com.almasb.fxgl.ui.FXGLUIFactory

10:27:51.525 [JavaFX Application Thread] DEBUG Engine               - Initializing FXGL
10:27:51.525 [JavaFX Application Thread] INFO  Engine               - FXGL-11.7 (05.01.2020 09.37) on WINDOWS (J:11.0.4 FX:11.0.1)
10:27:51.526 [JavaFX Application Thread] INFO  Engine               - Source code and latest versions at: https://github.com/AlmasB/FXGL
10:27:51.527 [JavaFX Application Thread] INFO  Engine               -              Join the FXGL chat at: https://gitter.im/AlmasB/FXGL
10:27:51.527 [JavaFX Application Thread] DEBUG Engine               - Initializing environment variables
10:27:51.532 [JavaFX Application Thread] DEBUG Engine               - Logging environment variables
10:27:51.533 [JavaFX Application Thread] DEBUG Engine               - achievements: []
10:27:51.533 [JavaFX Application Thread] DEBUG Engine               - sceneStack: com.almasb.fxgl.app.Engine@70a9b84e
10:27:51.533 [JavaFX Application Thread] DEBUG Engine               - isCloseConfirmation: false
10:27:51.534 [JavaFX Application Thread] DEBUG Engine               - language: ObjectProperty [value: ENGLISH]
10:27:51.534 [JavaFX Application Thread] DEBUG Engine               - isProfilingEnabled: false
10:27:51.534 [JavaFX Application Thread] DEBUG Engine               - soundNotification: core/notification.wav
10:27:51.535 [JavaFX Application Thread] DEBUG Engine               - devShowBBoxProperty: BooleanProperty [value: false]
10:27:51.537 [JavaFX Application Thread] DEBUG Engine               - pixelsPerMeter: 50.0
10:27:51.538 [JavaFX Application Thread] DEBUG Engine               - overlayRoot: Group@9885648
10:27:51.538 [JavaFX Application Thread] DEBUG Engine               - soundMenuBack: menu/back.wav
10:27:51.538 [JavaFX Application Thread] DEBUG Engine               - appIcon: fxgl_icon.png
10:27:51.539 [JavaFX Application Thread] DEBUG Engine               - isFullScreenAllowed: false
10:27:51.539 [JavaFX Application Thread] DEBUG Engine               - isIntroEnabled: false
10:27:51.539 [JavaFX Application Thread] DEBUG Engine               - eventBus: com.almasb.fxgl.event.EventBus@48cce01c
10:27:51.539 [JavaFX Application Thread] DEBUG Engine               - fontMono: lucida_console.ttf
10:27:51.540 [JavaFX Application Thread] DEBUG Engine               - soundMenuSelect: menu/select.wav
10:27:51.540 [JavaFX Application Thread] DEBUG Engine               - isWindows: true
10:27:51.540 [JavaFX Application Thread] DEBUG Engine               - isMobile: false
10:27:51.540 [JavaFX Application Thread] DEBUG Engine               - height: 720
10:27:51.541 [JavaFX Application Thread] DEBUG Engine               - isExperimentalNative: false
10:27:51.541 [JavaFX Application Thread] DEBUG Engine               - isSingleStep: false
10:27:51.541 [JavaFX Application Thread] DEBUG Engine               - cSSList: [fxgl_dark.css]
10:27:51.541 [JavaFX Application Thread] DEBUG Engine               - fontGame: Abel-Regular.ttf
10:27:51.541 [JavaFX Application Thread] DEBUG Engine               - menuKey: ESCAPE
10:27:51.542 [JavaFX Application Thread] DEBUG Engine               - devShowPositionProperty: BooleanProperty [value: false]
10:27:51.542 [JavaFX Application Thread] DEBUG Engine               - versionCheckDays: 7
10:27:51.542 [JavaFX Application Thread] DEBUG Engine               - masterTimer: com.almasb.fxgl.time.Timer@751a4a83
10:27:51.542 [JavaFX Application Thread] DEBUG Engine               - configClass: Optional.empty
10:27:51.542 [JavaFX Application Thread] DEBUG Engine               - isFullScreenFromStart: false
10:27:51.542 [JavaFX Application Thread] DEBUG Engine               - version: 0.0
10:27:51.543 [JavaFX Application Thread] DEBUG Engine               - fullScreen: BooleanProperty [value: false]
10:27:51.543 [JavaFX Application Thread] DEBUG Engine               - randomSeed: -1
10:27:51.543 [JavaFX Application Thread] DEBUG Engine               - dialogFactory: com.almasb.fxgl.ui.FXGLDialogFactory@1d0677f8
10:27:51.543 [JavaFX Application Thread] DEBUG Engine               - applicationMode: DEVELOPER
10:27:51.543 [JavaFX Application Thread] DEBUG Engine               - isMac: false
10:27:51.544 [JavaFX Application Thread] DEBUG Engine               - urlGoogleForms: https://goo.gl/forms/6wrMnOBxTE1fEpOy2
10:27:51.544 [JavaFX Application Thread] DEBUG Engine               - isMenuEnabled: false
10:27:51.544 [JavaFX Application Thread] DEBUG Engine               - profileName: user.profile
10:27:51.544 [JavaFX Application Thread] DEBUG Engine               - urlPOM: https://raw.githubusercontent.com/AlmasB/FXGL/master/pom.xml
10:27:51.544 [JavaFX Application Thread] DEBUG Engine               - notificationViewClass: class com.almasb.fxgl.notification.view.XboxNotificationView
10:27:51.545 [JavaFX Application Thread] DEBUG Engine               - devSensorColorProperty: ObjectProperty [value: 0xffff00ff]
10:27:51.545 [JavaFX Application Thread] DEBUG Engine               - sceneFactory: com.almasb.fxgl.app.SceneFactory@56774806
10:27:51.545 [JavaFX Application Thread] DEBUG Engine               - dataFileExt: .dat
10:27:51.545 [JavaFX Application Thread] DEBUG Engine               - stageStyle: DECORATED
10:27:51.546 [JavaFX Application Thread] DEBUG Engine               - isManualResizeEnabled: false
10:27:51.546 [JavaFX Application Thread] DEBUG Engine               - title: Untitled
10:27:51.546 [JavaFX Application Thread] DEBUG Engine               - platform: WINDOWS
10:27:51.546 [JavaFX Application Thread] DEBUG Engine               - devBBoxColorProperty: ObjectProperty [value: 0xff0000ff]
10:27:51.546 [JavaFX Application Thread] DEBUG Engine               - isDesktop: true
10:27:51.546 [JavaFX Application Thread] DEBUG Engine               - credits: []
10:27:51.547 [JavaFX Application Thread] DEBUG Engine               - globalMusicVolumeProperty: DoubleProperty [value: 0.5]
10:27:51.547 [JavaFX Application Thread] DEBUG Engine               - isPreserveResizeRatio: false
10:27:51.547 [JavaFX Application Thread] DEBUG Engine               - uIFactory: com.almasb.fxgl.ui.FXGLUIFactory@79949ed4
10:27:51.547 [JavaFX Application Thread] DEBUG Engine               - fontText: Courier-Prime.ttf
10:27:51.547 [JavaFX Application Thread] DEBUG Engine               - isExperimentalTiledLargeMap: false
10:27:51.548 [JavaFX Application Thread] DEBUG Engine               - secondsIn24h: 60
10:27:51.548 [JavaFX Application Thread] DEBUG Engine               - runtimeInfo: RuntimeInfo(platform=WINDOWS, version=11.7, build=05.01.2020 09.37)
10:27:51.548 [JavaFX Application Thread] DEBUG Engine               - isLinux: false
10:27:51.548 [JavaFX Application Thread] DEBUG Engine               - soundMenuPress: menu/press.wav
10:27:51.548 [JavaFX Application Thread] DEBUG Engine               - urlGithub: https://github.com/AlmasB/FXGL
10:27:51.548 [JavaFX Application Thread] DEBUG Engine               - profileDir: profiles/
10:27:51.549 [JavaFX Application Thread] DEBUG Engine               - isDeveloperMenuEnabled: false
10:27:51.549 [JavaFX Application Thread] DEBUG Engine               - globalSoundVolumeProperty: DoubleProperty [value: 0.5]
10:27:51.549 [JavaFX Application Thread] DEBUG Engine               - isBrowser: false
10:27:51.549 [JavaFX Application Thread] DEBUG Engine               - globalSoundVolume: 0.5
10:27:51.549 [JavaFX Application Thread] DEBUG Engine               - urlLeaderboard: http://fxgl-top.herokuapp.com/
10:27:51.549 [JavaFX Application Thread] DEBUG Engine               - saveDir: saves/
10:27:51.550 [JavaFX Application Thread] DEBUG Engine               - engineServices: [class com.almasb.fxgl.audio.AudioPlayer, class com.almasb.fxgl.notification.impl.NotificationServiceProvider, class com.almasb.fxgl.achievement.AchievementManager, class com.almasb.fxgl.cutscene.CutsceneService, class com.almasb.fxgl.minigames.MiniGameService]
10:27:51.550 [JavaFX Application Thread] DEBUG Engine               - globalMusicVolume: 0.5
10:27:51.550 [JavaFX Application Thread] DEBUG Engine               - width: 1280
10:27:51.550 [JavaFX Application Thread] DEBUG Engine               - saveFileExt: .sav
10:27:51.550 [JavaFX Application Thread] DEBUG Engine               - isAndroid: false
10:27:51.551 [JavaFX Application Thread] DEBUG Engine               - fontUI: VarelaRound-Regular.ttf
10:27:51.551 [JavaFX Application Thread] DEBUG Engine               - enabledMenuItems: []
10:27:51.551 [JavaFX Application Thread] DEBUG Engine               - isIOS: false
10:27:51.557 [JavaFX Application Thread] DEBUG Engine               - Adding new engine service: class com.almasb.fxgl.audio.AudioPlayer
10:27:51.560 [JavaFX Application Thread] DEBUG Engine               - Adding new engine service: class com.almasb.fxgl.notification.impl.NotificationServiceProvider
10:27:51.560 [JavaFX Application Thread] DEBUG Engine               - Adding new engine service: class com.almasb.fxgl.achievement.AchievementManager
10:27:51.563 [JavaFX Application Thread] DEBUG Engine               - Adding new engine service: class com.almasb.fxgl.cutscene.CutsceneService
10:27:51.564 [JavaFX Application Thread] DEBUG Engine               - Adding new engine service: class com.almasb.fxgl.minigames.MiniGameService
10:27:51.571 [JavaFX Application Thread] DEBUG Engine               - Loading localizations
10:27:51.577 [JavaFX Application Thread] DEBUG AssetLoader          - Loading from file system: /assets/properties/languages/english.properties
10:27:51.581 [JavaFX Application Thread] DEBUG AssetLoader          - Loading from file system: /assets/properties/languages/french.properties
10:27:51.584 [JavaFX Application Thread] DEBUG AssetLoader          - Loading from file system: /assets/properties/languages/german.properties
10:27:51.586 [JavaFX Application Thread] DEBUG AssetLoader          - Loading from file system: /assets/properties/languages/russian.properties
10:27:51.588 [JavaFX Application Thread] DEBUG AssetLoader          - Loading from file system: /assets/properties/languages/hungarian.properties
10:27:51.593 [JavaFX Application Thread] DEBUG Engine               - Registering font factories
10:27:51.595 [JavaFX Application Thread] DEBUG AssetLoader          - Loading from file system: /assets/ui/fonts/VarelaRound-Regular.ttf
10:27:51.918 [JavaFX Application Thread] DEBUG AssetLoader          - Loading from file system: /assets/ui/fonts/Abel-Regular.ttf
10:27:51.928 [JavaFX Application Thread] DEBUG AssetLoader          - Loading from file system: /assets/ui/fonts/lucida_console.ttf
10:27:51.941 [JavaFX Application Thread] DEBUG AssetLoader          - Loading from file system: /assets/ui/fonts/Courier-Prime.ttf
10:27:51.951 [JavaFX Application Thread] DEBUG Engine               - Setting UI factory
10:27:52.129 [JavaFX Application Thread] DEBUG AssetLoader          - Loading from file system: /assets/textures/fxgl_logo.png
10:27:52.228 [JavaFX Application Thread] DEBUG MainWindow           - Creating a JavaFX scene
10:27:52.346 [JavaFX Application Thread] DEBUG MainWindow           - Target settings size: 1280.0 x 720.0
10:27:52.346 [JavaFX Application Thread] DEBUG MainWindow           - Scaled scene size:    1280.0 x 720.0
10:27:52.346 [JavaFX Application Thread] DEBUG MainWindow           - Scaled ratio: (1.0, 1.0)
10:27:52.348 [JavaFX Application Thread] DEBUG MainWindow           - Set initial scene to FXGLStartupScene
10:27:52.362 [JavaFX Application Thread] DEBUG AssetLoader          - Loading from file system: /assets/textures/fxgl_icon.png
10:27:52.382 [JavaFX Application Thread] DEBUG Engine               - Applying CSS: fxgl_dark.css
10:27:52.383 [JavaFX Application Thread] DEBUG AssetLoader          - Loading from file system: /assets/ui/css/fxgl_dark.css
10:27:52.390 [JavaFX Application Thread] DEBUG AssetLoader          - Loading from file system: /assets/ui/cursors/fxgl_default.png
10:27:52.392 [JavaFX Application Thread] DEBUG MainWindow           - Opening main window
10:27:52.642 [JavaFX Application Thread] DEBUG MainWindow           - Window border size: (16.0, 39.0)
10:27:52.642 [JavaFX Application Thread] DEBUG MainWindow           - Scaled size: 1280.0 x 720.0
10:27:52.642 [JavaFX Application Thread] DEBUG MainWindow           - Scaled ratio: (1.0, 1.0)
10:27:52.642 [JavaFX Application Thread] DEBUG MainWindow           - Scene size: 1280.0 x 720.0
10:27:52.642 [JavaFX Application Thread] DEBUG MainWindow           - Stage size: 1296.0 x 759.0
10:27:52.660 [FXGL Background Thread 1 ] DEBUG FS                   - Loaded FSServiceImpl
10:27:52.661 [FXGL Background Thread 1 ] DEBUG Engine               - Loading FXGL system data
10:27:52.668 [FXGL Background Thread 1 ] DEBUG FSServiceImpl        - Reading from: D:\Users\Profesor\Desktop\eclipse-proyecto\FXGLGames\SwordRunner\system\fxgl.bundle
10:27:52.681 [FXGL Background Thread 1 ] DEBUG Engine               - Bundle FXGL: {}
10:27:52.681 [FXGL Background Thread 1 ] DEBUG Engine               - Initializing application scenes
10:27:52.741 [FXGL Background Thread 1 ] DEBUG GameWorld            - Game world initialized
10:27:52.832 [FXGL Background Thread 1 ] DEBUG PhysicsWorld         - Physics world initialized: appHeight=720, physics.ppm=50,0
10:27:52.837 [FXGL Background Thread 1 ] DEBUG GameScene            - Game scene initialized: 1280x720
10:27:52.888 [FXGL Background Thread 1 ] DEBUG Input                - Registered new binding: Resume - Esc
10:27:52.888 [FXGL Background Thread 1 ] DEBUG AssetLoader          - Loading from file system: /assets/textures/pause_menu_bg.png
10:27:52.927 [FXGL Background Thread 1 ] DEBUG Input                - Registered new binding: Pause - Esc
10:27:52.927 [FXGL Background Thread 1 ] DEBUG Engine               - Application scenes initialized
10:27:52.932 [JavaFX Application Thread] DEBUG Engine               - Running preInit()
10:27:52.932 [JavaFX Application Thread] DEBUG Input                - Registered new binding: Left - A
10:27:52.933 [JavaFX Application Thread] DEBUG Input                - Registered new binding: Right - D
10:27:52.933 [JavaFX Application Thread] DEBUG Input                - Registered new binding: Jump - W
10:27:52.934 [JavaFX Application Thread] DEBUG Input                - Registered new binding: Screenshot - P
10:27:52.935 [JavaFX Application Thread] DEBUG Input                - Registered new binding: System info dump - CTRL+9
10:27:52.935 [JavaFX Application Thread] DEBUG Input                - Registered new binding: Restart - CTRL+R
10:27:52.935 [JavaFX Application Thread] DEBUG Engine               - generateDefaultProfile()
10:27:52.935 [JavaFX Application Thread] DEBUG Engine               - Creating default profile
10:27:52.935 [JavaFX Application Thread] DEBUG EventBus             - Firing event: SaveEvent
10:27:52.950 [JavaFX Application Thread] INFO  Engine               - FXGL initialization took: 1,380 sec
10:27:52.951 [JavaFX Application Thread] DEBUG LoopRunner           - Starting loop
10:27:52.973 [JavaFX Application Thread] DEBUG FXGLStartupScene     - STARTUP
10:27:52.973 [JavaFX Application Thread] DEBUG Engine               - Starting new game
10:27:52.984 [JavaFX Application Thread] DEBUG Input                - Clearing active input actions
10:27:52.984 [FXGL Background Thread 1 ] DEBUG InitAppTask          - Clearing previous game
10:27:52.985 [FXGL Background Thread 1 ] DEBUG GameWorld            - Clearing game world
10:27:52.985 [FXGL Background Thread 1 ] DEBUG PhysicsWorld         - Clearing physics world
10:27:52.985 [FXGL Background Thread 1 ] DEBUG GameScene            - Clearing game scene
10:27:52.985 [FXGL Background Thread 1 ] DEBUG InitAppTask          - Initializing Game
10:27:52.997 [FXGL Background Thread 1 ] DEBUG AssetLoader          - Loading from file system: /assets/levels/mapa.tmx
10:27:53.004 [JavaFX Application Thread] DEBUG Engine               - Removing overlay from FXGLStartupScene and adding to LoadingScene
10:27:53.005 [JavaFX Application Thread] DEBUG MainWindow           - FXGLStartupScene -> LoadingScene
10:27:53.030 [FXGL Background Thread 1 ] WARN  TMXLevelLoader       - TiledMap generated from 1.3.2. Supported version: 1.2.3. Some features may not be parsed fully.
10:27:53.055 [FXGL Background Thread 1 ] DEBUG TMXLevelLoader       - Parsed raw map: TiledMap(width=15, height=10, tilewidth=70, tileheight=70, orientation=orthogonal, layers=[Layer(width=15, height=10, name=Capa de patrones 1, type=tilelayer, visible=false, x=0, y=0, data=[0, 0, 0, 0, 0, 0, 0, 0, 0, 0, 0, 0, 0, 0, 0, 0, 0, 0, 0, 0, 0, 0, 0, 0, 0, 0, 0, 0, 0, 0, 0, 0, 0, 0, 0, 0, 0, 0, 0, 0, 0, 0, 0, 0, 0, 0, 0, 0, 0, 0, 0, 0, 0, 0, 0, 0, 0, 0, 0, 0, 0, 0, 0, 0, 0, 0, 0, 0, 0, 0, 0, 0, 0, 0, 0, 0, 0, 0, 0, 0, 0, 0, 0, 0, 0, 0, 0, 0, 0, 0, 0, 0, 0, 0, 0, 0, 0, 0, 0, 0, 0, 0, 0, 0, 0, 0, 0, 0, 0, 0, 0, 0, 0, 0, 0, 0, 0, 0, 0, 0, 0, 0, 0, 0, 0, 0, 41, 0, 0, 0, 0, 0, 0, 0, 0, 129, 92, 92, 92, 92, 92, 92, 92, 92, 92, 92, 92, 92, 92, 105], objects=[], opacity=0.0, draworder=), Layer(width=0, height=0, name=Capa de Objetos 1, type=objectgroup, visible=false, x=0, y=0, data=[], objects=[com.almasb.fxgl.entity.level.tiled.TiledObject@66287d20, com.almasb.fxgl.entity.level.tiled.TiledObject@3ee15318], opacity=0.0, draworder=)], tilesets=[Tileset(firstgid=1, image=tiles_spritesheet.png, name=tiles_spritesheet, tilewidth=70, tileheight=70, imagewidth=914, imageheight=936, margin=0, spacing=2, columns=12, tilecount=156, transparentcolor=)], backgroundcolor=, renderorder=right-down, nextobjectid=6, version=1, tiledversion=1.3.2, type=map, infinite=false, properties={}, propertytypes={})
10:27:53.056 [FXGL Background Thread 1 ] DEBUG TMXLevelLoader       - Creating tile layer entities
10:27:53.057 [FXGL Background Thread 1 ] DEBUG TilesetLoader        - Loading view for layer Capa de patrones 1
10:27:53.061 [FXGL Background Thread 1 ] DEBUG TilesetLoader        - Created buffer with size 1050.0x700.0
10:27:53.062 [FXGL Background Thread 1 ] WARN  TMXLevelLoader       - Parse error Error: java.lang.IllegalArgumentException: file:/D:/Users/Profesor/Desktop/eclipse-proyecto/FXGLGames/SwordRunner/target/classes/assets/levels/tiles_spritesheet.png cannot be loaded
10:27:53.081 [JavaFX Application Thread] FATAL Engine               - Uncaught Exception:

Fatal exception occurred: com.almasb.fxgl.entity.level.LevelLoadingException : file:/D:/Users/Profesor/Desktop/eclipse-proyecto/FXGLGames/SwordRunner/target/classes/assets/levels/tiles_spritesheet.png cannot be loaded
E: com.almasb.fxgl.entity.level.tiled.TMXLevelLoader.load(TMXLevelLoader.kt:70)
E: com.almasb.fxgl.app.AssetLoader.loadLevel(AssetLoader.kt:258)
E: com.almasb.fxgl.dsl.FXGL$Companion.setLevelFromMap(FXGL.kt:407)
E: com.almasb.fxgl.dsl.FXGL.setLevelFromMap(FXGL.kt)
E: dad.swordrunner.juego.RunnerApp.initGame(RunnerApp.java:78)
E: com.almasb.fxgl.app.LoadingScene$InitAppTask.initGame(LoadingScene.kt:137)
E: com.almasb.fxgl.app.LoadingScene$InitAppTask.call(LoadingScene.kt:106)
E: com.almasb.fxgl.app.LoadingScene$InitAppTask.call(LoadingScene.kt:94)
E: javafx.concurrent.Task$TaskCallable.call(Task.java:1425)
E: java.base/java.util.concurrent.FutureTask.run(FutureTask.java:264)
E: java.base/java.util.concurrent.Executors$RunnableAdapter.call(Executors.java:515)
E: java.base/java.util.concurrent.FutureTask.run(FutureTask.java:264)
E: java.base/java.util.concurrent.ThreadPoolExecutor.runWorker(ThreadPoolExecutor.java:1128)
E: java.base/java.util.concurrent.ThreadPoolExecutor$Worker.run(ThreadPoolExecutor.java:628)
E: java.base/java.lang.Thread.run(Thread.java:834)

10:27:53.082 [JavaFX Application Thread] FATAL Engine               - Application will now exit
10:27:53.082 [JavaFX Application Thread] DEBUG LoopRunner           - Stopping loop
10:27:56.057 [JavaFX Application Thread] DEBUG Engine               - Exiting FXGL
10:27:56.057 [JavaFX Application Thread] DEBUG Engine               - Shutting down background threads
10:27:56.058 [JavaFX Application Thread] DEBUG Engine               - Saving FXGL system data
10:27:56.062 [JavaFX Application Thread] DEBUG FSServiceImpl        - Writing to: D:\Users\Profesor\Desktop\eclipse-proyecto\FXGLGames\SwordRunner\system\fxgl.bundle
10:27:56.066 [JavaFX Application Thread] DEBUG Engine               - Closing logger and exiting JavaFX
