11:58:18.553 [main                     ] DEBUG GameApplication      - Logger initialized
11:58:18.580 [main                     ] DEBUG GameApplication      - Logging settings
Title: Untitled
Version: 0.0
Width: 1280
Height: 720
Fullscreen: false
Intro: false
Menus: false
Profiling: false
Single step:false
App Mode: DEVELOPER
Menu Key: ESCAPE
Stage Style: DECORATED
Scene Factory: class com.almasb.fxgl.app.SceneFactory
Dialog Factory: class com.almasb.fxgl.ui.FXGLDialogFactory
UI Factory: class com.almasb.fxgl.ui.FXGLUIFactory

11:58:18.905 [JavaFX Application Thread] DEBUG Engine               - Initializing FXGL
11:58:18.905 [JavaFX Application Thread] INFO  Engine               - FXGL-11.7 (05.01.2020 09.37) on WINDOWS (J:11.0.4 FX:11.0.1)
11:58:18.905 [JavaFX Application Thread] INFO  Engine               - Source code and latest versions at: https://github.com/AlmasB/FXGL
11:58:18.905 [JavaFX Application Thread] INFO  Engine               -              Join the FXGL chat at: https://gitter.im/AlmasB/FXGL
11:58:18.906 [JavaFX Application Thread] DEBUG Engine               - Initializing environment variables
11:58:18.908 [JavaFX Application Thread] DEBUG Engine               - Logging environment variables
11:58:18.909 [JavaFX Application Thread] DEBUG Engine               - achievements: []
11:58:18.909 [JavaFX Application Thread] DEBUG Engine               - sceneStack: com.almasb.fxgl.app.Engine@438b36e5
11:58:18.909 [JavaFX Application Thread] DEBUG Engine               - language: ObjectProperty [value: ENGLISH]
11:58:18.909 [JavaFX Application Thread] DEBUG Engine               - isCloseConfirmation: false
11:58:18.909 [JavaFX Application Thread] DEBUG Engine               - isProfilingEnabled: false
11:58:18.909 [JavaFX Application Thread] DEBUG Engine               - soundNotification: core/notification.wav
11:58:18.910 [JavaFX Application Thread] DEBUG Engine               - devShowBBoxProperty: BooleanProperty [value: false]
11:58:18.911 [JavaFX Application Thread] DEBUG Engine               - pixelsPerMeter: 50.0
11:58:18.911 [JavaFX Application Thread] DEBUG Engine               - overlayRoot: Group@5e4a4f78
11:58:18.911 [JavaFX Application Thread] DEBUG Engine               - appIcon: fxgl_icon.png
11:58:18.911 [JavaFX Application Thread] DEBUG Engine               - soundMenuBack: menu/back.wav
11:58:18.911 [JavaFX Application Thread] DEBUG Engine               - isFullScreenAllowed: false
11:58:18.912 [JavaFX Application Thread] DEBUG Engine               - isIntroEnabled: false
11:58:18.912 [JavaFX Application Thread] DEBUG Engine               - eventBus: com.almasb.fxgl.event.EventBus@75eb49be
11:58:18.912 [JavaFX Application Thread] DEBUG Engine               - fontMono: lucida_console.ttf
11:58:18.912 [JavaFX Application Thread] DEBUG Engine               - soundMenuSelect: menu/select.wav
11:58:18.912 [JavaFX Application Thread] DEBUG Engine               - isWindows: true
11:58:18.912 [JavaFX Application Thread] DEBUG Engine               - isMobile: false
11:58:18.912 [JavaFX Application Thread] DEBUG Engine               - height: 720
11:58:18.913 [JavaFX Application Thread] DEBUG Engine               - isExperimentalNative: false
11:58:18.913 [JavaFX Application Thread] DEBUG Engine               - isSingleStep: false
11:58:18.913 [JavaFX Application Thread] DEBUG Engine               - cSSList: [fxgl_dark.css]
11:58:18.913 [JavaFX Application Thread] DEBUG Engine               - fontGame: Abel-Regular.ttf
11:58:18.913 [JavaFX Application Thread] DEBUG Engine               - menuKey: ESCAPE
11:58:18.913 [JavaFX Application Thread] DEBUG Engine               - devShowPositionProperty: BooleanProperty [value: false]
11:58:18.913 [JavaFX Application Thread] DEBUG Engine               - versionCheckDays: 7
11:58:18.913 [JavaFX Application Thread] DEBUG Engine               - masterTimer: com.almasb.fxgl.time.Timer@6f4d75f8
11:58:18.914 [JavaFX Application Thread] DEBUG Engine               - configClass: Optional.empty
11:58:18.914 [JavaFX Application Thread] DEBUG Engine               - isFullScreenFromStart: false
11:58:18.914 [JavaFX Application Thread] DEBUG Engine               - version: 0.0
11:58:18.914 [JavaFX Application Thread] DEBUG Engine               - fullScreen: BooleanProperty [value: false]
11:58:18.914 [JavaFX Application Thread] DEBUG Engine               - randomSeed: -1
11:58:18.914 [JavaFX Application Thread] DEBUG Engine               - dialogFactory: com.almasb.fxgl.ui.FXGLDialogFactory@79062ff0
11:58:18.914 [JavaFX Application Thread] DEBUG Engine               - applicationMode: DEVELOPER
11:58:18.914 [JavaFX Application Thread] DEBUG Engine               - isMac: false
11:58:18.914 [JavaFX Application Thread] DEBUG Engine               - urlGoogleForms: https://goo.gl/forms/6wrMnOBxTE1fEpOy2
11:58:18.915 [JavaFX Application Thread] DEBUG Engine               - isMenuEnabled: false
11:58:18.915 [JavaFX Application Thread] DEBUG Engine               - urlPOM: https://raw.githubusercontent.com/AlmasB/FXGL/master/pom.xml
11:58:18.915 [JavaFX Application Thread] DEBUG Engine               - profileName: user.profile
11:58:18.915 [JavaFX Application Thread] DEBUG Engine               - notificationViewClass: class com.almasb.fxgl.notification.view.XboxNotificationView
11:58:18.915 [JavaFX Application Thread] DEBUG Engine               - devSensorColorProperty: ObjectProperty [value: 0xffff00ff]
11:58:18.915 [JavaFX Application Thread] DEBUG Engine               - sceneFactory: com.almasb.fxgl.app.SceneFactory@75bb9e27
11:58:18.915 [JavaFX Application Thread] DEBUG Engine               - dataFileExt: .dat
11:58:18.915 [JavaFX Application Thread] DEBUG Engine               - stageStyle: DECORATED
11:58:18.915 [JavaFX Application Thread] DEBUG Engine               - isManualResizeEnabled: false
11:58:18.916 [JavaFX Application Thread] DEBUG Engine               - title: Untitled
11:58:18.916 [JavaFX Application Thread] DEBUG Engine               - platform: WINDOWS
11:58:18.916 [JavaFX Application Thread] DEBUG Engine               - devBBoxColorProperty: ObjectProperty [value: 0xff0000ff]
11:58:18.916 [JavaFX Application Thread] DEBUG Engine               - isDesktop: true
11:58:18.916 [JavaFX Application Thread] DEBUG Engine               - credits: []
11:58:18.916 [JavaFX Application Thread] DEBUG Engine               - globalMusicVolumeProperty: DoubleProperty [value: 0.5]
11:58:18.916 [JavaFX Application Thread] DEBUG Engine               - isPreserveResizeRatio: false
11:58:18.916 [JavaFX Application Thread] DEBUG Engine               - uIFactory: com.almasb.fxgl.ui.FXGLUIFactory@5ab29f97
11:58:18.916 [JavaFX Application Thread] DEBUG Engine               - fontText: Courier-Prime.ttf
11:58:18.917 [JavaFX Application Thread] DEBUG Engine               - isExperimentalTiledLargeMap: false
11:58:18.917 [JavaFX Application Thread] DEBUG Engine               - secondsIn24h: 60
11:58:18.917 [JavaFX Application Thread] DEBUG Engine               - runtimeInfo: RuntimeInfo(platform=WINDOWS, version=11.7, build=05.01.2020 09.37)
11:58:18.917 [JavaFX Application Thread] DEBUG Engine               - isLinux: false
11:58:18.917 [JavaFX Application Thread] DEBUG Engine               - soundMenuPress: menu/press.wav
11:58:18.917 [JavaFX Application Thread] DEBUG Engine               - urlGithub: https://github.com/AlmasB/FXGL
11:58:18.917 [JavaFX Application Thread] DEBUG Engine               - profileDir: profiles/
11:58:18.917 [JavaFX Application Thread] DEBUG Engine               - isDeveloperMenuEnabled: false
11:58:18.917 [JavaFX Application Thread] DEBUG Engine               - globalSoundVolumeProperty: DoubleProperty [value: 0.5]
11:58:18.917 [JavaFX Application Thread] DEBUG Engine               - isBrowser: false
11:58:18.918 [JavaFX Application Thread] DEBUG Engine               - urlLeaderboard: http://fxgl-top.herokuapp.com/
11:58:18.918 [JavaFX Application Thread] DEBUG Engine               - globalSoundVolume: 0.5
11:58:18.918 [JavaFX Application Thread] DEBUG Engine               - saveDir: saves/
11:58:18.918 [JavaFX Application Thread] DEBUG Engine               - engineServices: [class com.almasb.fxgl.audio.AudioPlayer, class com.almasb.fxgl.notification.impl.NotificationServiceProvider, class com.almasb.fxgl.achievement.AchievementManager, class com.almasb.fxgl.cutscene.CutsceneService, class com.almasb.fxgl.minigames.MiniGameService]
11:58:18.918 [JavaFX Application Thread] DEBUG Engine               - globalMusicVolume: 0.5
11:58:18.918 [JavaFX Application Thread] DEBUG Engine               - width: 1280
11:58:18.918 [JavaFX Application Thread] DEBUG Engine               - saveFileExt: .sav
11:58:18.918 [JavaFX Application Thread] DEBUG Engine               - isAndroid: false
11:58:18.918 [JavaFX Application Thread] DEBUG Engine               - fontUI: VarelaRound-Regular.ttf
11:58:18.919 [JavaFX Application Thread] DEBUG Engine               - enabledMenuItems: []
11:58:18.919 [JavaFX Application Thread] DEBUG Engine               - isIOS: false
11:58:18.921 [JavaFX Application Thread] DEBUG Engine               - Adding new engine service: class com.almasb.fxgl.audio.AudioPlayer
11:58:18.923 [JavaFX Application Thread] DEBUG Engine               - Adding new engine service: class com.almasb.fxgl.notification.impl.NotificationServiceProvider
11:58:18.923 [JavaFX Application Thread] DEBUG Engine               - Adding new engine service: class com.almasb.fxgl.achievement.AchievementManager
11:58:18.924 [JavaFX Application Thread] DEBUG Engine               - Adding new engine service: class com.almasb.fxgl.cutscene.CutsceneService
11:58:18.924 [JavaFX Application Thread] DEBUG Engine               - Adding new engine service: class com.almasb.fxgl.minigames.MiniGameService
11:58:18.927 [JavaFX Application Thread] DEBUG Engine               - Loading localizations
11:58:18.935 [JavaFX Application Thread] DEBUG AssetLoader          - Loading from file system: /assets/properties/languages/english.properties
11:58:18.938 [JavaFX Application Thread] DEBUG AssetLoader          - Loading from file system: /assets/properties/languages/french.properties
11:58:18.939 [JavaFX Application Thread] DEBUG AssetLoader          - Loading from file system: /assets/properties/languages/german.properties
11:58:18.940 [JavaFX Application Thread] DEBUG AssetLoader          - Loading from file system: /assets/properties/languages/russian.properties
11:58:18.942 [JavaFX Application Thread] DEBUG AssetLoader          - Loading from file system: /assets/properties/languages/hungarian.properties
11:58:18.944 [JavaFX Application Thread] DEBUG Engine               - Registering font factories
11:58:18.944 [JavaFX Application Thread] DEBUG AssetLoader          - Loading from file system: /assets/ui/fonts/VarelaRound-Regular.ttf
11:58:19.086 [JavaFX Application Thread] DEBUG AssetLoader          - Loading from file system: /assets/ui/fonts/Abel-Regular.ttf
11:58:19.095 [JavaFX Application Thread] DEBUG AssetLoader          - Loading from file system: /assets/ui/fonts/lucida_console.ttf
11:58:19.106 [JavaFX Application Thread] DEBUG AssetLoader          - Loading from file system: /assets/ui/fonts/Courier-Prime.ttf
11:58:19.115 [JavaFX Application Thread] DEBUG Engine               - Setting UI factory
11:58:19.201 [JavaFX Application Thread] DEBUG AssetLoader          - Loading from file system: /assets/textures/fxgl_logo.png
11:58:19.256 [JavaFX Application Thread] DEBUG MainWindow           - Creating a JavaFX scene
11:58:19.298 [JavaFX Application Thread] DEBUG MainWindow           - Target settings size: 1280.0 x 720.0
11:58:19.298 [JavaFX Application Thread] DEBUG MainWindow           - Scaled scene size:    1280.0 x 720.0
11:58:19.299 [JavaFX Application Thread] DEBUG MainWindow           - Scaled ratio: (1.0, 1.0)
11:58:19.300 [JavaFX Application Thread] DEBUG MainWindow           - Set initial scene to FXGLStartupScene
11:58:19.306 [JavaFX Application Thread] DEBUG AssetLoader          - Loading from file system: /assets/textures/fxgl_icon.png
11:58:19.320 [JavaFX Application Thread] DEBUG Engine               - Applying CSS: fxgl_dark.css
11:58:19.320 [JavaFX Application Thread] DEBUG AssetLoader          - Loading from file system: /assets/ui/css/fxgl_dark.css
11:58:19.323 [JavaFX Application Thread] DEBUG AssetLoader          - Loading from file system: /assets/ui/cursors/fxgl_default.png
11:58:19.324 [JavaFX Application Thread] DEBUG MainWindow           - Opening main window
11:58:19.454 [JavaFX Application Thread] DEBUG MainWindow           - Window border size: (16.0, 39.0)
11:58:19.454 [JavaFX Application Thread] DEBUG MainWindow           - Scaled size: 1280.0 x 720.0
11:58:19.454 [JavaFX Application Thread] DEBUG MainWindow           - Scaled ratio: (1.0, 1.0)
11:58:19.454 [JavaFX Application Thread] DEBUG MainWindow           - Scene size: 1280.0 x 720.0
11:58:19.454 [JavaFX Application Thread] DEBUG MainWindow           - Stage size: 1296.0 x 759.0
11:58:19.463 [FXGL Background Thread 1 ] DEBUG FS                   - Loaded FSServiceImpl
11:58:19.463 [FXGL Background Thread 1 ] DEBUG Engine               - Loading FXGL system data
11:58:19.473 [FXGL Background Thread 1 ] DEBUG FSServiceImpl        - Reading from: D:\Users\fvarrui\GitHub\SwordRunner\system\fxgl.bundle
11:58:19.489 [FXGL Background Thread 1 ] DEBUG Engine               - Bundle FXGL: {}
11:58:19.490 [FXGL Background Thread 1 ] DEBUG Engine               - Initializing application scenes
11:58:19.531 [FXGL Background Thread 1 ] DEBUG GameWorld            - Game world initialized
11:58:19.585 [FXGL Background Thread 1 ] DEBUG PhysicsWorld         - Physics world initialized: appHeight=720, physics.ppm=50,0
11:58:19.587 [FXGL Background Thread 1 ] DEBUG GameScene            - Game scene initialized: 1280x720
11:58:19.616 [FXGL Background Thread 1 ] DEBUG Input                - Registered new binding: Resume - Esc
11:58:19.617 [FXGL Background Thread 1 ] DEBUG AssetLoader          - Loading from file system: /assets/textures/pause_menu_bg.png
11:58:19.647 [FXGL Background Thread 1 ] DEBUG Input                - Registered new binding: Pause - Esc
11:58:19.648 [FXGL Background Thread 1 ] DEBUG Engine               - Application scenes initialized
11:58:19.651 [JavaFX Application Thread] DEBUG Engine               - Running preInit()
11:58:19.651 [JavaFX Application Thread] DEBUG Input                - Registered new binding: Left - A
11:58:19.651 [JavaFX Application Thread] DEBUG Input                - Registered new binding: Right - D
11:58:19.651 [JavaFX Application Thread] DEBUG Input                - Registered new binding: Jump - W
11:58:19.652 [JavaFX Application Thread] DEBUG Input                - Registered new binding: Screenshot - P
11:58:19.653 [JavaFX Application Thread] DEBUG Input                - Registered new binding: System info dump - CTRL+9
11:58:19.653 [JavaFX Application Thread] DEBUG Input                - Registered new binding: Restart - CTRL+R
11:58:19.653 [JavaFX Application Thread] DEBUG Engine               - generateDefaultProfile()
11:58:19.653 [JavaFX Application Thread] DEBUG Engine               - Creating default profile
11:58:19.654 [JavaFX Application Thread] DEBUG EventBus             - Firing event: SaveEvent
11:58:19.669 [JavaFX Application Thread] INFO  Engine               - FXGL initialization took: 0,741 sec
11:58:19.669 [JavaFX Application Thread] DEBUG LoopRunner           - Starting loop
11:58:19.679 [JavaFX Application Thread] DEBUG FXGLStartupScene     - STARTUP
11:58:19.679 [JavaFX Application Thread] DEBUG Engine               - Starting new game
11:58:19.687 [JavaFX Application Thread] DEBUG Input                - Clearing active input actions
11:58:19.687 [FXGL Background Thread 1 ] DEBUG InitAppTask          - Clearing previous game
11:58:19.687 [FXGL Background Thread 1 ] DEBUG GameWorld            - Clearing game world
11:58:19.688 [FXGL Background Thread 1 ] DEBUG PhysicsWorld         - Clearing physics world
11:58:19.688 [FXGL Background Thread 1 ] DEBUG GameScene            - Clearing game scene
11:58:19.688 [FXGL Background Thread 1 ] DEBUG InitAppTask          - Initializing Game
11:58:19.701 [FXGL Background Thread 1 ] DEBUG AssetLoader          - Loading from file system: /assets/levels/mapa.tmx
11:58:19.703 [JavaFX Application Thread] DEBUG Engine               - Removing overlay from FXGLStartupScene and adding to LoadingScene
11:58:19.704 [JavaFX Application Thread] DEBUG MainWindow           - FXGLStartupScene -> LoadingScene
11:58:19.727 [FXGL Background Thread 1 ] WARN  TMXLevelLoader       - TiledMap generated from 1.3.2. Supported version: 1.2.3. Some features may not be parsed fully.
11:58:19.739 [FXGL Background Thread 1 ] DEBUG TMXLevelLoader       - Parsed raw map: TiledMap(width=15, height=10, tilewidth=70, tileheight=70, orientation=orthogonal, layers=[Layer(width=15, height=10, name=Capa de patrones 1, type=tilelayer, visible=false, x=0, y=0, data=[0, 0, 0, 0, 0, 0, 0, 0, 0, 0, 0, 0, 0, 0, 0, 0, 0, 0, 0, 0, 0, 0, 0, 0, 0, 0, 0, 0, 0, 0, 0, 0, 0, 0, 0, 0, 0, 0, 0, 0, 0, 0, 0, 0, 0, 0, 0, 0, 0, 0, 0, 0, 0, 0, 0, 0, 0, 0, 0, 0, 0, 0, 0, 0, 0, 0, 0, 0, 0, 0, 0, 0, 0, 0, 0, 0, 0, 0, 0, 0, 0, 0, 0, 0, 0, 0, 0, 0, 0, 0, 0, 0, 0, 0, 0, 0, 0, 0, 0, 0, 0, 0, 0, 0, 0, 0, 0, 0, 0, 0, 0, 0, 0, 0, 0, 0, 0, 0, 0, 0, 0, 0, 0, 0, 0, 0, 41, 0, 0, 0, 0, 0, 0, 0, 0, 129, 92, 92, 92, 92, 92, 92, 92, 92, 92, 92, 92, 92, 92, 105], objects=[], opacity=0.0, draworder=), Layer(width=0, height=0, name=Capa de Objetos 1, type=objectgroup, visible=false, x=0, y=0, data=[], objects=[], opacity=0.0, draworder=)], tilesets=[Tileset(firstgid=1, image=tiles_spritesheet.png, name=tiles_spritesheet, tilewidth=70, tileheight=70, imagewidth=914, imageheight=936, margin=0, spacing=2, columns=12, tilecount=156, transparentcolor=)], backgroundcolor=, renderorder=right-down, nextobjectid=6, version=1, tiledversion=1.3.2, type=map, infinite=false, properties={}, propertytypes={})
11:58:19.740 [FXGL Background Thread 1 ] DEBUG TMXLevelLoader       - Creating tile layer entities
11:58:19.740 [FXGL Background Thread 1 ] DEBUG TilesetLoader        - Loading view for layer Capa de patrones 1
11:58:19.743 [FXGL Background Thread 1 ] DEBUG TilesetLoader        - Created buffer with size 1050.0x700.0
11:58:19.759 [FXGL Background Thread 1 ] DEBUG TilesetLoader        - Writing to buffer: dst=420,560, w=70,h=70, src=288,216
11:58:19.761 [FXGL Background Thread 1 ] DEBUG TilesetLoader        - Writing to buffer: dst=0,630, w=70,h=70, src=576,720
11:58:19.762 [FXGL Background Thread 1 ] DEBUG TilesetLoader        - Writing to buffer: dst=70,630, w=70,h=70, src=504,504
11:58:19.762 [FXGL Background Thread 1 ] DEBUG TilesetLoader        - Writing to buffer: dst=140,630, w=70,h=70, src=504,504
11:58:19.762 [FXGL Background Thread 1 ] DEBUG TilesetLoader        - Writing to buffer: dst=210,630, w=70,h=70, src=504,504
11:58:19.762 [FXGL Background Thread 1 ] DEBUG TilesetLoader        - Writing to buffer: dst=280,630, w=70,h=70, src=504,504
11:58:19.762 [FXGL Background Thread 1 ] DEBUG TilesetLoader        - Writing to buffer: dst=350,630, w=70,h=70, src=504,504
11:58:19.762 [FXGL Background Thread 1 ] DEBUG TilesetLoader        - Writing to buffer: dst=420,630, w=70,h=70, src=504,504
11:58:19.762 [FXGL Background Thread 1 ] DEBUG TilesetLoader        - Writing to buffer: dst=490,630, w=70,h=70, src=504,504
11:58:19.762 [FXGL Background Thread 1 ] DEBUG TilesetLoader        - Writing to buffer: dst=560,630, w=70,h=70, src=504,504
11:58:19.763 [FXGL Background Thread 1 ] DEBUG TilesetLoader        - Writing to buffer: dst=630,630, w=70,h=70, src=504,504
11:58:19.763 [FXGL Background Thread 1 ] DEBUG TilesetLoader        - Writing to buffer: dst=700,630, w=70,h=70, src=504,504
11:58:19.763 [FXGL Background Thread 1 ] DEBUG TilesetLoader        - Writing to buffer: dst=770,630, w=70,h=70, src=504,504
11:58:19.763 [FXGL Background Thread 1 ] DEBUG TilesetLoader        - Writing to buffer: dst=840,630, w=70,h=70, src=504,504
11:58:19.763 [FXGL Background Thread 1 ] DEBUG TilesetLoader        - Writing to buffer: dst=910,630, w=70,h=70, src=504,504
11:58:19.763 [FXGL Background Thread 1 ] DEBUG TilesetLoader        - Writing to buffer: dst=980,630, w=70,h=70, src=576,576
11:58:19.763 [FXGL Background Thread 1 ] DEBUG TMXLevelLoader       - Creating object layer entities
11:58:19.764 [FXGL Background Thread 1 ] DEBUG GameWorld            - Clearing removable entities
11:58:19.764 [FXGL Background Thread 1 ] DEBUG GameWorld            - Setting level: com.almasb.fxgl.entity.level.Level@5f4fa472
11:58:19.781 [FXGL Background Thread 1 ] DEBUG AssetLoader          - Loading from file system: /assets/textures/quieto.png
11:58:19.781 [FXGL Background Thread 1 ] WARN  AssetLoader          - Failed to load texture quieto.png Error: java.lang.IllegalArgumentException: Asset "/assets/textures/quieto.png" was not found!
11:58:19.835 [FXGL Background Thread 1 ] DEBUG AssetLoader          - Loading from file system: /assets/textures/correr.png
11:58:19.835 [FXGL Background Thread 1 ] WARN  AssetLoader          - Failed to load texture correr.png Error: java.lang.IllegalArgumentException: Asset "/assets/textures/correr.png" was not found!
11:58:19.859 [FXGL Background Thread 1 ] DEBUG InitAppTask          - Initializing Physics
11:58:19.859 [FXGL Background Thread 1 ] DEBUG InitAppTask          - Initializing UI
11:58:19.859 [FXGL Background Thread 1 ] DEBUG InitAppTask          - Initialization Complete
11:58:19.859 [FXGL Background Thread 1 ] INFO  InitAppTask          - Game initialization took: 0,172 sec
11:58:19.864 [JavaFX Application Thread] DEBUG Input                - Clearing active input actions
11:58:19.875 [JavaFX Application Thread] DEBUG Engine               - Removing overlay from LoadingScene and adding to GameScene
11:58:19.875 [JavaFX Application Thread] DEBUG MainWindow           - LoadingScene -> GameScene
11:58:29.222 [JavaFX Application Thread] DEBUG Engine               - Exiting FXGL
11:58:29.222 [JavaFX Application Thread] DEBUG Engine               - Shutting down background threads
11:58:29.222 [JavaFX Application Thread] DEBUG Engine               - Saving FXGL system data
11:58:29.225 [JavaFX Application Thread] DEBUG FSServiceImpl        - Writing to: D:\Users\fvarrui\GitHub\SwordRunner\system\fxgl.bundle
11:58:29.227 [JavaFX Application Thread] DEBUG Engine               - Closing logger and exiting JavaFX
